Log file open, 04/25/17 16:38:59
LogInit:Display: Running engine for game: LaserPuzzle
LogPlatformFile: Not using cached read wrapper
LogInit:Display: RandInit(-1961074235) SRandInit(-1961074234).
LogTaskGraph: Started task graph with 5 named threads and 10 total threads with 1 sets of task threads.
LogStats: Stats thread started at 0.094983
LogInit: Using libcurl 7.47.1
LogInit:  - built for x86_64-pc-win32
LogInit:  - supports SSL with OpenSSL/1.0.2g
LogInit:  - supports HTTP deflate (compression) using libz 1.2.8
LogInit:  - other features:
LogInit:      CURL_VERSION_SSL
LogInit:      CURL_VERSION_LIBZ
LogInit:      CURL_VERSION_IPV6
LogInit:      CURL_VERSION_ASYNCHDNS
LogInit:      CURL_VERSION_LARGEFILE
LogInit:      CURL_VERSION_IDN
LogInit:  CurlRequestOptions (configurable via config and command line):
LogInit:  - bVerifyPeer = false  - Libcurl will NOT verify peer certificate
LogInit:  - bUseHttpProxy = false  - Libcurl will NOT use HTTP proxy
LogInit:  - bDontReuseConnections = false  - Libcurl will reuse connections
LogInit:  - CertBundlePath = nullptr  - Libcurl will use whatever was configured at build time.
LogInit: Build: ++UE4+Release-4.15-CL-3348071
LogInit: Engine Version: 4.15.1-3348071+++UE4+Release-4.15
LogInit: Compatible Engine Version: 4.15.0-3299760+++UE4+Release-4.15
LogInit: Net CL: 3299760
LogDevObjectVersion: Number of dev versions registered: 14
LogDevObjectVersion:   Dev-Blueprints (B0D832E4-1F89-4F0D-ACCF-7EB736FD4AA2): 8
LogDevObjectVersion:   Dev-Build (E1C64328-A22C-4D53-A36C-8E866417BD8C): 0
LogDevObjectVersion:   Dev-Core (375EC13C-06E4-48FB-B500-84F0262A717E): 2
LogDevObjectVersion:   Dev-Editor (E4B068ED-F494-42E9-A231-DA0B2E46BB41): 14
LogDevObjectVersion:   Dev-Framework (CFFC743F-43B0-4480-9391-14DF171D2073): 22
LogDevObjectVersion:   Dev-Mobile (B02B49B5-BB20-44E9-A304-32B752E40360): 0
LogDevObjectVersion:   Dev-Networking (A4E4105C-59A1-49B5-A7C5-40C4547EDFEE): 0
LogDevObjectVersion:   Dev-Online (39C831C9-5AE6-47DC-9A44-9C173E1C8E7C): 0
LogDevObjectVersion:   Dev-Physics (78F01B33-EBEA-4F98-B9B4-84EACCB95AA2): 0
LogDevObjectVersion:   Dev-Platform (6631380F-2D4D-43E0-8009-CF276956A95A): 0
LogDevObjectVersion:   Dev-Rendering (12F88B9F-8875-4AFC-A67C-D90C383ABD29): 12
LogDevObjectVersion:   Dev-Sequencer (7B5AE74C-D270-4C10-A958-57980B212A5A): 3
LogDevObjectVersion:   Dev-VR (D7296918-1DD6-4BDD-9DE2-64A83CC13884): 0
LogDevObjectVersion:   Dev-LoadTimes (C2A15278-BFE7-4AFE-6C17-90FF531DF755): 1
LogInit: Compiled (64-bit): Mar 15 2017 16:52:47
LogInit: Compiled with Visual C++: 19.00.23026.00
LogInit: Build Configuration: Development
LogInit: Branch Name: ++UE4+Release-4.15
LogInit: Command line:  
LogInit: Base directory: D:/Program Files/Epic Games/UE_4.15/Engine/Binaries/Win64/
LogInit: Installed Engine Build: 1
LogInit: Presizing for max 8388607 objects, including 0 objects not considered by GC, pre-allocating 0 bytes for permanent pool.
LogInit: Object subsystem initialized
[2017.04.25-20.39.00:686][  0]LogInit: Selected Device Profile: [Windows]
[2017.04.25-20.39.00:686][  0]LogInit: Applying CVar settings loaded from the selected device profile: [Windows]
[2017.04.25-20.39.00:696][  0]LogInit: Computer: SEAGULLDESKTOP
[2017.04.25-20.39.00:696][  0]LogInit: User: Seagull
[2017.04.25-20.39.00:696][  0]LogInit: CPU Page size=65536, Cores=6
[2017.04.25-20.39.00:696][  0]LogInit: High frequency timer resolution =3.319349 MHz
[2017.04.25-20.39.00:697][  0]LogMemory: Memory total: Physical=31.9GB (32GB approx)
[2017.04.25-20.39.00:697][  0]LogMemory: Platform Memory Stats for Windows
[2017.04.25-20.39.00:697][  0]LogMemory: Process Physical Memory: 263.38 MB used, 263.38 MB peak
[2017.04.25-20.39.00:697][  0]LogMemory: Process Virtual Memory: 260.21 MB used, 260.21 MB peak
[2017.04.25-20.39.00:697][  0]LogMemory: Physical Memory: 7120.58 MB used,  25567.83 MB free, 32688.41 MB total
[2017.04.25-20.39.00:697][  0]LogMemory: Virtual Memory: 644.55 MB used,  25567.83 MB free, 134217728.00 MB total
[2017.04.25-20.39.00:759][  0]LogTextLocalizationManager: No specific translations for ('en-US') exist, so ('en') translations will be used.
[2017.04.25-20.39.01:405][  0]LogD3D11RHI: D3D11 adapters:
[2017.04.25-20.39.02:031][  0]LogD3D11RHI:    0. 'NVIDIA GeForce GTX 1080' (Feature Level 11_0)
[2017.04.25-20.39.02:031][  0]LogD3D11RHI:       8144/0/16344 MB DedicatedVideo/DedicatedSystem/SharedSystem, Outputs:1, VendorId:0x10de
[2017.04.25-20.39.02:033][  0]LogD3D11RHI:    1. 'Microsoft Basic Render Driver' (Feature Level 11_0)
[2017.04.25-20.39.02:033][  0]LogD3D11RHI:       0/0/16344 MB DedicatedVideo/DedicatedSystem/SharedSystem, Outputs:0, VendorId:0x1414
[2017.04.25-20.39.02:033][  0]LogD3D11RHI: Chosen D3D11 Adapter: 0
[2017.04.25-20.39.02:037][  0]LogD3D11RHI: Creating new Direct3DDevice
[2017.04.25-20.39.02:037][  0]LogD3D11RHI:     GPU DeviceId: 0x1b80 (for the marketing name, search the web for "GPU Device Id")
[2017.04.25-20.39.02:037][  0]LogWindows: EnumDisplayDevices:
[2017.04.25-20.39.02:037][  0]LogWindows:    0. 'NVIDIA GeForce GTX 1080' (P:1 D:1)
[2017.04.25-20.39.02:037][  0]LogWindows:    1. 'NVIDIA GeForce GTX 1080' (P:0 D:0)
[2017.04.25-20.39.02:037][  0]LogWindows:    2. 'NVIDIA GeForce GTX 1080' (P:0 D:0)
[2017.04.25-20.39.02:037][  0]LogWindows:    3. 'NVIDIA GeForce GTX 1080' (P:0 D:0)
[2017.04.25-20.39.02:037][  0]LogWindows: DebugString: FoundDriverCount:4 
[2017.04.25-20.39.02:037][  0]LogD3D11RHI:     Adapter Name: NVIDIA GeForce GTX 1080
[2017.04.25-20.39.02:037][  0]LogD3D11RHI:   Driver Version: 376.53 (internal:21.21.13.7653, unified:376.53)
[2017.04.25-20.39.02:037][  0]LogD3D11RHI:      Driver Date: 12-29-2016
[2017.04.25-20.39.02:037][  0]LogRHI: Texture pool is 1361 MB (70% of 1945 MB)
[2017.04.25-20.39.02:660][  0]LogD3D11RHI: Async texture creation enabled
[2017.04.25-20.39.02:692][  0]LogD3D11RHI: GPU Timing Frequency: 1000.000000 (Debug: 2 1)
[2017.04.25-20.39.02:734][  0]LogShaderCompilers: Guid format shader working directory is 3 characters bigger than the processId version (../../../../../../LazerPuzzle_Game/GameFiles/Intermediate/Shaders/WorkingDirectory/15432/).
[2017.04.25-20.39.02:734][  0]LogShaderCompilers: Cleaned the shader compiler working directory 'C:/Users/Seagull/AppData/Local/Temp/UnrealShaderWorkingDir/957F6B5F4EB6FD9D6FBCD7ACF0EB7D17/'.
[2017.04.25-20.39.02:734][  0]LogShaderCompilers:Display: Using Local Shader Compiler.
[2017.04.25-20.39.03:733][  0]LogTemp:Display: Loaded TP AllDesktopTargetPlatform
[2017.04.25-20.39.03:779][  0]LogTemp:Display: Loaded TP MacClientTargetPlatform
[2017.04.25-20.39.03:825][  0]LogTemp:Display: Loaded TP MacNoEditorTargetPlatform
[2017.04.25-20.39.03:870][  0]LogTemp:Display: Loaded TP MacServerTargetPlatform
[2017.04.25-20.39.03:916][  0]LogTemp:Display: Loaded TP MacTargetPlatform
[2017.04.25-20.39.03:962][  0]LogTemp:Display: Loaded TP WindowsClientTargetPlatform
[2017.04.25-20.39.04:009][  0]LogTemp:Display: Loaded TP WindowsNoEditorTargetPlatform
[2017.04.25-20.39.04:055][  0]LogTemp:Display: Loaded TP WindowsServerTargetPlatform
[2017.04.25-20.39.04:091][  0]LogTemp:Display: Loaded TP WindowsTargetPlatform
[2017.04.25-20.39.04:134][  0]LogTemp:Display: Loaded TP AndroidTargetPlatform
[2017.04.25-20.39.04:178][  0]LogTemp:Display: Loaded TP Android_ASTCTargetPlatform
[2017.04.25-20.39.04:222][  0]LogTemp:Display: Loaded TP Android_ATCTargetPlatform
[2017.04.25-20.39.04:265][  0]LogTemp:Display: Loaded TP Android_DXTTargetPlatform
[2017.04.25-20.39.04:308][  0]LogTemp:Display: Loaded TP Android_ETC1TargetPlatform
[2017.04.25-20.39.04:352][  0]LogTemp:Display: Loaded TP Android_ETC2TargetPlatform
[2017.04.25-20.39.04:441][  0]LogTemp:Display: Loaded TP Android_MultiTargetPlatform
[2017.04.25-20.39.04:441][  0]LogTemp:Display: Loaded TP Android_PVRTCTargetPlatform
[2017.04.25-20.39.04:470][  0]LogTemp:Display: Loaded TP HTML5TargetPlatform
[2017.04.25-20.39.04:552][  0]LogTemp:Display: Loaded TP IOSTargetPlatform
[2017.04.25-20.39.04:580][  0]LogTemp:Display: Loaded TP TVOSTargetPlatform
[2017.04.25-20.39.04:624][  0]LogTemp:Display: Loaded TP LinuxClientTargetPlatform
[2017.04.25-20.39.04:669][  0]LogTemp:Display: Loaded TP LinuxNoEditorTargetPlatform
[2017.04.25-20.39.04:714][  0]LogTemp:Display: Loaded TP LinuxServerTargetPlatform
[2017.04.25-20.39.04:759][  0]LogTemp:Display: Loaded TP LinuxTargetPlatform
[2017.04.25-20.39.04:759][  0]LogTargetPlatformManager:Display: Building Assets For Windows
[2017.04.25-20.39.05:076][  0]LogDerivedDataCache:Display: Max Cache Size: 512 MB
[2017.04.25-20.39.05:129][  0]LogDerivedDataCache: Loaded boot cache 0.05s 50MB C:/Users/Seagull/AppData/Local/UnrealEngine/4.15/DerivedDataCache/Boot.ddc.
[2017.04.25-20.39.05:129][  0]LogDerivedDataCache:Display: Loaded Boot cache: C:/Users/Seagull/AppData/Local/UnrealEngine/4.15/DerivedDataCache/Boot.ddc
[2017.04.25-20.39.05:130][  0]LogDerivedDataCache: FDerivedDataBackendGraph:  Pak pak cache file ../../../../../../LazerPuzzle_Game/GameFiles/DerivedDataCache/DDC.ddp not found, will not use a pak cache.
[2017.04.25-20.39.05:130][  0]LogDerivedDataCache: Unable to find inner node Pak for hierarchical cache Hierarchy.
[2017.04.25-20.39.05:130][  0]LogDerivedDataCache: FDerivedDataBackendGraph:  CompressedPak pak cache file ../../../../../../LazerPuzzle_Game/GameFiles/DerivedDataCache/Compressed.ddp not found, will not use a pak cache.
[2017.04.25-20.39.05:130][  0]LogDerivedDataCache: Unable to find inner node CompressedPak for hierarchical cache Hierarchy.
[2017.04.25-20.39.05:147][  0]LogDerivedDataCache:Display: Pak cache opened for reading ../../../Engine/DerivedDataCache/Compressed.ddp.
[2017.04.25-20.39.05:159][  0]LogDerivedDataCache: Using Local data cache path C:/Users/Seagull/AppData/Local/UnrealEngine/Common/DerivedDataCache: Writable
[2017.04.25-20.39.05:168][  0]LogSlate: Using Freetype 2.6.0
[2017.04.25-20.39.05:169][  0]LogSlate: SlateFontCache - WITH_FREETYPE: 1, WITH_HARFBUZZ: 1
[2017.04.25-20.39.05:169][  0]LogSlate: SlateFontCache - WITH_FREETYPE: 1, WITH_HARFBUZZ: 1
[2017.04.25-20.39.05:426][  0]LogInit: Selected Device Profile: [Windows]
[2017.04.25-20.39.05:428][  0]LogContentStreaming: Texture pool size is 0.00 MB
[2017.04.25-20.39.05:605][  0]LogMeshUtilities: Using QuadricMeshReduction for automatic static mesh reduction
[2017.04.25-20.39.05:637][  0]LogSimplygon: Simplygon DLL not present - disabling.
[2017.04.25-20.39.05:675][  0]LogMeshUtilities: Using SimplygonSwarm for distributed automatic mesh merging
[2017.04.25-20.39.05:675][  0]LogMeshUtilities: No automatic skeletal mesh reduction module available
[2017.04.25-20.39.05:675][  0]LogMeshUtilities: No automatic mesh merging module available
[2017.04.25-20.39.06:141][  0]LogNetVersion: GetLocalNetworkVersion: CL: 3299760, ProjectName: laserpuzzle, ProjectVersion: , EngineNetworkVersion: 2, GameNetworkVersion: 0, NetworkChecksum: 640879885
[2017.04.25-20.39.06:180][  0]LogAssetRegistry: FAssetRegistry took 0.0224 seconds to start up
[2017.04.25-20.39.06:221][  0]LogPackageLocalizationCache: Processed 3 localized package path(s) for 2 prioritized culture(s) in 0.026434 seconds
[2017.04.25-20.39.06:226][  0]LogUObjectArray: 32493 objects as part of root set at end of initial load.
[2017.04.25-20.39.06:226][  0]LogUObjectAllocator: 7077032 out of 0 bytes used by permanent object pool.
[2017.04.25-20.39.06:226][  0]LogUObjectArray: CloseDisregardForGC: 0/0 objects in disregard for GC pool
[2017.04.25-20.39.06:269][  0]LogInit: WinSock: version 1.1 (2.2), MaxSocks=32767, MaxUdp=65467
[2017.04.25-20.39.07:752][  0]LogTcpMessaging: Initializing TcpMessaging bridge
[2017.04.25-20.39.07:786][  0]LogUdpMessaging: Initializing bridge on interface 0.0.0.0:0 to multicast group 230.0.0.1:6666.
[2017.04.25-20.39.08:177][  0]LogMaterial: Uniform references updated for custom material expression Custom.
[2017.04.25-20.39.08:494][  0]SourceControl: Info Source control is disabled
[2017.04.25-20.39.08:524][  0]SourceControl: Info Source control is disabled
[2017.04.25-20.39.08:564][  0]SourceControl: Info Source control is disabled
[2017.04.25-20.39.08:604][  0]SourceControl: Info Source control is disabled
[2017.04.25-20.39.09:619][  0]LogEngine: Initializing Engine...
[2017.04.25-20.39.09:643][  0]LogHMD: SteamVR initialized.  Driver: lighthouse  Display: LHR-C9D57CBE
[2017.04.25-20.39.09:901][  0]LogAIModule: Creating AISystem for world Untitled
[2017.04.25-20.39.09:937][  0]LogInit: XAudio2 using 'Headphones (High Definition Audio Device)' : 2 channels at 48 kHz using 16 bits per sample (channel mask 0x3)
[2017.04.25-20.39.09:973][  0]LogInit: FAudioDevice initialized.
[2017.04.25-20.39.10:000][  0]LogDerivedDataCache: Saved boot cache 0.03s 50MB C:/Users/Seagull/AppData/Local/UnrealEngine/4.15/DerivedDataCache/Boot.ddc.
[2017.04.25-20.39.10:007][  0]LogInit: Texture streaming: Enabled
[2017.04.25-20.39.10:083][  0]LogEngineSessionManager: EngineSessionManager initialized
[2017.04.25-20.39.10:152][  0]LogInit: Transaction tracking system initialized
[2017.04.25-20.39.10:420][  0]BlueprintLog: New page: Editor Load
[2017.04.25-20.39.11:095][  0]LocalizationService: Info Localization service is disabled
[2017.04.25-20.39.11:617][  0]LogConsoleResponse:Display: 
[2017.04.25-20.39.11:725][  0]LogCook:Display: Max memory allowance for cook 16384mb min free memory 0mb
[2017.04.25-20.39.11:725][  0]LogCook:Display: Mobile HDR setting 1
[2017.04.25-20.39.11:766][  0]LogFileCache: Scanning file cache for directory 'D:/LazerPuzzle_Game/GameFiles/Content/' took 0.01s
[2017.04.25-20.39.12:554][  0]SourceControl: Info Source control is disabled
[2017.04.25-20.39.12:554][  0]Cmd: MAP LOAD FILE="../../../../../../LazerPuzzle_Game/GameFiles/Content/StarterContent/Maps/Minimal_Default.umap" TEMPLATE=0 SHOWPROGRESS=1 FEATURELEVEL=3
[2017.04.25-20.39.12:555][  0]LightingResults: New page: Lighting Build
[2017.04.25-20.39.12:585][  0]MapCheck: New page: Map Check
[2017.04.25-20.39.12:585][  0]LightingResults: New page: Lighting Build
[2017.04.25-20.39.12:997][  0]LogAIModule: Creating AISystem for world Minimal_Default
[2017.04.25-20.39.13:022][  0]LogEditorServer: Finished looking for orphan Actors (0.001 secs)
[2017.04.25-20.39.13:022][  0]Cmd: MAP CHECKDEP NOCLEARLOG
[2017.04.25-20.39.13:071][  0]MapCheck: Info Map check complete: 0 Error(s), 0 Warning(s), took 49.018ms to complete.
[2017.04.25-20.39.13:071][  0]LogFileHelpers: Loading map 'Minimal_Default' took 0.517
[2017.04.25-20.39.13:220][  0]LogCollectionManager: Loaded 0 collections in 0.001069 seconds
[2017.04.25-20.39.13:293][  0]LogFileCache: Scanning file cache for directory 'D:/LazerPuzzle_Game/GameFiles/Saved/Collections/' took 0.01s
[2017.04.25-20.39.13:293][  0]LogFileCache: Scanning file cache for directory 'D:/LazerPuzzle_Game/GameFiles/Content/Developers/Seagull/Collections/' took 0.01s
[2017.04.25-20.39.13:293][  0]LogFileCache: Scanning file cache for directory 'D:/LazerPuzzle_Game/GameFiles/Content/Collections/' took 0.01s
[2017.04.25-20.39.13:293][  0]LogCollectionManager: Rebuilt the GUID cache for 0 collections in 0.000001 seconds
[2017.04.25-20.39.13:302][  0]LogContentBrowser: Native class hierarchy populated in 0.0084 seconds. Added 2245 classes and 453 folders.
[2017.04.25-20.39.13:305][  0]LogStats: UGameplayTagsManager::ConstructGameplayTagTree: Construct from data asset -  0.000 s
[2017.04.25-20.39.13:305][  0]LogStats: UGameplayTagsManager::ConstructGameplayTagTree: GameplayTagTreeChangedEvent.Broadcast -  0.000 s
[2017.04.25-20.39.13:351][  0]LogContentBrowser: Native class hierarchy updated for 'WidgetCarousel' in 0.0006 seconds. Added 0 classes and 0 folders.
[2017.04.25-20.39.13:404][  0]LogContentBrowser: Native class hierarchy updated for 'AddContentDialog' in 0.0007 seconds. Added 0 classes and 0 folders.
[2017.04.25-20.39.13:439][  0]LogContentBrowser: Native class hierarchy updated for 'SceneOutliner' in 0.0007 seconds. Added 1 classes and 2 folders.
[2017.04.25-20.39.13:551][  0]LogContentBrowser: Native class hierarchy updated for 'WorldBrowser' in 0.0007 seconds. Added 1 classes and 3 folders.
[2017.04.25-20.39.13:572][  0]LogCrashTracker: Crashtracker disabled due to settings.
[2017.04.25-20.39.13:581][  0]LogUObjectGlobals:Warning: Failed to find object 'Class None.'
[2017.04.25-20.39.13:638][  0]LogContentBrowser: Native class hierarchy updated for 'HierarchicalLODOutliner' in 0.0007 seconds. Added 1 classes and 2 folders.
[2017.04.25-20.39.13:638][  0]LogLoad: (Engine Initialization) Total time: 14.84 seconds
[2017.04.25-20.39.13:638][  0]LogLoad: (Engine Initialization) Total Blueprint compile time: 0.14 seconds
[2017.04.25-20.39.13:638][  0]LogExternalProfiler: Found external profiler: VSPerf
[2017.04.25-20.39.13:638][  0]LogExternalProfiler: Using external profiler: VSPerf
[2017.04.25-20.39.13:977][  0]LogOcInput: OculusInput pre-init called
[2017.04.25-20.39.13:998][  0]LogContentStreaming: Texture pool size now 1000 MB
[2017.04.25-20.39.14:000][  0]LogSlate: Took 0.000342 seconds to synchronously load lazily loaded font '../../../Engine/Content/Slate/Fonts/Roboto-Regular.ttf' (155K)
[2017.04.25-20.39.14:003][  0]LogSlate: Took 0.000291 seconds to synchronously load lazily loaded font '../../../Engine/Content/Slate/Fonts/Roboto-Bold.ttf' (160K)
[2017.04.25-20.39.14:008][  0]LogSlate: Took 0.000230 seconds to synchronously load lazily loaded font '../../../Engine/Content/Editor/Slate/Fonts/FontAwesome.ttf' (139K)
[2017.04.25-20.39.14:157][  0]LogRenderer: Reallocating scene render targets to support 1616x816 NumSamples 1 (Frame:2).
[2017.04.25-20.39.14:326][  1]LogAssetRegistry: Asset discovery search completed in 8.1686 seconds
[2017.04.25-20.39.14:326][  1]LogCollectionManager: Rebuilt the object cache for 0 collections in 0.000005 seconds (found 0 objects)
[2017.04.25-20.39.14:326][  1]LogCollectionManager: Fixed up redirectors for 0 collections in 0.000049 seconds (updated 0 objects)
[2017.04.25-20.39.24:532][391]LogTemp: Repeting last play command: Simulate
[2017.04.25-20.39.24:544][391]LogBlueprintUserMessages: Early PlayInEditor Detection: Level '/Game/StarterContent/Maps/Minimal_Default.Minimal_Default:PersistentLevel' has LevelScriptBlueprint '/Game/StarterContent/Maps/Minimal_Default.Minimal_Default:PersistentLevel.Minimal_Default' with GeneratedClass '/Game/StarterContent/Maps/Minimal_Default.Minimal_Default_C' with ClassGeneratedBy '/Game/StarterContent/Maps/Minimal_Default.Minimal_Default:PersistentLevel.Minimal_Default'
[2017.04.25-20.39.24:544][391]LogPlayLevel: PlayLevel: No blueprints needed recompiling
[2017.04.25-20.39.24:544][391]PIE: New page: SIE session: Minimal_Default (Apr 25, 2017, 12:39:24 PM)
[2017.04.25-20.39.24:544][391]LogPlayLevel: Creating play world package: /Game/StarterContent/Maps/UEDPIE_0_Minimal_Default
[2017.04.25-20.39.24:550][391]LogPlayLevel: PIE: StaticDuplicateObject took: (0.005724s)
[2017.04.25-20.39.24:551][391]LogAIModule: Creating AISystem for world Minimal_Default
[2017.04.25-20.39.24:551][391]LogPlayLevel: PIE: World Init took: (0.000910s)
[2017.04.25-20.39.24:551][391]LogPlayLevel: PIE: Created PIE world by copying editor world from /Game/StarterContent/Maps/Minimal_Default.Minimal_Default to /Game/StarterContent/Maps/UEDPIE_0_Minimal_Default.Minimal_Default (0.006877s)
[2017.04.25-20.39.24:591][391]LogInit: XAudio2 using 'Headphones (High Definition Audio Device)' : 2 channels at 48 kHz using 16 bits per sample (channel mask 0x3)
[2017.04.25-20.39.24:599][391]LogInit: FAudioDevice initialized.
[2017.04.25-20.39.24:644][391]LogLoad: Game class is 'GameModeBase'
[2017.04.25-20.39.24:647][391]LogWorld: Bringing World /Game/StarterContent/Maps/UEDPIE_0_Minimal_Default.Minimal_Default up for play (max tick rate 0) at 2017.04.25-16.39.24
[2017.04.25-20.39.24:647][391]LogWorld: Bringing up level for play took: 0.001475
[2017.04.25-20.39.24:647][391]LogGameMode: FindPlayerStart: PATHS NOT DEFINED or NO PLAYERSTART with positive rating
[2017.04.25-20.39.24:681][391]LogContentBrowser: Native class hierarchy updated for 'MovieSceneCapture' in 0.0007 seconds. Added 11 classes and 0 folders.
[2017.04.25-20.39.24:682][391]PIE: Info Play in editor start time for /Game/StarterContent/Maps/UEDPIE_0_Minimal_Default 0.551
[2017.04.25-20.39.24:687][391]LogBlueprintUserMessages: Late PlayInEditor Detection: Level '/Game/StarterContent/Maps/Minimal_Default.Minimal_Default:PersistentLevel' has LevelScriptBlueprint '/Game/StarterContent/Maps/Minimal_Default.Minimal_Default:PersistentLevel.Minimal_Default' with GeneratedClass '/Game/StarterContent/Maps/Minimal_Default.Minimal_Default_C' with ClassGeneratedBy '/Game/StarterContent/Maps/Minimal_Default.Minimal_Default:PersistentLevel.Minimal_Default'
[2017.04.25-20.39.24:687][391]LogScript:Warning: Accessed None trying to read property Lazer_Side_A
	BP_Prism_C /Game/StarterContent/Maps/UEDPIE_0_Minimal_Default.Minimal_Default:PersistentLevel.BP_Prism_932
	Function /Game/Blueprints/BP_Prism.BP_Prism_C:ExecuteUbergraph_BP_Prism:07E0
[2017.04.25-20.39.24:687][391]PIE:Error: Error Blueprint Runtime Error: Accessed None trying to read property Lazer_Side_A from function: 'ExecuteUbergraph_BP_Prism' from node: DestroyActor in graph: EventGraph in object: BP_Prism with description: Accessed None trying to read property Lazer_Side_A
[2017.04.25-20.39.24:687][391]LogScript:Warning: Accessed None trying to read property Lazer_Side_B
	BP_Prism_C /Game/StarterContent/Maps/UEDPIE_0_Minimal_Default.Minimal_Default:PersistentLevel.BP_Prism_932
	Function /Game/Blueprints/BP_Prism.BP_Prism_C:ExecuteUbergraph_BP_Prism:080B
[2017.04.25-20.39.24:687][391]PIE:Error: Error Blueprint Runtime Error: Accessed None trying to read property Lazer_Side_B from function: 'ExecuteUbergraph_BP_Prism' from node: DestroyActor in graph: EventGraph in object: BP_Prism with description: Accessed None trying to read property Lazer_Side_B
[2017.04.25-20.39.26:686][626]LogBlueprintUserMessages: Early EndPlayMap Detection: Level '/Game/StarterContent/Maps/Minimal_Default.Minimal_Default:PersistentLevel' has LevelScriptBlueprint '/Game/StarterContent/Maps/Minimal_Default.Minimal_Default:PersistentLevel.Minimal_Default' with GeneratedClass '/Game/StarterContent/Maps/Minimal_Default.Minimal_Default_C' with ClassGeneratedBy '/Game/StarterContent/Maps/Minimal_Default.Minimal_Default:PersistentLevel.Minimal_Default'
[2017.04.25-20.39.26:724][626]LogBlueprintUserMessages: Late EndPlayMap Detection: Level '/Game/StarterContent/Maps/Minimal_Default.Minimal_Default:PersistentLevel' has LevelScriptBlueprint '/Game/StarterContent/Maps/Minimal_Default.Minimal_Default:PersistentLevel.Minimal_Default' with GeneratedClass '/Game/StarterContent/Maps/Minimal_Default.Minimal_Default_C' with ClassGeneratedBy '/Game/StarterContent/Maps/Minimal_Default.Minimal_Default:PersistentLevel.Minimal_Default'
[2017.04.25-20.39.41:414][378]LogSlate: Took 0.000280 seconds to synchronously load lazily loaded font '../../../Engine/Content/Slate/Fonts/Roboto-Light.ttf' (159K)
[2017.04.25-20.39.41:825][378]LogContentBrowser: Native class hierarchy updated for 'BlueprintGraph' in 0.0010 seconds. Added 112 classes and 0 folders.
[2017.04.25-20.39.42:379][378]LogSlate: Took 0.000262 seconds to synchronously load lazily loaded font '../../../Engine/Content/Slate/Fonts/Roboto-Regular.ttf' (155K)
[2017.04.25-20.39.42:450][378]LogSlate: Took 0.000288 seconds to synchronously load lazily loaded font '../../../Engine/Content/Editor/Slate/Fonts/Roboto-BoldCondensed.ttf' (158K)
[2017.04.25-20.39.42:647][379]LogSlate: Took 0.000347 seconds to synchronously load lazily loaded font '../../../Engine/Content/Editor/Slate/Fonts/Roboto-Italic.ttf' (157K)
[2017.04.25-20.40.00:053][546]Cmd: OBJ SAVEPACKAGE PACKAGE="/Game/Blueprints/BP_Prism" FILE="../../../../../../LazerPuzzle_Game/GameFiles/Content/Blueprints/BP_Prism.uasset" SILENT=true
[2017.04.25-20.40.00:104][546]LogSavePackage: Save=46.64ms
[2017.04.25-20.40.00:105][546]LogSavePackage: Moving '../../../../../../LazerPuzzle_Game/GameFiles/Saved/BP_Prism6D76303946174EE99C8CAA9883121C5E.tmp' to '../../../../../../LazerPuzzle_Game/GameFiles/Content/Blueprints/BP_Prism.uasset'
[2017.04.25-20.40.00:106][546]LogSavePackage:Display: Finished SavePackage ../../../../../../LazerPuzzle_Game/GameFiles/Content/Blueprints/BP_Prism.uasset
[2017.04.25-20.40.06:550][ 80]LogTemp: Repeting last play command: Simulate
[2017.04.25-20.40.06:563][ 80]LogBlueprintUserMessages: Early PlayInEditor Detection: Level '/Game/StarterContent/Maps/Minimal_Default.Minimal_Default:PersistentLevel' has LevelScriptBlueprint '/Game/StarterContent/Maps/Minimal_Default.Minimal_Default:PersistentLevel.Minimal_Default' with GeneratedClass '/Game/StarterContent/Maps/Minimal_Default.Minimal_Default_C' with ClassGeneratedBy '/Game/StarterContent/Maps/Minimal_Default.Minimal_Default:PersistentLevel.Minimal_Default'
[2017.04.25-20.40.06:563][ 80]LogPlayLevel: PlayLevel: No blueprints needed recompiling
[2017.04.25-20.40.06:563][ 80]PIE: New page: SIE session: Minimal_Default (Apr 25, 2017, 12:40:06 PM)
[2017.04.25-20.40.06:563][ 80]LogPlayLevel: Creating play world package: /Game/StarterContent/Maps/UEDPIE_0_Minimal_Default
[2017.04.25-20.40.06:569][ 80]LogPlayLevel: PIE: StaticDuplicateObject took: (0.005504s)
[2017.04.25-20.40.06:569][ 80]LogAIModule: Creating AISystem for world Minimal_Default
[2017.04.25-20.40.06:570][ 80]LogPlayLevel: PIE: World Init took: (0.000846s)
[2017.04.25-20.40.06:570][ 80]LogPlayLevel: PIE: Created PIE world by copying editor world from /Game/StarterContent/Maps/Minimal_Default.Minimal_Default to /Game/StarterContent/Maps/UEDPIE_0_Minimal_Default.Minimal_Default (0.006636s)
[2017.04.25-20.40.06:616][ 80]LogInit: XAudio2 using 'Headphones (High Definition Audio Device)' : 2 channels at 48 kHz using 16 bits per sample (channel mask 0x3)
[2017.04.25-20.40.06:624][ 80]LogInit: FAudioDevice initialized.
[2017.04.25-20.40.06:656][ 80]LogLoad: Game class is 'GameModeBase'
[2017.04.25-20.40.06:658][ 80]LogWorld: Bringing World /Game/StarterContent/Maps/UEDPIE_0_Minimal_Default.Minimal_Default up for play (max tick rate 0) at 2017.04.25-16.40.06
[2017.04.25-20.40.06:658][ 80]LogWorld: Bringing up level for play took: 0.001147
[2017.04.25-20.40.06:658][ 80]LogGameMode: FindPlayerStart: PATHS NOT DEFINED or NO PLAYERSTART with positive rating
[2017.04.25-20.40.06:659][ 80]PIE: Info Play in editor start time for /Game/StarterContent/Maps/UEDPIE_0_Minimal_Default 0.529
[2017.04.25-20.40.06:662][ 80]LogBlueprintUserMessages: Late PlayInEditor Detection: Level '/Game/StarterContent/Maps/Minimal_Default.Minimal_Default:PersistentLevel' has LevelScriptBlueprint '/Game/StarterContent/Maps/Minimal_Default.Minimal_Default:PersistentLevel.Minimal_Default' with GeneratedClass '/Game/StarterContent/Maps/Minimal_Default.Minimal_Default_C' with ClassGeneratedBy '/Game/StarterContent/Maps/Minimal_Default.Minimal_Default:PersistentLevel.Minimal_Default'
[2017.04.25-20.40.06:662][ 80]LogScript:Warning: Accessed None trying to read property Lazer_Side_A
	BP_Prism_C /Game/StarterContent/Maps/UEDPIE_0_Minimal_Default.Minimal_Default:PersistentLevel.BP_Prism_932
	Function /Game/Blueprints/BP_Prism.BP_Prism_C:ExecuteUbergraph_BP_Prism:07E0
[2017.04.25-20.40.06:662][ 80]PIE:Error: Error Blueprint Runtime Error: Accessed None trying to read property Lazer_Side_A from function: 'ExecuteUbergraph_BP_Prism' from node: DestroyActor in graph: EventGraph in object: BP_Prism with description: Accessed None trying to read property Lazer_Side_A
[2017.04.25-20.40.06:662][ 80]LogScript:Warning: Accessed None trying to read property Lazer_Side_B
	BP_Prism_C /Game/StarterContent/Maps/UEDPIE_0_Minimal_Default.Minimal_Default:PersistentLevel.BP_Prism_932
	Function /Game/Blueprints/BP_Prism.BP_Prism_C:ExecuteUbergraph_BP_Prism:080B
[2017.04.25-20.40.06:662][ 80]PIE:Error: Error Blueprint Runtime Error: Accessed None trying to read property Lazer_Side_B from function: 'ExecuteUbergraph_BP_Prism' from node: DestroyActor in graph: EventGraph in object: BP_Prism with description: Accessed None trying to read property Lazer_Side_B
[2017.04.25-20.40.09:170][330]LogBlueprintUserMessages: Early EndPlayMap Detection: Level '/Game/StarterContent/Maps/Minimal_Default.Minimal_Default:PersistentLevel' has LevelScriptBlueprint '/Game/StarterContent/Maps/Minimal_Default.Minimal_Default:PersistentLevel.Minimal_Default' with GeneratedClass '/Game/StarterContent/Maps/Minimal_Default.Minimal_Default_C' with ClassGeneratedBy '/Game/StarterContent/Maps/Minimal_Default.Minimal_Default:PersistentLevel.Minimal_Default'
[2017.04.25-20.40.09:214][330]LogBlueprintUserMessages: Late EndPlayMap Detection: Level '/Game/StarterContent/Maps/Minimal_Default.Minimal_Default:PersistentLevel' has LevelScriptBlueprint '/Game/StarterContent/Maps/Minimal_Default.Minimal_Default:PersistentLevel.Minimal_Default' with GeneratedClass '/Game/StarterContent/Maps/Minimal_Default.Minimal_Default_C' with ClassGeneratedBy '/Game/StarterContent/Maps/Minimal_Default.Minimal_Default:PersistentLevel.Minimal_Default'
[2017.04.25-20.40.34:884][418]BlueprintLog: New page: Compile BP_Prism
[2017.04.25-20.40.35:798][480]Cmd: OBJ SAVEPACKAGE PACKAGE="/Game/Blueprints/BP_Prism" FILE="../../../../../../LazerPuzzle_Game/GameFiles/Content/Blueprints/BP_Prism.uasset" SILENT=true
[2017.04.25-20.40.35:831][480]LogSavePackage: Save=28.87ms
[2017.04.25-20.40.35:832][480]LogSavePackage: Moving '../../../../../../LazerPuzzle_Game/GameFiles/Saved/BP_Prism548322D5473FCA692CAA929473D509DD.tmp' to '../../../../../../LazerPuzzle_Game/GameFiles/Content/Blueprints/BP_Prism.uasset'
[2017.04.25-20.40.35:835][480]LogSavePackage:Display: Finished SavePackage ../../../../../../LazerPuzzle_Game/GameFiles/Content/Blueprints/BP_Prism.uasset
[2017.04.25-20.40.43:821][389]BlueprintLog: New page: Compile BP_Prism
[2017.04.25-20.40.44:582][434]Cmd: OBJ SAVEPACKAGE PACKAGE="/Game/Blueprints/BP_Prism" FILE="../../../../../../LazerPuzzle_Game/GameFiles/Content/Blueprints/BP_Prism.uasset" SILENT=true
[2017.04.25-20.40.44:612][434]LogSavePackage: Save=25.67ms
[2017.04.25-20.40.44:612][434]LogSavePackage: Moving '../../../../../../LazerPuzzle_Game/GameFiles/Saved/BP_Prism8EE527824D690697FB83F98F69419951.tmp' to '../../../../../../LazerPuzzle_Game/GameFiles/Content/Blueprints/BP_Prism.uasset'
[2017.04.25-20.40.44:615][434]LogSavePackage:Display: Finished SavePackage ../../../../../../LazerPuzzle_Game/GameFiles/Content/Blueprints/BP_Prism.uasset
[2017.04.25-20.41.38:958][623]BlueprintLog: New page: Compile BP_Prism
[2017.04.25-20.41.39:703][658]Cmd: OBJ SAVEPACKAGE PACKAGE="/Game/Blueprints/BP_Prism" FILE="../../../../../../LazerPuzzle_Game/GameFiles/Content/Blueprints/BP_Prism.uasset" SILENT=true
[2017.04.25-20.41.39:734][658]LogSavePackage: Save=27.49ms
[2017.04.25-20.41.39:734][658]LogSavePackage: Moving '../../../../../../LazerPuzzle_Game/GameFiles/Saved/BP_PrismC99BDBA74630C7E0F6B24BA2EF1C12A4.tmp' to '../../../../../../LazerPuzzle_Game/GameFiles/Content/Blueprints/BP_Prism.uasset'
[2017.04.25-20.41.39:738][658]LogSavePackage:Display: Finished SavePackage ../../../../../../LazerPuzzle_Game/GameFiles/Content/Blueprints/BP_Prism.uasset
[2017.04.25-20.42.00:346][954]BlueprintLog: New page: Compile BP_Prism
[2017.04.25-20.42.00:819][980]LogRenderer: Reallocating scene render targets to support 1616x1272 NumSamples 1 (Frame:12573).
[2017.04.25-20.43.09:446][696]LogEditorTransaction: Undo Modify Component(s)
[2017.04.25-20.43.09:494][696]LogSlate: Took 0.000293 seconds to synchronously load lazily loaded font '../../../Engine/Content/Slate/Fonts/Roboto-Light.ttf' (159K)
[2017.04.25-20.43.29:770][435]BlueprintLog: New page: Compile BP_Prism
[2017.04.25-20.43.36:646][ 12]BlueprintLog: New page: Compile BP_Prism
[2017.04.25-20.43.42:994][554]BlueprintLog: New page: Compile BP_Prism
[2017.04.25-20.43.51:530][302]BlueprintLog: New page: Compile BP_Prism
[2017.04.25-20.43.52:063][334]Cmd: OBJ SAVEPACKAGE PACKAGE="/Game/Blueprints/BP_Prism" FILE="../../../../../../LazerPuzzle_Game/GameFiles/Content/Blueprints/BP_Prism.uasset" SILENT=true
[2017.04.25-20.43.52:099][334]LogSavePackage: Save=27.42ms
[2017.04.25-20.43.52:099][334]LogSavePackage: Moving '../../../../../../LazerPuzzle_Game/GameFiles/Saved/BP_PrismA0FA169E4735978B7183C7AD3886AFDB.tmp' to '../../../../../../LazerPuzzle_Game/GameFiles/Content/Blueprints/BP_Prism.uasset'
[2017.04.25-20.43.52:102][334]LogSavePackage:Display: Finished SavePackage ../../../../../../LazerPuzzle_Game/GameFiles/Content/Blueprints/BP_Prism.uasset
[2017.04.25-20.43.54:057][530]Cmd: OBJ SAVEPACKAGE PACKAGE="/Game/Blueprints/BP_Prism" FILE="../../../../../../LazerPuzzle_Game/GameFiles/Content/Blueprints/BP_Prism.uasset" SILENT=true
[2017.04.25-20.43.54:082][530]LogSavePackage: Save=20.68ms
[2017.04.25-20.43.54:082][530]LogSavePackage: Moving '../../../../../../LazerPuzzle_Game/GameFiles/Saved/BP_PrismF6012A9E49ACDEC4C62CB6A162CD52FE.tmp' to '../../../../../../LazerPuzzle_Game/GameFiles/Content/Blueprints/BP_Prism.uasset'
[2017.04.25-20.43.54:083][530]LogSavePackage:Display: Finished SavePackage ../../../../../../LazerPuzzle_Game/GameFiles/Content/Blueprints/BP_Prism.uasset
[2017.04.25-20.44.22:053][210]Cmd: OBJ SAVEPACKAGE PACKAGE="/Game/Blueprints/BP_Prism" FILE="../../../../../../LazerPuzzle_Game/GameFiles/Content/Blueprints/BP_Prism.uasset" SILENT=true
[2017.04.25-20.44.22:079][210]LogSavePackage: Save=21.22ms
[2017.04.25-20.44.22:079][210]LogSavePackage: Moving '../../../../../../LazerPuzzle_Game/GameFiles/Saved/BP_PrismEDC922F74D80F4675B5276825638E6CD.tmp' to '../../../../../../LazerPuzzle_Game/GameFiles/Content/Blueprints/BP_Prism.uasset'
[2017.04.25-20.44.22:080][210]LogSavePackage:Display: Finished SavePackage ../../../../../../LazerPuzzle_Game/GameFiles/Content/Blueprints/BP_Prism.uasset
[2017.04.25-20.44.30:790][888]LogTemp: Repeting last play command: Simulate
[2017.04.25-20.44.30:804][888]LogBlueprintUserMessages: Early PlayInEditor Detection: Level '/Game/StarterContent/Maps/Minimal_Default.Minimal_Default:PersistentLevel' has LevelScriptBlueprint '/Game/StarterContent/Maps/Minimal_Default.Minimal_Default:PersistentLevel.Minimal_Default' with GeneratedClass '/Game/StarterContent/Maps/Minimal_Default.Minimal_Default_C' with ClassGeneratedBy '/Game/StarterContent/Maps/Minimal_Default.Minimal_Default:PersistentLevel.Minimal_Default'
[2017.04.25-20.44.30:804][888]LogPlayLevel: PlayLevel: No blueprints needed recompiling
[2017.04.25-20.44.30:804][888]PIE: New page: SIE session: Minimal_Default (Apr 25, 2017, 12:44:30 PM)
[2017.04.25-20.44.30:805][888]LogPlayLevel: Creating play world package: /Game/StarterContent/Maps/UEDPIE_0_Minimal_Default
[2017.04.25-20.44.30:810][888]LogPlayLevel: PIE: StaticDuplicateObject took: (0.005178s)
[2017.04.25-20.44.30:811][888]LogAIModule: Creating AISystem for world Minimal_Default
[2017.04.25-20.44.30:811][888]LogPlayLevel: PIE: World Init took: (0.001028s)
[2017.04.25-20.44.30:811][888]LogPlayLevel: PIE: Created PIE world by copying editor world from /Game/StarterContent/Maps/Minimal_Default.Minimal_Default to /Game/StarterContent/Maps/UEDPIE_0_Minimal_Default.Minimal_Default (0.006504s)
[2017.04.25-20.44.30:854][888]LogInit: XAudio2 using 'Headphones (High Definition Audio Device)' : 2 channels at 48 kHz using 16 bits per sample (channel mask 0x3)
[2017.04.25-20.44.30:863][888]LogInit: FAudioDevice initialized.
[2017.04.25-20.44.30:895][888]LogLoad: Game class is 'GameModeBase'
[2017.04.25-20.44.30:943][888]LogWorld: Bringing World /Game/StarterContent/Maps/UEDPIE_0_Minimal_Default.Minimal_Default up for play (max tick rate 0) at 2017.04.25-16.44.30
[2017.04.25-20.44.30:944][888]LogWorld: Bringing up level for play took: 0.047606
[2017.04.25-20.44.30:944][888]LogGameMode: FindPlayerStart: PATHS NOT DEFINED or NO PLAYERSTART with positive rating
[2017.04.25-20.44.30:945][888]PIE: Info Play in editor start time for /Game/StarterContent/Maps/UEDPIE_0_Minimal_Default 0.814
[2017.04.25-20.44.30:948][888]LogBlueprintUserMessages: Late PlayInEditor Detection: Level '/Game/StarterContent/Maps/Minimal_Default.Minimal_Default:PersistentLevel' has LevelScriptBlueprint '/Game/StarterContent/Maps/Minimal_Default.Minimal_Default:PersistentLevel.Minimal_Default' with GeneratedClass '/Game/StarterContent/Maps/Minimal_Default.Minimal_Default_C' with ClassGeneratedBy '/Game/StarterContent/Maps/Minimal_Default.Minimal_Default:PersistentLevel.Minimal_Default'
[2017.04.25-20.44.36:116][338]LogEditorViewport: Clicking on Actor (LMB): BP_Lazer_C (BP_FixLazer)
[2017.04.25-20.44.39:287][570]LogEditorViewport: Clicking on Actor (LMB): StaticMeshActor (Floor_400x400)
[2017.04.25-20.44.41:369][732]LogEditorViewport: Clicking on Actor (LMB): StaticMeshActor (Floor_400x402)
[2017.04.25-20.44.45:316][ 62]PIE:Warning: Warning Mobility of Floor_400x402 : StaticMeshComponent0 has to be 'Movable' if you'd like to move. 
[2017.04.25-20.44.45:316][ 62]PIE:Warning: Warning Mobility of Floor_400x402 : StaticMeshComponent0 has to be 'Movable' if you'd like to move. 
[2017.04.25-20.44.45:316][ 62]PIE:Warning: Warning Mobility of Floor_400x402 : StaticMeshComponent0 has to be 'Movable' if you'd like to move. 
[2017.04.25-20.44.45:316][ 62]PIE:Warning: Warning Mobility of Floor_400x402 : StaticMeshComponent0 has to be 'Movable' if you'd like to move. 
[2017.04.25-20.44.45:316][ 62]PIE:Warning: Warning Mobility of Floor_400x402 : StaticMeshComponent0 has to be 'Movable' if you'd like to move. 
[2017.04.25-20.44.45:332][ 63]PIE:Warning: Warning Mobility of Floor_400x402 : StaticMeshComponent0 has to be 'Movable' if you'd like to move. 
[2017.04.25-20.44.45:332][ 63]PIE:Warning: Warning Mobility of Floor_400x402 : StaticMeshComponent0 has to be 'Movable' if you'd like to move. 
[2017.04.25-20.44.45:332][ 63]PIE:Warning: Warning Mobility of Floor_400x402 : StaticMeshComponent0 has to be 'Movable' if you'd like to move. 
[2017.04.25-20.44.45:332][ 63]PIE:Warning: Warning Mobility of Floor_400x402 : StaticMeshComponent0 has to be 'Movable' if you'd like to move. 
[2017.04.25-20.44.45:332][ 63]PIE:Warning: Warning Mobility of Floor_400x402 : StaticMeshComponent0 has to be 'Movable' if you'd like to move. 
[2017.04.25-20.44.45:348][ 64]PIE:Warning: Warning Mobility of Floor_400x402 : StaticMeshComponent0 has to be 'Movable' if you'd like to move. 
[2017.04.25-20.44.45:348][ 64]PIE:Warning: Warning Mobility of Floor_400x402 : StaticMeshComponent0 has to be 'Movable' if you'd like to move. 
[2017.04.25-20.44.45:348][ 64]PIE:Warning: Warning Mobility of Floor_400x402 : StaticMeshComponent0 has to be 'Movable' if you'd like to move. 
[2017.04.25-20.44.45:348][ 64]PIE:Warning: Warning Mobility of Floor_400x402 : StaticMeshComponent0 has to be 'Movable' if you'd like to move. 
[2017.04.25-20.44.45:348][ 64]PIE:Warning: Warning Mobility of Floor_400x402 : StaticMeshComponent0 has to be 'Movable' if you'd like to move. 
[2017.04.25-20.44.45:364][ 65]PIE:Warning: Warning Mobility of Floor_400x402 : StaticMeshComponent0 has to be 'Movable' if you'd like to move. 
[2017.04.25-20.44.45:364][ 65]PIE:Warning: Warning Mobility of Floor_400x402 : StaticMeshComponent0 has to be 'Movable' if you'd like to move. 
[2017.04.25-20.44.45:365][ 65]PIE:Warning: Warning Mobility of Floor_400x402 : StaticMeshComponent0 has to be 'Movable' if you'd like to move. 
[2017.04.25-20.44.45:365][ 65]PIE:Warning: Warning Mobility of Floor_400x402 : StaticMeshComponent0 has to be 'Movable' if you'd like to move. 
[2017.04.25-20.44.45:365][ 65]PIE:Warning: Warning Mobility of Floor_400x402 : StaticMeshComponent0 has to be 'Movable' if you'd like to move. 
[2017.04.25-20.44.45:380][ 66]PIE:Warning: Warning Mobility of Floor_400x402 : StaticMeshComponent0 has to be 'Movable' if you'd like to move. 
[2017.04.25-20.44.45:380][ 66]PIE:Warning: Warning Mobility of Floor_400x402 : StaticMeshComponent0 has to be 'Movable' if you'd like to move. 
[2017.04.25-20.44.45:380][ 66]PIE:Warning: Warning Mobility of Floor_400x402 : StaticMeshComponent0 has to be 'Movable' if you'd like to move. 
[2017.04.25-20.44.45:380][ 66]PIE:Warning: Warning Mobility of Floor_400x402 : StaticMeshComponent0 has to be 'Movable' if you'd like to move. 
[2017.04.25-20.44.45:380][ 66]PIE:Warning: Warning Mobility of Floor_400x402 : StaticMeshComponent0 has to be 'Movable' if you'd like to move. 
[2017.04.25-20.44.45:396][ 67]PIE:Warning: Warning Mobility of Floor_400x402 : StaticMeshComponent0 has to be 'Movable' if you'd like to move. 
[2017.04.25-20.44.45:396][ 67]PIE:Warning: Warning Mobility of Floor_400x402 : StaticMeshComponent0 has to be 'Movable' if you'd like to move. 
[2017.04.25-20.44.45:396][ 67]PIE:Warning: Warning Mobility of Floor_400x402 : StaticMeshComponent0 has to be 'Movable' if you'd like to move. 
[2017.04.25-20.44.45:396][ 67]PIE:Warning: Warning Mobility of Floor_400x402 : StaticMeshComponent0 has to be 'Movable' if you'd like to move. 
[2017.04.25-20.44.45:396][ 67]PIE:Warning: Warning Mobility of Floor_400x402 : StaticMeshComponent0 has to be 'Movable' if you'd like to move. 
[2017.04.25-20.44.45:413][ 68]PIE:Warning: Warning Mobility of Floor_400x402 : StaticMeshComponent0 has to be 'Movable' if you'd like to move. 
[2017.04.25-20.44.45:413][ 68]PIE:Warning: Warning Mobility of Floor_400x402 : StaticMeshComponent0 has to be 'Movable' if you'd like to move. 
[2017.04.25-20.44.45:413][ 68]PIE:Warning: Warning Mobility of Floor_400x402 : StaticMeshComponent0 has to be 'Movable' if you'd like to move. 
[2017.04.25-20.44.45:413][ 68]PIE:Warning: Warning Mobility of Floor_400x402 : StaticMeshComponent0 has to be 'Movable' if you'd like to move. 
[2017.04.25-20.44.45:413][ 68]PIE:Warning: Warning Mobility of Floor_400x402 : StaticMeshComponent0 has to be 'Movable' if you'd like to move. 
[2017.04.25-20.44.45:429][ 69]PIE:Warning: Warning Mobility of Floor_400x402 : StaticMeshComponent0 has to be 'Movable' if you'd like to move. 
[2017.04.25-20.44.45:429][ 69]PIE:Warning: Warning Mobility of Floor_400x402 : StaticMeshComponent0 has to be 'Movable' if you'd like to move. 
[2017.04.25-20.44.45:429][ 69]PIE:Warning: Warning Mobility of Floor_400x402 : StaticMeshComponent0 has to be 'Movable' if you'd like to move. 
[2017.04.25-20.44.45:429][ 69]PIE:Warning: Warning Mobility of Floor_400x402 : StaticMeshComponent0 has to be 'Movable' if you'd like to move. 
[2017.04.25-20.44.45:429][ 69]PIE:Warning: Warning Mobility of Floor_400x402 : StaticMeshComponent0 has to be 'Movable' if you'd like to move. 
[2017.04.25-20.44.45:445][ 70]PIE:Warning: Warning Mobility of Floor_400x402 : StaticMeshComponent0 has to be 'Movable' if you'd like to move. 
[2017.04.25-20.44.45:445][ 70]PIE:Warning: Warning Mobility of Floor_400x402 : StaticMeshComponent0 has to be 'Movable' if you'd like to move. 
[2017.04.25-20.44.45:445][ 70]PIE:Warning: Warning Mobility of Floor_400x402 : StaticMeshComponent0 has to be 'Movable' if you'd like to move. 
[2017.04.25-20.44.45:446][ 70]PIE:Warning: Warning Mobility of Floor_400x402 : StaticMeshComponent0 has to be 'Movable' if you'd like to move. 
[2017.04.25-20.44.45:446][ 70]PIE:Warning: Warning Mobility of Floor_400x402 : StaticMeshComponent0 has to be 'Movable' if you'd like to move. 
[2017.04.25-20.44.45:461][ 71]PIE:Warning: Warning Mobility of Floor_400x402 : StaticMeshComponent0 has to be 'Movable' if you'd like to move. 
[2017.04.25-20.44.45:461][ 71]PIE:Warning: Warning Mobility of Floor_400x402 : StaticMeshComponent0 has to be 'Movable' if you'd like to move. 
[2017.04.25-20.44.45:461][ 71]PIE:Warning: Warning Mobility of Floor_400x402 : StaticMeshComponent0 has to be 'Movable' if you'd like to move. 
[2017.04.25-20.44.45:461][ 71]PIE:Warning: Warning Mobility of Floor_400x402 : StaticMeshComponent0 has to be 'Movable' if you'd like to move. 
[2017.04.25-20.44.45:461][ 71]PIE:Warning: Warning Mobility of Floor_400x402 : StaticMeshComponent0 has to be 'Movable' if you'd like to move. 
[2017.04.25-20.44.45:478][ 72]PIE:Warning: Warning Mobility of Floor_400x402 : StaticMeshComponent0 has to be 'Movable' if you'd like to move. 
[2017.04.25-20.44.45:478][ 72]PIE:Warning: Warning Mobility of Floor_400x402 : StaticMeshComponent0 has to be 'Movable' if you'd like to move. 
[2017.04.25-20.44.45:478][ 72]PIE:Warning: Warning Mobility of Floor_400x402 : StaticMeshComponent0 has to be 'Movable' if you'd like to move. 
[2017.04.25-20.44.45:478][ 72]PIE:Warning: Warning Mobility of Floor_400x402 : StaticMeshComponent0 has to be 'Movable' if you'd like to move. 
[2017.04.25-20.44.45:478][ 72]PIE:Warning: Warning Mobility of Floor_400x402 : StaticMeshComponent0 has to be 'Movable' if you'd like to move. 
[2017.04.25-20.44.45:494][ 73]PIE:Warning: Warning Mobility of Floor_400x402 : StaticMeshComponent0 has to be 'Movable' if you'd like to move. 
[2017.04.25-20.44.45:494][ 73]PIE:Warning: Warning Mobility of Floor_400x402 : StaticMeshComponent0 has to be 'Movable' if you'd like to move. 
[2017.04.25-20.44.45:494][ 73]PIE:Warning: Warning Mobility of Floor_400x402 : StaticMeshComponent0 has to be 'Movable' if you'd like to move. 
[2017.04.25-20.44.45:494][ 73]PIE:Warning: Warning Mobility of Floor_400x402 : StaticMeshComponent0 has to be 'Movable' if you'd like to move. 
[2017.04.25-20.44.45:494][ 73]PIE:Warning: Warning Mobility of Floor_400x402 : StaticMeshComponent0 has to be 'Movable' if you'd like to move. 
[2017.04.25-20.44.45:510][ 74]PIE:Warning: Warning Mobility of Floor_400x402 : StaticMeshComponent0 has to be 'Movable' if you'd like to move. 
[2017.04.25-20.44.45:510][ 74]PIE:Warning: Warning Mobility of Floor_400x402 : StaticMeshComponent0 has to be 'Movable' if you'd like to move. 
[2017.04.25-20.44.45:510][ 74]PIE:Warning: Warning Mobility of Floor_400x402 : StaticMeshComponent0 has to be 'Movable' if you'd like to move. 
[2017.04.25-20.44.45:510][ 74]PIE:Warning: Warning Mobility of Floor_400x402 : StaticMeshComponent0 has to be 'Movable' if you'd like to move. 
[2017.04.25-20.44.45:510][ 74]PIE:Warning: Warning Mobility of Floor_400x402 : StaticMeshComponent0 has to be 'Movable' if you'd like to move. 
[2017.04.25-20.44.45:526][ 75]PIE:Warning: Warning Mobility of Floor_400x402 : StaticMeshComponent0 has to be 'Movable' if you'd like to move. 
[2017.04.25-20.44.45:526][ 75]PIE:Warning: Warning Mobility of Floor_400x402 : StaticMeshComponent0 has to be 'Movable' if you'd like to move. 
[2017.04.25-20.44.45:526][ 75]PIE:Warning: Warning Mobility of Floor_400x402 : StaticMeshComponent0 has to be 'Movable' if you'd like to move. 
[2017.04.25-20.44.45:526][ 75]PIE:Warning: Warning Mobility of Floor_400x402 : StaticMeshComponent0 has to be 'Movable' if you'd like to move. 
[2017.04.25-20.44.45:526][ 75]PIE:Warning: Warning Mobility of Floor_400x402 : StaticMeshComponent0 has to be 'Movable' if you'd like to move. 
[2017.04.25-20.44.45:541][ 76]PIE:Warning: Warning Mobility of Floor_400x402 : StaticMeshComponent0 has to be 'Movable' if you'd like to move. 
[2017.04.25-20.44.45:542][ 76]PIE:Warning: Warning Mobility of Floor_400x402 : StaticMeshComponent0 has to be 'Movable' if you'd like to move. 
[2017.04.25-20.44.45:542][ 76]PIE:Warning: Warning Mobility of Floor_400x402 : StaticMeshComponent0 has to be 'Movable' if you'd like to move. 
[2017.04.25-20.44.45:542][ 76]PIE:Warning: Warning Mobility of Floor_400x402 : StaticMeshComponent0 has to be 'Movable' if you'd like to move. 
[2017.04.25-20.44.45:542][ 76]PIE:Warning: Warning Mobility of Floor_400x402 : StaticMeshComponent0 has to be 'Movable' if you'd like to move. 
[2017.04.25-20.44.45:558][ 77]PIE:Warning: Warning Mobility of Floor_400x402 : StaticMeshComponent0 has to be 'Movable' if you'd like to move. 
[2017.04.25-20.44.45:558][ 77]PIE:Warning: Warning Mobility of Floor_400x402 : StaticMeshComponent0 has to be 'Movable' if you'd like to move. 
[2017.04.25-20.44.45:558][ 77]PIE:Warning: Warning Mobility of Floor_400x402 : StaticMeshComponent0 has to be 'Movable' if you'd like to move. 
[2017.04.25-20.44.45:558][ 77]PIE:Warning: Warning Mobility of Floor_400x402 : StaticMeshComponent0 has to be 'Movable' if you'd like to move. 
[2017.04.25-20.44.45:558][ 77]PIE:Warning: Warning Mobility of Floor_400x402 : StaticMeshComponent0 has to be 'Movable' if you'd like to move. 
[2017.04.25-20.44.45:573][ 78]PIE:Warning: Warning Mobility of Floor_400x402 : StaticMeshComponent0 has to be 'Movable' if you'd like to move. 
[2017.04.25-20.44.45:573][ 78]PIE:Warning: Warning Mobility of Floor_400x402 : StaticMeshComponent0 has to be 'Movable' if you'd like to move. 
[2017.04.25-20.44.45:573][ 78]PIE:Warning: Warning Mobility of Floor_400x402 : StaticMeshComponent0 has to be 'Movable' if you'd like to move. 
[2017.04.25-20.44.45:574][ 78]PIE:Warning: Warning Mobility of Floor_400x402 : StaticMeshComponent0 has to be 'Movable' if you'd like to move. 
[2017.04.25-20.44.45:574][ 78]PIE:Warning: Warning Mobility of Floor_400x402 : StaticMeshComponent0 has to be 'Movable' if you'd like to move. 
[2017.04.25-20.44.45:590][ 79]PIE:Warning: Warning Mobility of Floor_400x402 : StaticMeshComponent0 has to be 'Movable' if you'd like to move. 
[2017.04.25-20.44.45:590][ 79]PIE:Warning: Warning Mobility of Floor_400x402 : StaticMeshComponent0 has to be 'Movable' if you'd like to move. 
[2017.04.25-20.44.45:590][ 79]PIE:Warning: Warning Mobility of Floor_400x402 : StaticMeshComponent0 has to be 'Movable' if you'd like to move. 
[2017.04.25-20.44.45:590][ 79]PIE:Warning: Warning Mobility of Floor_400x402 : StaticMeshComponent0 has to be 'Movable' if you'd like to move. 
[2017.04.25-20.44.45:590][ 79]PIE:Warning: Warning Mobility of Floor_400x402 : StaticMeshComponent0 has to be 'Movable' if you'd like to move. 
[2017.04.25-20.44.45:605][ 80]PIE:Warning: Warning Mobility of Floor_400x402 : StaticMeshComponent0 has to be 'Movable' if you'd like to move. 
[2017.04.25-20.44.45:605][ 80]PIE:Warning: Warning Mobility of Floor_400x402 : StaticMeshComponent0 has to be 'Movable' if you'd like to move. 
[2017.04.25-20.44.45:605][ 80]PIE:Warning: Warning Mobility of Floor_400x402 : StaticMeshComponent0 has to be 'Movable' if you'd like to move. 
[2017.04.25-20.44.45:605][ 80]PIE:Warning: Warning Mobility of Floor_400x402 : StaticMeshComponent0 has to be 'Movable' if you'd like to move. 
[2017.04.25-20.44.45:605][ 80]PIE:Warning: Warning Mobility of Floor_400x402 : StaticMeshComponent0 has to be 'Movable' if you'd like to move. 
[2017.04.25-20.44.45:621][ 81]PIE:Warning: Warning Mobility of Floor_400x402 : StaticMeshComponent0 has to be 'Movable' if you'd like to move. 
[2017.04.25-20.44.45:621][ 81]PIE:Warning: Warning Mobility of Floor_400x402 : StaticMeshComponent0 has to be 'Movable' if you'd like to move. 
[2017.04.25-20.44.45:621][ 81]PIE:Warning: Warning Mobility of Floor_400x402 : StaticMeshComponent0 has to be 'Movable' if you'd like to move. 
[2017.04.25-20.44.45:621][ 81]PIE:Warning: Warning Mobility of Floor_400x402 : StaticMeshComponent0 has to be 'Movable' if you'd like to move. 
[2017.04.25-20.44.45:621][ 81]PIE:Warning: Warning Mobility of Floor_400x402 : StaticMeshComponent0 has to be 'Movable' if you'd like to move. 
[2017.04.25-20.44.45:636][ 82]PIE:Warning: Warning Mobility of Floor_400x402 : StaticMeshComponent0 has to be 'Movable' if you'd like to move. 
[2017.04.25-20.44.45:636][ 82]PIE:Warning: Warning Mobility of Floor_400x402 : StaticMeshComponent0 has to be 'Movable' if you'd like to move. 
[2017.04.25-20.44.45:636][ 82]PIE:Warning: Warning Mobility of Floor_400x402 : StaticMeshComponent0 has to be 'Movable' if you'd like to move. 
[2017.04.25-20.44.45:636][ 82]PIE:Warning: Warning Mobility of Floor_400x402 : StaticMeshComponent0 has to be 'Movable' if you'd like to move. 
[2017.04.25-20.44.45:637][ 82]PIE:Warning: Warning Mobility of Floor_400x402 : StaticMeshComponent0 has to be 'Movable' if you'd like to move. 
[2017.04.25-20.44.45:652][ 83]PIE:Warning: Warning Mobility of Floor_400x402 : StaticMeshComponent0 has to be 'Movable' if you'd like to move. 
[2017.04.25-20.44.45:652][ 83]PIE:Warning: Warning Mobility of Floor_400x402 : StaticMeshComponent0 has to be 'Movable' if you'd like to move. 
[2017.04.25-20.44.45:652][ 83]PIE:Warning: Warning Mobility of Floor_400x402 : StaticMeshComponent0 has to be 'Movable' if you'd like to move. 
[2017.04.25-20.44.45:652][ 83]PIE:Warning: Warning Mobility of Floor_400x402 : StaticMeshComponent0 has to be 'Movable' if you'd like to move. 
[2017.04.25-20.44.45:652][ 83]PIE:Warning: Warning Mobility of Floor_400x402 : StaticMeshComponent0 has to be 'Movable' if you'd like to move. 
[2017.04.25-20.44.45:670][ 84]PIE:Warning: Warning Mobility of Floor_400x402 : StaticMeshComponent0 has to be 'Movable' if you'd like to move. 
[2017.04.25-20.44.45:670][ 84]PIE:Warning: Warning Mobility of Floor_400x402 : StaticMeshComponent0 has to be 'Movable' if you'd like to move. 
[2017.04.25-20.44.45:670][ 84]PIE:Warning: Warning Mobility of Floor_400x402 : StaticMeshComponent0 has to be 'Movable' if you'd like to move. 
[2017.04.25-20.44.45:670][ 84]PIE:Warning: Warning Mobility of Floor_400x402 : StaticMeshComponent0 has to be 'Movable' if you'd like to move. 
[2017.04.25-20.44.45:670][ 84]PIE:Warning: Warning Mobility of Floor_400x402 : StaticMeshComponent0 has to be 'Movable' if you'd like to move. 
[2017.04.25-20.44.45:686][ 85]PIE:Warning: Warning Mobility of Floor_400x402 : StaticMeshComponent0 has to be 'Movable' if you'd like to move. 
[2017.04.25-20.44.45:686][ 85]PIE:Warning: Warning Mobility of Floor_400x402 : StaticMeshComponent0 has to be 'Movable' if you'd like to move. 
[2017.04.25-20.44.45:686][ 85]PIE:Warning: Warning Mobility of Floor_400x402 : StaticMeshComponent0 has to be 'Movable' if you'd like to move. 
[2017.04.25-20.44.45:686][ 85]PIE:Warning: Warning Mobility of Floor_400x402 : StaticMeshComponent0 has to be 'Movable' if you'd like to move. 
[2017.04.25-20.44.45:686][ 85]PIE:Warning: Warning Mobility of Floor_400x402 : StaticMeshComponent0 has to be 'Movable' if you'd like to move. 
[2017.04.25-20.44.45:703][ 86]PIE:Warning: Warning Mobility of Floor_400x402 : StaticMeshComponent0 has to be 'Movable' if you'd like to move. 
[2017.04.25-20.44.45:703][ 86]PIE:Warning: Warning Mobility of Floor_400x402 : StaticMeshComponent0 has to be 'Movable' if you'd like to move. 
[2017.04.25-20.44.45:703][ 86]PIE:Warning: Warning Mobility of Floor_400x402 : StaticMeshComponent0 has to be 'Movable' if you'd like to move. 
[2017.04.25-20.44.45:703][ 86]PIE:Warning: Warning Mobility of Floor_400x402 : StaticMeshComponent0 has to be 'Movable' if you'd like to move. 
[2017.04.25-20.44.45:703][ 86]PIE:Warning: Warning Mobility of Floor_400x402 : StaticMeshComponent0 has to be 'Movable' if you'd like to move. 
[2017.04.25-20.44.45:719][ 87]PIE:Warning: Warning Mobility of Floor_400x402 : StaticMeshComponent0 has to be 'Movable' if you'd like to move. 
[2017.04.25-20.44.45:719][ 87]PIE:Warning: Warning Mobility of Floor_400x402 : StaticMeshComponent0 has to be 'Movable' if you'd like to move. 
[2017.04.25-20.44.45:719][ 87]PIE:Warning: Warning Mobility of Floor_400x402 : StaticMeshComponent0 has to be 'Movable' if you'd like to move. 
[2017.04.25-20.44.45:719][ 87]PIE:Warning: Warning Mobility of Floor_400x402 : StaticMeshComponent0 has to be 'Movable' if you'd like to move. 
[2017.04.25-20.44.45:719][ 87]PIE:Warning: Warning Mobility of Floor_400x402 : StaticMeshComponent0 has to be 'Movable' if you'd like to move. 
[2017.04.25-20.44.45:735][ 88]PIE:Warning: Warning Mobility of Floor_400x402 : StaticMeshComponent0 has to be 'Movable' if you'd like to move. 
[2017.04.25-20.44.45:735][ 88]PIE:Warning: Warning Mobility of Floor_400x402 : StaticMeshComponent0 has to be 'Movable' if you'd like to move. 
[2017.04.25-20.44.45:735][ 88]PIE:Warning: Warning Mobility of Floor_400x402 : StaticMeshComponent0 has to be 'Movable' if you'd like to move. 
[2017.04.25-20.44.45:735][ 88]PIE:Warning: Warning Mobility of Floor_400x402 : StaticMeshComponent0 has to be 'Movable' if you'd like to move. 
[2017.04.25-20.44.45:735][ 88]PIE:Warning: Warning Mobility of Floor_400x402 : StaticMeshComponent0 has to be 'Movable' if you'd like to move. 
[2017.04.25-20.44.45:751][ 89]PIE:Warning: Warning Mobility of Floor_400x402 : StaticMeshComponent0 has to be 'Movable' if you'd like to move. 
[2017.04.25-20.44.45:751][ 89]PIE:Warning: Warning Mobility of Floor_400x402 : StaticMeshComponent0 has to be 'Movable' if you'd like to move. 
[2017.04.25-20.44.45:751][ 89]PIE:Warning: Warning Mobility of Floor_400x402 : StaticMeshComponent0 has to be 'Movable' if you'd like to move. 
[2017.04.25-20.44.45:751][ 89]PIE:Warning: Warning Mobility of Floor_400x402 : StaticMeshComponent0 has to be 'Movable' if you'd like to move. 
[2017.04.25-20.44.45:751][ 89]PIE:Warning: Warning Mobility of Floor_400x402 : StaticMeshComponent0 has to be 'Movable' if you'd like to move. 
[2017.04.25-20.44.45:768][ 90]PIE:Warning: Warning Mobility of Floor_400x402 : StaticMeshComponent0 has to be 'Movable' if you'd like to move. 
[2017.04.25-20.44.45:768][ 90]PIE:Warning: Warning Mobility of Floor_400x402 : StaticMeshComponent0 has to be 'Movable' if you'd like to move. 
[2017.04.25-20.44.45:768][ 90]PIE:Warning: Warning Mobility of Floor_400x402 : StaticMeshComponent0 has to be 'Movable' if you'd like to move. 
[2017.04.25-20.44.45:768][ 90]PIE:Warning: Warning Mobility of Floor_400x402 : StaticMeshComponent0 has to be 'Movable' if you'd like to move. 
[2017.04.25-20.44.45:768][ 90]PIE:Warning: Warning Mobility of Floor_400x402 : StaticMeshComponent0 has to be 'Movable' if you'd like to move. 
[2017.04.25-20.44.45:784][ 91]PIE:Warning: Warning Mobility of Floor_400x402 : StaticMeshComponent0 has to be 'Movable' if you'd like to move. 
[2017.04.25-20.44.45:784][ 91]PIE:Warning: Warning Mobility of Floor_400x402 : StaticMeshComponent0 has to be 'Movable' if you'd like to move. 
[2017.04.25-20.44.45:784][ 91]PIE:Warning: Warning Mobility of Floor_400x402 : StaticMeshComponent0 has to be 'Movable' if you'd like to move. 
[2017.04.25-20.44.45:784][ 91]PIE:Warning: Warning Mobility of Floor_400x402 : StaticMeshComponent0 has to be 'Movable' if you'd like to move. 
[2017.04.25-20.44.45:784][ 91]PIE:Warning: Warning Mobility of Floor_400x402 : StaticMeshComponent0 has to be 'Movable' if you'd like to move. 
[2017.04.25-20.44.45:801][ 92]PIE:Warning: Warning Mobility of Floor_400x402 : StaticMeshComponent0 has to be 'Movable' if you'd like to move. 
[2017.04.25-20.44.45:801][ 92]PIE:Warning: Warning Mobility of Floor_400x402 : StaticMeshComponent0 has to be 'Movable' if you'd like to move. 
[2017.04.25-20.44.45:801][ 92]PIE:Warning: Warning Mobility of Floor_400x402 : StaticMeshComponent0 has to be 'Movable' if you'd like to move. 
[2017.04.25-20.44.45:801][ 92]PIE:Warning: Warning Mobility of Floor_400x402 : StaticMeshComponent0 has to be 'Movable' if you'd like to move. 
[2017.04.25-20.44.45:801][ 92]PIE:Warning: Warning Mobility of Floor_400x402 : StaticMeshComponent0 has to be 'Movable' if you'd like to move. 
[2017.04.25-20.44.45:817][ 93]PIE:Warning: Warning Mobility of Floor_400x402 : StaticMeshComponent0 has to be 'Movable' if you'd like to move. 
[2017.04.25-20.44.45:817][ 93]PIE:Warning: Warning Mobility of Floor_400x402 : StaticMeshComponent0 has to be 'Movable' if you'd like to move. 
[2017.04.25-20.44.45:817][ 93]PIE:Warning: Warning Mobility of Floor_400x402 : StaticMeshComponent0 has to be 'Movable' if you'd like to move. 
[2017.04.25-20.44.45:817][ 93]PIE:Warning: Warning Mobility of Floor_400x402 : StaticMeshComponent0 has to be 'Movable' if you'd like to move. 
[2017.04.25-20.44.45:817][ 93]PIE:Warning: Warning Mobility of Floor_400x402 : StaticMeshComponent0 has to be 'Movable' if you'd like to move. 
[2017.04.25-20.44.45:834][ 94]PIE:Warning: Warning Mobility of Floor_400x402 : StaticMeshComponent0 has to be 'Movable' if you'd like to move. 
[2017.04.25-20.44.45:834][ 94]PIE:Warning: Warning Mobility of Floor_400x402 : StaticMeshComponent0 has to be 'Movable' if you'd like to move. 
[2017.04.25-20.44.45:834][ 94]PIE:Warning: Warning Mobility of Floor_400x402 : StaticMeshComponent0 has to be 'Movable' if you'd like to move. 
[2017.04.25-20.44.45:834][ 94]PIE:Warning: Warning Mobility of Floor_400x402 : StaticMeshComponent0 has to be 'Movable' if you'd like to move. 
[2017.04.25-20.44.45:834][ 94]PIE:Warning: Warning Mobility of Floor_400x402 : StaticMeshComponent0 has to be 'Movable' if you'd like to move. 
[2017.04.25-20.44.45:850][ 95]PIE:Warning: Warning Mobility of Floor_400x402 : StaticMeshComponent0 has to be 'Movable' if you'd like to move. 
[2017.04.25-20.44.45:850][ 95]PIE:Warning: Warning Mobility of Floor_400x402 : StaticMeshComponent0 has to be 'Movable' if you'd like to move. 
[2017.04.25-20.44.45:850][ 95]PIE:Warning: Warning Mobility of Floor_400x402 : StaticMeshComponent0 has to be 'Movable' if you'd like to move. 
[2017.04.25-20.44.45:850][ 95]PIE:Warning: Warning Mobility of Floor_400x402 : StaticMeshComponent0 has to be 'Movable' if you'd like to move. 
[2017.04.25-20.44.45:850][ 95]PIE:Warning: Warning Mobility of Floor_400x402 : StaticMeshComponent0 has to be 'Movable' if you'd like to move. 
[2017.04.25-20.44.45:866][ 96]PIE:Warning: Warning Mobility of Floor_400x402 : StaticMeshComponent0 has to be 'Movable' if you'd like to move. 
[2017.04.25-20.44.45:866][ 96]PIE:Warning: Warning Mobility of Floor_400x402 : StaticMeshComponent0 has to be 'Movable' if you'd like to move. 
[2017.04.25-20.44.45:866][ 96]PIE:Warning: Warning Mobility of Floor_400x402 : StaticMeshComponent0 has to be 'Movable' if you'd like to move. 
[2017.04.25-20.44.45:866][ 96]PIE:Warning: Warning Mobility of Floor_400x402 : StaticMeshComponent0 has to be 'Movable' if you'd like to move. 
[2017.04.25-20.44.45:866][ 96]PIE:Warning: Warning Mobility of Floor_400x402 : StaticMeshComponent0 has to be 'Movable' if you'd like to move. 
[2017.04.25-20.44.45:883][ 97]PIE:Warning: Warning Mobility of Floor_400x402 : StaticMeshComponent0 has to be 'Movable' if you'd like to move. 
[2017.04.25-20.44.45:883][ 97]PIE:Warning: Warning Mobility of Floor_400x402 : StaticMeshComponent0 has to be 'Movable' if you'd like to move. 
[2017.04.25-20.44.45:883][ 97]PIE:Warning: Warning Mobility of Floor_400x402 : StaticMeshComponent0 has to be 'Movable' if you'd like to move. 
[2017.04.25-20.44.45:883][ 97]PIE:Warning: Warning Mobility of Floor_400x402 : StaticMeshComponent0 has to be 'Movable' if you'd like to move. 
[2017.04.25-20.44.45:883][ 97]PIE:Warning: Warning Mobility of Floor_400x402 : StaticMeshComponent0 has to be 'Movable' if you'd like to move. 
[2017.04.25-20.44.45:899][ 98]PIE:Warning: Warning Mobility of Floor_400x402 : StaticMeshComponent0 has to be 'Movable' if you'd like to move. 
[2017.04.25-20.44.45:899][ 98]PIE:Warning: Warning Mobility of Floor_400x402 : StaticMeshComponent0 has to be 'Movable' if you'd like to move. 
[2017.04.25-20.44.45:899][ 98]PIE:Warning: Warning Mobility of Floor_400x402 : StaticMeshComponent0 has to be 'Movable' if you'd like to move. 
[2017.04.25-20.44.45:899][ 98]PIE:Warning: Warning Mobility of Floor_400x402 : StaticMeshComponent0 has to be 'Movable' if you'd like to move. 
[2017.04.25-20.44.45:899][ 98]PIE:Warning: Warning Mobility of Floor_400x402 : StaticMeshComponent0 has to be 'Movable' if you'd like to move. 
[2017.04.25-20.44.45:916][ 99]PIE:Warning: Warning Mobility of Floor_400x402 : StaticMeshComponent0 has to be 'Movable' if you'd like to move. 
[2017.04.25-20.44.45:916][ 99]PIE:Warning: Warning Mobility of Floor_400x402 : StaticMeshComponent0 has to be 'Movable' if you'd like to move. 
[2017.04.25-20.44.45:916][ 99]PIE:Warning: Warning Mobility of Floor_400x402 : StaticMeshComponent0 has to be 'Movable' if you'd like to move. 
[2017.04.25-20.44.45:916][ 99]PIE:Warning: Warning Mobility of Floor_400x402 : StaticMeshComponent0 has to be 'Movable' if you'd like to move. 
[2017.04.25-20.44.45:916][ 99]PIE:Warning: Warning Mobility of Floor_400x402 : StaticMeshComponent0 has to be 'Movable' if you'd like to move. 
[2017.04.25-20.44.45:932][100]PIE:Warning: Warning Mobility of Floor_400x402 : StaticMeshComponent0 has to be 'Movable' if you'd like to move. 
[2017.04.25-20.44.45:933][100]PIE:Warning: Warning Mobility of Floor_400x402 : StaticMeshComponent0 has to be 'Movable' if you'd like to move. 
[2017.04.25-20.44.45:933][100]PIE:Warning: Warning Mobility of Floor_400x402 : StaticMeshComponent0 has to be 'Movable' if you'd like to move. 
[2017.04.25-20.44.45:933][100]PIE:Warning: Warning Mobility of Floor_400x402 : StaticMeshComponent0 has to be 'Movable' if you'd like to move. 
[2017.04.25-20.44.45:933][100]PIE:Warning: Warning Mobility of Floor_400x402 : StaticMeshComponent0 has to be 'Movable' if you'd like to move. 
[2017.04.25-20.44.45:949][101]PIE:Warning: Warning Mobility of Floor_400x402 : StaticMeshComponent0 has to be 'Movable' if you'd like to move. 
[2017.04.25-20.44.45:949][101]PIE:Warning: Warning Mobility of Floor_400x402 : StaticMeshComponent0 has to be 'Movable' if you'd like to move. 
[2017.04.25-20.44.45:949][101]PIE:Warning: Warning Mobility of Floor_400x402 : StaticMeshComponent0 has to be 'Movable' if you'd like to move. 
[2017.04.25-20.44.45:949][101]PIE:Warning: Warning Mobility of Floor_400x402 : StaticMeshComponent0 has to be 'Movable' if you'd like to move. 
[2017.04.25-20.44.45:949][101]PIE:Warning: Warning Mobility of Floor_400x402 : StaticMeshComponent0 has to be 'Movable' if you'd like to move. 
[2017.04.25-20.44.45:965][102]PIE:Warning: Warning Mobility of Floor_400x402 : StaticMeshComponent0 has to be 'Movable' if you'd like to move. 
[2017.04.25-20.44.45:965][102]PIE:Warning: Warning Mobility of Floor_400x402 : StaticMeshComponent0 has to be 'Movable' if you'd like to move. 
[2017.04.25-20.44.45:965][102]PIE:Warning: Warning Mobility of Floor_400x402 : StaticMeshComponent0 has to be 'Movable' if you'd like to move. 
[2017.04.25-20.44.45:965][102]PIE:Warning: Warning Mobility of Floor_400x402 : StaticMeshComponent0 has to be 'Movable' if you'd like to move. 
[2017.04.25-20.44.45:965][102]PIE:Warning: Warning Mobility of Floor_400x402 : StaticMeshComponent0 has to be 'Movable' if you'd like to move. 
[2017.04.25-20.44.45:983][103]PIE:Warning: Warning Mobility of Floor_400x402 : StaticMeshComponent0 has to be 'Movable' if you'd like to move. 
[2017.04.25-20.44.45:983][103]PIE:Warning: Warning Mobility of Floor_400x402 : StaticMeshComponent0 has to be 'Movable' if you'd like to move. 
[2017.04.25-20.44.45:983][103]PIE:Warning: Warning Mobility of Floor_400x402 : StaticMeshComponent0 has to be 'Movable' if you'd like to move. 
[2017.04.25-20.44.45:983][103]PIE:Warning: Warning Mobility of Floor_400x402 : StaticMeshComponent0 has to be 'Movable' if you'd like to move. 
[2017.04.25-20.44.45:983][103]PIE:Warning: Warning Mobility of Floor_400x402 : StaticMeshComponent0 has to be 'Movable' if you'd like to move. 
[2017.04.25-20.44.45:999][104]PIE:Warning: Warning Mobility of Floor_400x402 : StaticMeshComponent0 has to be 'Movable' if you'd like to move. 
[2017.04.25-20.44.45:999][104]PIE:Warning: Warning Mobility of Floor_400x402 : StaticMeshComponent0 has to be 'Movable' if you'd like to move. 
[2017.04.25-20.44.45:999][104]PIE:Warning: Warning Mobility of Floor_400x402 : StaticMeshComponent0 has to be 'Movable' if you'd like to move. 
[2017.04.25-20.44.45:999][104]PIE:Warning: Warning Mobility of Floor_400x402 : StaticMeshComponent0 has to be 'Movable' if you'd like to move. 
[2017.04.25-20.44.45:999][104]PIE:Warning: Warning Mobility of Floor_400x402 : StaticMeshComponent0 has to be 'Movable' if you'd like to move. 
[2017.04.25-20.44.46:016][105]PIE:Warning: Warning Mobility of Floor_400x402 : StaticMeshComponent0 has to be 'Movable' if you'd like to move. 
[2017.04.25-20.44.46:016][105]PIE:Warning: Warning Mobility of Floor_400x402 : StaticMeshComponent0 has to be 'Movable' if you'd like to move. 
[2017.04.25-20.44.46:016][105]PIE:Warning: Warning Mobility of Floor_400x402 : StaticMeshComponent0 has to be 'Movable' if you'd like to move. 
[2017.04.25-20.44.46:016][105]PIE:Warning: Warning Mobility of Floor_400x402 : StaticMeshComponent0 has to be 'Movable' if you'd like to move. 
[2017.04.25-20.44.46:016][105]PIE:Warning: Warning Mobility of Floor_400x402 : StaticMeshComponent0 has to be 'Movable' if you'd like to move. 
[2017.04.25-20.44.46:033][106]PIE:Warning: Warning Mobility of Floor_400x402 : StaticMeshComponent0 has to be 'Movable' if you'd like to move. 
[2017.04.25-20.44.46:033][106]PIE:Warning: Warning Mobility of Floor_400x402 : StaticMeshComponent0 has to be 'Movable' if you'd like to move. 
[2017.04.25-20.44.46:033][106]PIE:Warning: Warning Mobility of Floor_400x402 : StaticMeshComponent0 has to be 'Movable' if you'd like to move. 
[2017.04.25-20.44.46:033][106]PIE:Warning: Warning Mobility of Floor_400x402 : StaticMeshComponent0 has to be 'Movable' if you'd like to move. 
[2017.04.25-20.44.46:033][106]PIE:Warning: Warning Mobility of Floor_400x402 : StaticMeshComponent0 has to be 'Movable' if you'd like to move. 
[2017.04.25-20.44.46:049][107]PIE:Warning: Warning Mobility of Floor_400x402 : StaticMeshComponent0 has to be 'Movable' if you'd like to move. 
[2017.04.25-20.44.46:049][107]PIE:Warning: Warning Mobility of Floor_400x402 : StaticMeshComponent0 has to be 'Movable' if you'd like to move. 
[2017.04.25-20.44.46:049][107]PIE:Warning: Warning Mobility of Floor_400x402 : StaticMeshComponent0 has to be 'Movable' if you'd like to move. 
[2017.04.25-20.44.46:049][107]PIE:Warning: Warning Mobility of Floor_400x402 : StaticMeshComponent0 has to be 'Movable' if you'd like to move. 
[2017.04.25-20.44.46:049][107]PIE:Warning: Warning Mobility of Floor_400x402 : StaticMeshComponent0 has to be 'Movable' if you'd like to move. 
[2017.04.25-20.44.46:065][108]PIE:Warning: Warning Mobility of Floor_400x402 : StaticMeshComponent0 has to be 'Movable' if you'd like to move. 
[2017.04.25-20.44.46:065][108]PIE:Warning: Warning Mobility of Floor_400x402 : StaticMeshComponent0 has to be 'Movable' if you'd like to move. 
[2017.04.25-20.44.46:065][108]PIE:Warning: Warning Mobility of Floor_400x402 : StaticMeshComponent0 has to be 'Movable' if you'd like to move. 
[2017.04.25-20.44.46:081][109]PIE:Warning: Warning Mobility of Floor_400x402 : StaticMeshComponent0 has to be 'Movable' if you'd like to move. 
[2017.04.25-20.44.46:081][109]PIE:Warning: Warning Mobility of Floor_400x402 : StaticMeshComponent0 has to be 'Movable' if you'd like to move. 
[2017.04.25-20.44.46:081][109]PIE:Warning: Warning Mobility of Floor_400x402 : StaticMeshComponent0 has to be 'Movable' if you'd like to move. 
[2017.04.25-20.44.46:096][110]PIE:Warning: Warning Mobility of Floor_400x402 : StaticMeshComponent0 has to be 'Movable' if you'd like to move. 
[2017.04.25-20.44.46:096][110]PIE:Warning: Warning Mobility of Floor_400x402 : StaticMeshComponent0 has to be 'Movable' if you'd like to move. 
[2017.04.25-20.44.46:096][110]PIE:Warning: Warning Mobility of Floor_400x402 : StaticMeshComponent0 has to be 'Movable' if you'd like to move. 
[2017.04.25-20.44.46:112][111]PIE:Warning: Warning Mobility of Floor_400x402 : StaticMeshComponent0 has to be 'Movable' if you'd like to move. 
[2017.04.25-20.44.46:112][111]PIE:Warning: Warning Mobility of Floor_400x402 : StaticMeshComponent0 has to be 'Movable' if you'd like to move. 
[2017.04.25-20.44.46:112][111]PIE:Warning: Warning Mobility of Floor_400x402 : StaticMeshComponent0 has to be 'Movable' if you'd like to move. 
[2017.04.25-20.44.46:128][112]PIE:Warning: Warning Mobility of Floor_400x402 : StaticMeshComponent0 has to be 'Movable' if you'd like to move. 
[2017.04.25-20.44.46:128][112]PIE:Warning: Warning Mobility of Floor_400x402 : StaticMeshComponent0 has to be 'Movable' if you'd like to move. 
[2017.04.25-20.44.46:128][112]PIE:Warning: Warning Mobility of Floor_400x402 : StaticMeshComponent0 has to be 'Movable' if you'd like to move. 
[2017.04.25-20.44.46:143][113]PIE:Warning: Warning Mobility of Floor_400x402 : StaticMeshComponent0 has to be 'Movable' if you'd like to move. 
[2017.04.25-20.44.46:143][113]PIE:Warning: Warning Mobility of Floor_400x402 : StaticMeshComponent0 has to be 'Movable' if you'd like to move. 
[2017.04.25-20.44.46:143][113]PIE:Warning: Warning Mobility of Floor_400x402 : StaticMeshComponent0 has to be 'Movable' if you'd like to move. 
[2017.04.25-20.45.45:541][789]LogSavePackage: Save=165.47ms
[2017.04.25-20.45.45:541][789]LogSavePackage: Moving '../../../../../../LazerPuzzle_Game/GameFiles/Saved/Minimal_Default1B74342E4015E5B268906694B75850E2.tmp' to '../../../../../../LazerPuzzle_Game/GameFiles/Content/StarterContent/Maps/Minimal_Default.umap'
[2017.04.25-20.45.45:545][789]LogSavePackage:Display: Finished SavePackage ../../../../../../LazerPuzzle_Game/GameFiles/Content/StarterContent/Maps/Minimal_Default.umap
[2017.04.25-20.45.45:616][789]LogSavePackage: Save=36.24ms
[2017.04.25-20.45.45:616][789]LogSavePackage: Moving '../../../../../../LazerPuzzle_Game/GameFiles/Saved/Minimal_Default_BuiltData2476F7E5434EC4F1D613099F3E62ADDB.tmp' to '../../../../../../LazerPuzzle_Game/GameFiles/Content/StarterContent/Maps/Minimal_Default_BuiltData.uasset'
[2017.04.25-20.45.45:618][789]LogSavePackage:Display: Finished SavePackage ../../../../../../LazerPuzzle_Game/GameFiles/Content/StarterContent/Maps/Minimal_Default_BuiltData.uasset
[2017.04.25-20.45.46:144][850]LogBlueprintUserMessages: Early EndPlayMap Detection: Level '/Game/StarterContent/Maps/Minimal_Default.Minimal_Default:PersistentLevel' has LevelScriptBlueprint '/Game/StarterContent/Maps/Minimal_Default.Minimal_Default:PersistentLevel.Minimal_Default' with GeneratedClass '/Game/StarterContent/Maps/Minimal_Default.Minimal_Default_C' with ClassGeneratedBy '/Game/StarterContent/Maps/Minimal_Default.Minimal_Default:PersistentLevel.Minimal_Default'
[2017.04.25-20.45.46:327][850]LogStats: FPlatformStackWalk::StackWalkAndDump -  0.177 s
[2017.04.25-20.45.46:327][850]LogOutputDevice:Error: === Handled ensure: ===
[2017.04.25-20.45.46:327][850]LogOutputDevice:Error: 
[2017.04.25-20.45.46:327][850]LogOutputDevice:Error: Ensure condition failed: NewObject->IsA(this->GeneratedClass) [File:D:\Build\++UE4+Release-4.15+Compile\Sync\Engine\Source\Runtime\Engine\Private\Blueprint.cpp] [Line: 755]
[2017.04.25-20.45.46:327][850]LogOutputDevice:Error: Type mismatch: Expected Minimal_Default_C, Found REINST_Minimal_Default_C_99
[2017.04.25-20.45.46:327][850]LogOutputDevice:Error: Stack: 
[2017.04.25-20.45.46:327][850]LogOutputDevice:Error: UE4Editor-Core.dll!0x00000000DE8495E6
[2017.04.25-20.45.46:327][850]LogOutputDevice:Error: UE4Editor-Core.dll!0x00000000DE5F9B82
[2017.04.25-20.45.46:327][850]LogOutputDevice:Error: UE4Editor-Core.dll!0x00000000DE60B666
[2017.04.25-20.45.46:327][850]LogOutputDevice:Error: UE4Editor-Engine.dll!0x00000000D5A0F281
[2017.04.25-20.45.46:327][850]LogOutputDevice:Error: UE4Editor-Engine.dll!0x00000000D67E8E91
[2017.04.25-20.45.46:327][850]LogOutputDevice:Error: UE4Editor-UnrealEd.dll!0x00000000D45E2CCD
[2017.04.25-20.45.46:327][850]LogOutputDevice:Error: UE4Editor-UnrealEd.dll!0x00000000D459E8CE
[2017.04.25-20.45.46:327][850]LogOutputDevice:Error: UE4Editor-UnrealEd.dll!0x00000000D40C7A9F
[2017.04.25-20.45.46:327][850]LogOutputDevice:Error: UE4Editor-UnrealEd.dll!0x00000000D48D2086
[2017.04.25-20.45.46:327][850]LogOutputDevice:Error: UE4Editor.exe!0x000000002093DEE3
[2017.04.25-20.45.46:327][850]LogOutputDevice:Error: UE4Editor.exe!0x000000002092EB40
[2017.04.25-20.45.46:327][850]LogOutputDevice:Error: UE4Editor.exe!0x000000002092EBBA
[2017.04.25-20.45.46:327][850]LogOutputDevice:Error: UE4Editor.exe!0x0000000020940A29
[2017.04.25-20.45.46:327][850]LogOutputDevice:Error: UE4Editor.exe!0x00000000209422B6
[2017.04.25-20.45.46:327][850]LogOutputDevice:Error: KERNEL32.DLL!0x0000000019728364
[2017.04.25-20.45.46:327][850]LogOutputDevice:Error: ntdll.dll!0x00000000198970D1
[2017.04.25-20.45.46:327][850]LogOutputDevice:Error: 
[2017.04.25-20.45.46:331][850]LogStats:                SubmitErrorReport -  0.000 s
