Log file open, 04/25/17 18:23:31
LogInit:Display: Running engine for game: LaserPuzzle
LogPlatformFile: Not using cached read wrapper
LogInit:Display: RandInit(1450278661) SRandInit(1450278661).
LogTaskGraph: Started task graph with 5 named threads and 8 total threads with 1 sets of task threads.
LogStats: Stats thread started at 0.436827
LogInit: Using libcurl 7.47.1
LogInit:  - built for x86_64-pc-win32
LogInit:  - supports SSL with OpenSSL/1.0.2g
LogInit:  - supports HTTP deflate (compression) using libz 1.2.8
LogInit:  - other features:
LogInit:      CURL_VERSION_SSL
LogInit:      CURL_VERSION_LIBZ
LogInit:      CURL_VERSION_IPV6
LogInit:      CURL_VERSION_ASYNCHDNS
LogInit:      CURL_VERSION_LARGEFILE
LogInit:      CURL_VERSION_IDN
LogInit:  CurlRequestOptions (configurable via config and command line):
LogInit:  - bVerifyPeer = false  - Libcurl will NOT verify peer certificate
LogInit:  - bUseHttpProxy = false  - Libcurl will NOT use HTTP proxy
LogInit:  - bDontReuseConnections = false  - Libcurl will reuse connections
LogInit:  - CertBundlePath = nullptr  - Libcurl will use whatever was configured at build time.
LogInit: Build: ++UE4+Release-4.15-CL-3348071
LogInit: Engine Version: 4.15.1-3348071+++UE4+Release-4.15
LogInit: Compatible Engine Version: 4.15.0-3299760+++UE4+Release-4.15
LogInit: Net CL: 3299760
LogDevObjectVersion: Number of dev versions registered: 14
LogDevObjectVersion:   Dev-Blueprints (B0D832E4-1F89-4F0D-ACCF-7EB736FD4AA2): 8
LogDevObjectVersion:   Dev-Build (E1C64328-A22C-4D53-A36C-8E866417BD8C): 0
LogDevObjectVersion:   Dev-Core (375EC13C-06E4-48FB-B500-84F0262A717E): 2
LogDevObjectVersion:   Dev-Editor (E4B068ED-F494-42E9-A231-DA0B2E46BB41): 14
LogDevObjectVersion:   Dev-Framework (CFFC743F-43B0-4480-9391-14DF171D2073): 22
LogDevObjectVersion:   Dev-Mobile (B02B49B5-BB20-44E9-A304-32B752E40360): 0
LogDevObjectVersion:   Dev-Networking (A4E4105C-59A1-49B5-A7C5-40C4547EDFEE): 0
LogDevObjectVersion:   Dev-Online (39C831C9-5AE6-47DC-9A44-9C173E1C8E7C): 0
LogDevObjectVersion:   Dev-Physics (78F01B33-EBEA-4F98-B9B4-84EACCB95AA2): 0
LogDevObjectVersion:   Dev-Platform (6631380F-2D4D-43E0-8009-CF276956A95A): 0
LogDevObjectVersion:   Dev-Rendering (12F88B9F-8875-4AFC-A67C-D90C383ABD29): 12
LogDevObjectVersion:   Dev-Sequencer (7B5AE74C-D270-4C10-A958-57980B212A5A): 3
LogDevObjectVersion:   Dev-VR (D7296918-1DD6-4BDD-9DE2-64A83CC13884): 0
LogDevObjectVersion:   Dev-LoadTimes (C2A15278-BFE7-4AFE-6C17-90FF531DF755): 1
LogInit: Compiled (64-bit): Mar 15 2017 16:52:47
LogInit: Compiled with Visual C++: 19.00.23026.00
LogInit: Build Configuration: Development
LogInit: Branch Name: ++UE4+Release-4.15
LogInit: Command line:  
LogInit: Base directory: C:/Program Files/Epic Games/UE_4.15/Engine/Binaries/Win64/
LogInit: Installed Engine Build: 1
LogInit: Presizing for max 8388607 objects, including 0 objects not considered by GC, pre-allocating 0 bytes for permanent pool.
LogInit: Object subsystem initialized
[2017.04.25-22.23.33:296][  0]LogInit: Selected Device Profile: [Windows]
[2017.04.25-22.23.33:296][  0]LogInit: Applying CVar settings loaded from the selected device profile: [Windows]
[2017.04.25-22.23.33:328][  0]LogInit: Computer: SEAGULL_LAPTOP
[2017.04.25-22.23.33:328][  0]LogInit: User: JMcNulty99
[2017.04.25-22.23.33:328][  0]LogInit: CPU Page size=65536, Cores=4
[2017.04.25-22.23.33:328][  0]LogInit: High frequency timer resolution =2.338435 MHz
[2017.04.25-22.23.33:328][  0]LogMemory: Memory total: Physical=7.9GB (8GB approx)
[2017.04.25-22.23.33:328][  0]LogMemory: Platform Memory Stats for Windows
[2017.04.25-22.23.33:328][  0]LogMemory: Process Physical Memory: 262.02 MB used, 262.02 MB peak
[2017.04.25-22.23.33:328][  0]LogMemory: Process Virtual Memory: 262.74 MB used, 262.74 MB peak
[2017.04.25-22.23.33:328][  0]LogMemory: Physical Memory: 4373.59 MB used,  3684.18 MB free, 8057.77 MB total
[2017.04.25-22.23.33:328][  0]LogMemory: Virtual Memory: 625.07 MB used,  3684.18 MB free, 134217728.00 MB total
[2017.04.25-22.23.33:711][  0]LogTextLocalizationManager: No specific translations for ('en-US') exist, so ('en') translations will be used.
[2017.04.25-22.23.36:224][  0]LogD3D11RHI: D3D11 adapters:
[2017.04.25-22.23.36:255][  0]LogD3D11RHI:    0. 'NVIDIA GeForce GTX 660M' (Feature Level 11_0)
[2017.04.25-22.23.36:255][  0]LogD3D11RHI:       1974/0/4028 MB DedicatedVideo/DedicatedSystem/SharedSystem, Outputs:1, VendorId:0x10de
[2017.04.25-22.23.36:276][  0]LogD3D11RHI:    1. 'NVIDIA GeForce GTX 660M' (Feature Level 11_0)
[2017.04.25-22.23.36:276][  0]LogD3D11RHI:       1974/0/4028 MB DedicatedVideo/DedicatedSystem/SharedSystem, Outputs:0, VendorId:0x10de
[2017.04.25-22.23.36:277][  0]LogD3D11RHI:    2. 'Microsoft Basic Render Driver' (Feature Level 11_0)
[2017.04.25-22.23.36:277][  0]LogD3D11RHI:       1974/0/4028 MB DedicatedVideo/DedicatedSystem/SharedSystem, Outputs:0, VendorId:0x1414
[2017.04.25-22.23.36:277][  0]LogD3D11RHI: Chosen D3D11 Adapter: 0
[2017.04.25-22.23.36:285][  0]LogD3D11RHI: Creating new Direct3DDevice
[2017.04.25-22.23.36:285][  0]LogD3D11RHI:     GPU DeviceId: 0xfd4 (for the marketing name, search the web for "GPU Device Id")
[2017.04.25-22.23.36:285][  0]LogWindows: EnumDisplayDevices:
[2017.04.25-22.23.36:285][  0]LogWindows:    0. 'Intel(R) HD Graphics 4000' (P:1 D:1)
[2017.04.25-22.23.36:285][  0]LogWindows:    1. 'Intel(R) HD Graphics 4000' (P:0 D:0)
[2017.04.25-22.23.36:285][  0]LogWindows:    2. 'Intel(R) HD Graphics 4000' (P:0 D:0)
[2017.04.25-22.23.36:286][  0]LogWindows:    3. 'NVIDIA GeForce GTX 660M' (P:0 D:0)
[2017.04.25-22.23.36:286][  0]LogWindows: DebugString: PrimaryIsNotTheChoosenAdapter PrimaryIsNotTheChoosenAdapter PrimaryIsNotTheChoosenAdapter 
[2017.04.25-22.23.36:286][  0]LogD3D11RHI:     Adapter Name: NVIDIA GeForce GTX 660M
[2017.04.25-22.23.36:286][  0]LogD3D11RHI:   Driver Version: 372.54 (internal:21.21.13.7254, unified:372.54)
[2017.04.25-22.23.36:286][  0]LogD3D11RHI:      Driver Date: 8-11-2016
[2017.04.25-22.23.36:286][  0]LogRHI: Texture pool is 1361 MB (70% of 1945 MB)
[2017.04.25-22.23.36:302][  0]LogD3D11RHI:Warning: Timestamp queries are currently disabled on this hardware due to instability. Realtime GPU stats will not be available. You can override this behaviour by setting r.NVIDIATimestampWorkaround to 0
[2017.04.25-22.23.36:305][  0]LogD3D11RHI: Async texture creation enabled
[2017.04.25-22.23.36:341][  0]LogD3D11RHI: GPU Timing Frequency: 1000.000000 (Debug: 2 2)
[2017.04.25-22.23.36:347][  0]LogShaderCompilers: Guid format shader working directory is -20 characters bigger than the processId version (../../../../../../Users/JMcNulty99/Documents/LazerPuzzle_Game/GameFiles/Intermediate/Shaders/WorkingDirectory/9020/).
[2017.04.25-22.23.36:347][  0]LogShaderCompilers: Cleaned the shader compiler working directory 'C:/Users/JMcNulty99/AppData/Local/Temp/UnrealShaderWorkingDir/F08A6320436413C7EC2806A5FD7DC769/'.
[2017.04.25-22.23.36:347][  0]LogShaderCompilers:Display: Using Local Shader Compiler.
[2017.04.25-22.23.38:907][  0]LogTemp:Display: Loaded TP AllDesktopTargetPlatform
[2017.04.25-22.23.38:968][  0]LogTemp:Display: Loaded TP MacClientTargetPlatform
[2017.04.25-22.23.39:029][  0]LogTemp:Display: Loaded TP MacNoEditorTargetPlatform
[2017.04.25-22.23.39:089][  0]LogTemp:Display: Loaded TP MacServerTargetPlatform
[2017.04.25-22.23.39:156][  0]LogTemp:Display: Loaded TP MacTargetPlatform
[2017.04.25-22.23.39:219][  0]LogTemp:Display: Loaded TP WindowsClientTargetPlatform
[2017.04.25-22.23.39:280][  0]LogTemp:Display: Loaded TP WindowsNoEditorTargetPlatform
[2017.04.25-22.23.39:341][  0]LogTemp:Display: Loaded TP WindowsServerTargetPlatform
[2017.04.25-22.23.39:390][  0]LogTemp:Display: Loaded TP WindowsTargetPlatform
[2017.04.25-22.23.39:454][  0]LogTemp:Display: Loaded TP AndroidTargetPlatform
[2017.04.25-22.23.39:514][  0]LogTemp:Display: Loaded TP Android_ASTCTargetPlatform
[2017.04.25-22.23.39:573][  0]LogTemp:Display: Loaded TP Android_ATCTargetPlatform
[2017.04.25-22.23.39:634][  0]LogTemp:Display: Loaded TP Android_DXTTargetPlatform
[2017.04.25-22.23.39:693][  0]LogTemp:Display: Loaded TP Android_ETC1TargetPlatform
[2017.04.25-22.23.39:754][  0]LogTemp:Display: Loaded TP Android_ETC2TargetPlatform
[2017.04.25-22.23.39:876][  0]LogTemp:Display: Loaded TP Android_MultiTargetPlatform
[2017.04.25-22.23.39:876][  0]LogTemp:Display: Loaded TP Android_PVRTCTargetPlatform
[2017.04.25-22.23.39:915][  0]LogTemp:Display: Loaded TP HTML5TargetPlatform
[2017.04.25-22.23.40:048][  0]LogTemp:Display: Loaded TP IOSTargetPlatform
[2017.04.25-22.23.40:090][  0]LogTemp:Display: Loaded TP TVOSTargetPlatform
[2017.04.25-22.23.40:152][  0]LogTemp:Display: Loaded TP LinuxClientTargetPlatform
[2017.04.25-22.23.40:214][  0]LogTemp:Display: Loaded TP LinuxNoEditorTargetPlatform
[2017.04.25-22.23.40:275][  0]LogTemp:Display: Loaded TP LinuxServerTargetPlatform
[2017.04.25-22.23.40:340][  0]LogTemp:Display: Loaded TP LinuxTargetPlatform
[2017.04.25-22.23.40:340][  0]LogTargetPlatformManager:Display: Building Assets For Windows
[2017.04.25-22.23.41:110][  0]LogDerivedDataCache:Display: Max Cache Size: 512 MB
[2017.04.25-22.23.41:301][  0]LogDerivedDataCache: Loaded boot cache 0.19s 50MB C:/Users/JMcNulty99/AppData/Local/UnrealEngine/4.15/DerivedDataCache/Boot.ddc.
[2017.04.25-22.23.41:301][  0]LogDerivedDataCache:Display: Loaded Boot cache: C:/Users/JMcNulty99/AppData/Local/UnrealEngine/4.15/DerivedDataCache/Boot.ddc
[2017.04.25-22.23.41:301][  0]LogDerivedDataCache: FDerivedDataBackendGraph:  Pak pak cache file ../../../../../../Users/JMcNulty99/Documents/LazerPuzzle_Game/GameFiles/DerivedDataCache/DDC.ddp not found, will not use a pak cache.
[2017.04.25-22.23.41:301][  0]LogDerivedDataCache: Unable to find inner node Pak for hierarchical cache Hierarchy.
[2017.04.25-22.23.41:301][  0]LogDerivedDataCache: FDerivedDataBackendGraph:  CompressedPak pak cache file ../../../../../../Users/JMcNulty99/Documents/LazerPuzzle_Game/GameFiles/DerivedDataCache/Compressed.ddp not found, will not use a pak cache.
[2017.04.25-22.23.41:301][  0]LogDerivedDataCache: Unable to find inner node CompressedPak for hierarchical cache Hierarchy.
[2017.04.25-22.23.41:330][  0]LogDerivedDataCache:Display: Pak cache opened for reading ../../../Engine/DerivedDataCache/Compressed.ddp.
[2017.04.25-22.23.41:342][  0]LogDerivedDataCache: Using Local data cache path C:/Users/JMcNulty99/AppData/Local/UnrealEngine/Common/DerivedDataCache: Writable
[2017.04.25-22.23.41:362][  0]LogSlate: Using Freetype 2.6.0
[2017.04.25-22.23.41:370][  0]LogSlate: SlateFontCache - WITH_FREETYPE: 1, WITH_HARFBUZZ: 1
[2017.04.25-22.23.41:370][  0]LogSlate: SlateFontCache - WITH_FREETYPE: 1, WITH_HARFBUZZ: 1
[2017.04.25-22.23.44:492][  0]LogInit: Selected Device Profile: [Windows]
[2017.04.25-22.23.44:500][  0]LogContentStreaming: Texture pool size is 0.00 MB
[2017.04.25-22.23.44:789][  0]LogMeshUtilities: Using QuadricMeshReduction for automatic static mesh reduction
[2017.04.25-22.23.44:836][  0]LogSimplygon: Simplygon DLL not present - disabling.
[2017.04.25-22.23.44:887][  0]LogMeshUtilities: Using SimplygonSwarm for distributed automatic mesh merging
[2017.04.25-22.23.44:887][  0]LogMeshUtilities: No automatic skeletal mesh reduction module available
[2017.04.25-22.23.44:887][  0]LogMeshUtilities: No automatic mesh merging module available
[2017.04.25-22.23.46:310][  0]LogNetVersion: GetLocalNetworkVersion: CL: 3299760, ProjectName: laserpuzzle, ProjectVersion: , EngineNetworkVersion: 2, GameNetworkVersion: 0, NetworkChecksum: 640879885
[2017.04.25-22.23.46:368][  0]LogAssetRegistry: FAssetRegistry took 0.0245 seconds to start up
[2017.04.25-22.23.46:430][  0]LogPackageLocalizationCache: Processed 3 localized package path(s) for 2 prioritized culture(s) in 0.034707 seconds
[2017.04.25-22.23.46:437][  0]LogUObjectArray: 32493 objects as part of root set at end of initial load.
[2017.04.25-22.23.46:437][  0]LogUObjectAllocator: 7077024 out of 0 bytes used by permanent object pool.
[2017.04.25-22.23.46:437][  0]LogUObjectArray: CloseDisregardForGC: 0/0 objects in disregard for GC pool
[2017.04.25-22.23.46:511][  0]LogInit: WinSock: version 1.1 (2.2), MaxSocks=32767, MaxUdp=65467
[2017.04.25-22.23.49:799][  0]LogTcpMessaging: Initializing TcpMessaging bridge
[2017.04.25-22.23.49:843][  0]LogUdpMessaging: Initializing bridge on interface 0.0.0.0:0 to multicast group 230.0.0.1:6666.
[2017.04.25-22.23.50:424][  0]LogMaterial: Uniform references updated for custom material expression Custom.
[2017.04.25-22.23.50:866][  0]SourceControl: Info Source control is disabled
[2017.04.25-22.23.51:024][  0]SourceControl: Info Source control is disabled
[2017.04.25-22.23.51:085][  0]SourceControl: Info Source control is disabled
[2017.04.25-22.23.51:141][  0]SourceControl: Info Source control is disabled
[2017.04.25-22.23.52:586][  0]LogEngine: Initializing Engine...
[2017.04.25-22.23.52:587][  0]LogHMD: Failed to initialize OpenVR with code 110
[2017.04.25-22.23.52:863][  0]LogAIModule: Creating AISystem for world Untitled
[2017.04.25-22.23.52:881][  0]LogInit: XAudio2 using 'Speakers (High Definition Audio Device)' : 2 channels at 44.1 kHz using 16 bits per sample (channel mask 0x3)
[2017.04.25-22.23.52:899][  0]LogInit: FAudioDevice initialized.
[2017.04.25-22.23.52:930][  0]LogDerivedDataCache: Saved boot cache 0.03s 50MB C:/Users/JMcNulty99/AppData/Local/UnrealEngine/4.15/DerivedDataCache/Boot.ddc.
[2017.04.25-22.23.52:937][  0]LogInit: Texture streaming: Enabled
[2017.04.25-22.23.53:050][  0]LogEngineSessionManager: EngineSessionManager initialized
[2017.04.25-22.23.53:150][  0]LogInit: Transaction tracking system initialized
[2017.04.25-22.23.53:541][  0]BlueprintLog: New page: Editor Load
[2017.04.25-22.23.54:571][  0]LocalizationService: Info Localization service is disabled
[2017.04.25-22.23.55:321][  0]LogConsoleResponse:Display: 
[2017.04.25-22.23.55:487][  0]LogCook:Display: Max memory allowance for cook 16384mb min free memory 0mb
[2017.04.25-22.23.55:487][  0]LogCook:Display: Mobile HDR setting 1
[2017.04.25-22.23.55:643][  0]LogFileCache: Scanning file cache for directory 'C:/Users/JMcNulty99/Documents/LazerPuzzle_Game/GameFiles/Content/' took 0.02s
[2017.04.25-22.23.56:631][  0]SourceControl: Info Source control is disabled
[2017.04.25-22.23.56:633][  0]Cmd: MAP LOAD FILE="../../../../../../Users/JMcNulty99/Documents/LazerPuzzle_Game/GameFiles/Content/StarterContent/Maps/Minimal_Default.umap" TEMPLATE=0 SHOWPROGRESS=1 FEATURELEVEL=3
[2017.04.25-22.23.56:634][  0]LightingResults: New page: Lighting Build
[2017.04.25-22.23.56:685][  0]MapCheck: New page: Map Check
[2017.04.25-22.23.56:685][  0]LightingResults: New page: Lighting Build
[2017.04.25-22.23.56:890][  0]LogBlueprint:Error: [Compiler BP_Lazer] Error Macro node  Macro instance  is pointing at an invalid macro graph.
[2017.04.25-22.23.56:897][  0]LogBlueprint:Error: [Compiler BP_Lazer] Error Unexpected node type K2Node_MacroInstance encountered at  Macro instance
[2017.04.25-22.23.56:897][  0]LogBlueprint:Error: [Compiler BP_Lazer] Error Unexpected node type K2Node_MacroInstance encountered at  Macro instance
[2017.04.25-22.23.56:906][  0]LogBlueprint:Warning: [Compiler BP_Lazer] Warning [0027.87] Compile of BP_Lazer failed. 3 Fatal Issue(s) 0 Warning(s) [in 16 ms] (/Game/Blueprints/BP_Lazer.BP_Lazer)
[2017.04.25-22.23.56:906][  0]LogBlueprint:Warning: [Compiler BP_Lazer] Warning [0027.87] Compile of BP_Lazer failed. 3 Fatal Issue(s) 1 Warning(s) [in 0 ms] (/Game/Blueprints/BP_Lazer.BP_Lazer)
[2017.04.25-22.23.56:906][  0]LogBlueprint:Warning: [Compiler BP_Lazer] Warning [0027.87] Compile of BP_Lazer failed. 3 Fatal Issue(s) 2 Warning(s) [in 0 ms] (/Game/Blueprints/BP_Lazer.BP_Lazer)
[2017.04.25-22.23.57:143][  0]LogAIModule: Creating AISystem for world Minimal_Default
[2017.04.25-22.23.57:183][  0]LogEditorServer: Finished looking for orphan Actors (0.000 secs)
[2017.04.25-22.23.57:184][  0]Cmd: MAP CHECKDEP NOCLEARLOG
[2017.04.25-22.23.57:229][  0]MapCheck: Info Map check complete: 0 Error(s), 0 Warning(s), took 44.845ms to complete.
[2017.04.25-22.23.57:229][  0]LogFileHelpers: Loading map 'Minimal_Default' took 0.597
[2017.04.25-22.23.57:489][  0]LogCollectionManager: Loaded 0 collections in 0.001814 seconds
[2017.04.25-22.23.57:587][  0]LogFileCache: Scanning file cache for directory 'C:/Users/JMcNulty99/Documents/LazerPuzzle_Game/GameFiles/Saved/Collections/' took 0.01s
[2017.04.25-22.23.57:587][  0]LogFileCache: Scanning file cache for directory 'C:/Users/JMcNulty99/Documents/LazerPuzzle_Game/GameFiles/Content/Developers/JMcNulty99/Collections/' took 0.01s
[2017.04.25-22.23.57:587][  0]LogFileCache: Scanning file cache for directory 'C:/Users/JMcNulty99/Documents/LazerPuzzle_Game/GameFiles/Content/Collections/' took 0.01s
[2017.04.25-22.23.57:587][  0]LogCollectionManager: Rebuilt the GUID cache for 0 collections in 0.000002 seconds
[2017.04.25-22.23.57:601][  0]LogContentBrowser: Native class hierarchy populated in 0.0114 seconds. Added 2245 classes and 453 folders.
[2017.04.25-22.23.57:608][  0]LogStats: UGameplayTagsManager::ConstructGameplayTagTree: Construct from data asset -  0.000 s
[2017.04.25-22.23.57:608][  0]LogStats: UGameplayTagsManager::ConstructGameplayTagTree: GameplayTagTreeChangedEvent.Broadcast -  0.000 s
[2017.04.25-22.23.57:675][  0]LogContentBrowser: Native class hierarchy updated for 'WidgetCarousel' in 0.0005 seconds. Added 0 classes and 0 folders.
[2017.04.25-22.23.58:021][  0]LogContentBrowser: Native class hierarchy updated for 'AddContentDialog' in 0.0006 seconds. Added 0 classes and 0 folders.
[2017.04.25-22.23.58:072][  0]LogContentBrowser: Native class hierarchy updated for 'SceneOutliner' in 0.0006 seconds. Added 1 classes and 2 folders.
[2017.04.25-22.23.58:301][  0]LogContentBrowser: Native class hierarchy updated for 'WorldBrowser' in 0.0006 seconds. Added 1 classes and 3 folders.
[2017.04.25-22.23.58:341][  0]LogCrashTracker: Crashtracker disabled due to settings.
[2017.04.25-22.23.58:352][  0]LogUObjectGlobals:Warning: Failed to find object 'Class None.'
[2017.04.25-22.23.58:427][  0]LogContentBrowser: Native class hierarchy updated for 'HierarchicalLODOutliner' in 0.0006 seconds. Added 1 classes and 2 folders.
[2017.04.25-22.23.58:427][  0]LogLoad: (Engine Initialization) Total time: 29.40 seconds
[2017.04.25-22.23.58:427][  0]LogLoad: (Engine Initialization) Total Blueprint compile time: 0.17 seconds
[2017.04.25-22.23.58:427][  0]LogExternalProfiler: Found external profiler: VSPerf
[2017.04.25-22.23.58:427][  0]LogExternalProfiler: Using external profiler: VSPerf
[2017.04.25-22.23.58:436][  0]LogOcInput: OculusInput pre-init called
[2017.04.25-22.23.58:437][  0]LoadErrors:Error: Error /Game/Blueprints/BP_Lazer : Failed import for EdGraph /Engine/EditorBlueprintResources/StandardMacros.StandardMacros:DoWhile
[2017.04.25-22.23.58:462][  0]LogContentStreaming: Texture pool size now 1000 MB
[2017.04.25-22.23.58:482][  0]LogSlate: Took 0.005280 seconds to synchronously load lazily loaded font '../../../Engine/Content/Slate/Fonts/Roboto-Regular.ttf' (155K)
[2017.04.25-22.23.58:493][  0]LogSlate: Took 0.005683 seconds to synchronously load lazily loaded font '../../../Engine/Content/Slate/Fonts/Roboto-Bold.ttf' (160K)
[2017.04.25-22.23.58:508][  0]LogSlate: Took 0.006723 seconds to synchronously load lazily loaded font '../../../Engine/Content/Editor/Slate/Fonts/FontAwesome.ttf' (139K)
[2017.04.25-22.23.58:661][  0]LogSlate: Took 0.005620 seconds to synchronously load lazily loaded font '../../../Engine/Content/Slate/Fonts/Roboto-Light.ttf' (159K)
[2017.04.25-22.23.58:724][  0]LogRenderer: Reallocating scene render targets to support 652x380 NumSamples 1 (Frame:2).
[2017.04.25-22.23.58:862][  1]LogAssetRegistry: Asset discovery search completed in 12.5173 seconds
[2017.04.25-22.23.58:862][  1]LogCollectionManager: Rebuilt the object cache for 0 collections in 0.000007 seconds (found 0 objects)
[2017.04.25-22.23.58:862][  1]LogCollectionManager: Fixed up redirectors for 0 collections in 0.000294 seconds (updated 0 objects)
[2017.04.25-22.23.59:477][ 21]LogSlate: Took 0.000271 seconds to synchronously load lazily loaded font '../../../Engine/Content/Slate/Fonts/Roboto-Light.ttf' (159K)
[2017.04.25-22.24.08:426][483]LogSlate: Took 0.000165 seconds to synchronously load lazily loaded font '../../../Engine/Content/Slate/Fonts/Roboto-Light.ttf' (159K)
[2017.04.25-22.24.08:924][483]LogSlate: Took 0.000230 seconds to synchronously load lazily loaded font '../../../Engine/Content/Slate/Fonts/Roboto-Regular.ttf' (155K)
[2017.04.25-22.24.09:053][483]LogContentBrowser: Native class hierarchy updated for 'BlueprintGraph' in 0.0010 seconds. Added 112 classes and 0 folders.
[2017.04.25-22.24.10:011][483]LogSlate: Took 0.004326 seconds to synchronously load lazily loaded font '../../../Engine/Content/Editor/Slate/Fonts/Roboto-BoldCondensed.ttf' (158K)
[2017.04.25-22.24.15:491][747]LogSlate: Took 0.004580 seconds to synchronously load lazily loaded font '../../../Engine/Content/Editor/Slate/Fonts/Roboto-Italic.ttf' (157K)
[2017.04.25-22.24.22:168][115]Cmd: OBJ SAVEPACKAGE PACKAGE="/Game/Blueprints/BP_Lazer" FILE="../../../../../../Users/JMcNulty99/Documents/LazerPuzzle_Game/GameFiles/Content/Blueprints/BP_Lazer.uasset" SILENT=true
[2017.04.25-22.24.22:237][115]LogSavePackage: Save=57.97ms
[2017.04.25-22.24.22:237][115]LogSavePackage: Moving '../../../../../../Users/JMcNulty99/Documents/LazerPuzzle_Game/GameFiles/Saved/BP_Lazer31B5463B4666A2105B7F33926E7B8601.tmp' to '../../../../../../Users/JMcNulty99/Documents/LazerPuzzle_Game/GameFiles/Content/Blueprints/BP_Lazer.uasset'
[2017.04.25-22.24.22:239][115]LogSavePackage:Display: Finished SavePackage ../../../../../../Users/JMcNulty99/Documents/LazerPuzzle_Game/GameFiles/Content/Blueprints/BP_Lazer.uasset
[2017.04.25-22.25.10:523][774]LogSlate: Took 0.006325 seconds to synchronously load lazily loaded font '../../../Engine/Content/Editor/Slate/Fonts/Roboto-BoldCondensedItalic.ttf' (160K)
[2017.04.25-22.25.20:839][360]BlueprintLog: New page: Compile BP_Lazer
[2017.04.25-22.25.20:874][360]LogBlueprint:Error: [Compiler BP_Lazer] Error Macro node  Macro instance  is pointing at an invalid macro graph.
[2017.04.25-22.25.20:879][360]LogBlueprint:Error: [Compiler BP_Lazer] Error Unexpected node type K2Node_MacroInstance encountered at  Macro instance
[2017.04.25-22.25.20:879][360]LogBlueprint:Error: [Compiler BP_Lazer] Error Unexpected node type K2Node_MacroInstance encountered at  Macro instance
[2017.04.25-22.25.21:429][360]BlueprintEditorCompileResults:Error: Error Macro node  Macro instance  is pointing at an invalid macro graph.
[2017.04.25-22.25.21:429][360]BlueprintEditorCompileResults:Error: Error Unexpected node type K2Node_MacroInstance encountered at  Macro instance
[2017.04.25-22.25.21:429][360]BlueprintEditorCompileResults:Error: Error Unexpected node type K2Node_MacroInstance encountered at  Macro instance
[2017.04.25-22.25.21:429][360]LogBlueprint:Warning: [Compiler BP_Lazer] Warning [0112.40] Compile of BP_Lazer failed. 3 Fatal Issue(s) 0 Warning(s) [in 590 ms] (/Game/Blueprints/BP_Lazer.BP_Lazer)
[2017.04.25-22.25.21:932][380]Cmd: OBJ SAVEPACKAGE PACKAGE="/Game/Blueprints/BP_Lazer" FILE="../../../../../../Users/JMcNulty99/Documents/LazerPuzzle_Game/GameFiles/Content/Blueprints/BP_Lazer.uasset" SILENT=true
[2017.04.25-22.25.22:044][380]LogSavePackage: Save=80.95ms
[2017.04.25-22.25.22:044][380]LogSavePackage: Moving '../../../../../../Users/JMcNulty99/Documents/LazerPuzzle_Game/GameFiles/Saved/BP_LazerB67944164446BF778E32408ACC509AD8.tmp' to '../../../../../../Users/JMcNulty99/Documents/LazerPuzzle_Game/GameFiles/Content/Blueprints/BP_Lazer.uasset'
[2017.04.25-22.25.22:051][380]LogSavePackage:Display: Finished SavePackage ../../../../../../Users/JMcNulty99/Documents/LazerPuzzle_Game/GameFiles/Content/Blueprints/BP_Lazer.uasset
[2017.04.25-22.26.49:483][454]BlueprintLog: New page: Compile BP_Lazer
[2017.04.25-22.26.49:518][454]LogBlueprint:Error: [Compiler BP_Lazer] Error Macro node  Macro instance  is pointing at an invalid macro graph.
[2017.04.25-22.26.49:524][454]LogBlueprint:Error: [Compiler BP_Lazer] Error Unexpected node type K2Node_MacroInstance encountered at  Macro instance
[2017.04.25-22.26.49:524][454]LogBlueprint:Error: [Compiler BP_Lazer] Error Unexpected node type K2Node_MacroInstance encountered at  Macro instance
[2017.04.25-22.26.49:769][454]BlueprintEditorCompileResults:Error: Error Macro node  Macro instance  is pointing at an invalid macro graph.
[2017.04.25-22.26.49:769][454]BlueprintEditorCompileResults:Error: Error Unexpected node type K2Node_MacroInstance encountered at  Macro instance
[2017.04.25-22.26.49:769][454]BlueprintEditorCompileResults:Error: Error Unexpected node type K2Node_MacroInstance encountered at  Macro instance
[2017.04.25-22.26.49:770][454]LogBlueprint:Warning: [Compiler BP_Lazer] Warning [0200.74] Compile of BP_Lazer failed. 3 Fatal Issue(s) 0 Warning(s) [in 286 ms] (/Game/Blueprints/BP_Lazer.BP_Lazer)
[2017.04.25-22.26.50:353][479]Cmd: OBJ SAVEPACKAGE PACKAGE="/Game/Blueprints/BP_Lazer" FILE="../../../../../../Users/JMcNulty99/Documents/LazerPuzzle_Game/GameFiles/Content/Blueprints/BP_Lazer.uasset" SILENT=true
[2017.04.25-22.26.50:440][479]LogSavePackage: Save=77.73ms
[2017.04.25-22.26.50:440][479]LogSavePackage: Moving '../../../../../../Users/JMcNulty99/Documents/LazerPuzzle_Game/GameFiles/Saved/BP_LazerF5FDDC9E4FF720AF9743AB9C2A7026E8.tmp' to '../../../../../../Users/JMcNulty99/Documents/LazerPuzzle_Game/GameFiles/Content/Blueprints/BP_Lazer.uasset'
[2017.04.25-22.26.50:445][479]LogSavePackage:Display: Finished SavePackage ../../../../../../Users/JMcNulty99/Documents/LazerPuzzle_Game/GameFiles/Content/Blueprints/BP_Lazer.uasset
[2017.04.25-22.27.13:378][769]BlueprintLog: New page: Compile BP_Lazer
[2017.04.25-22.27.16:948][934]BlueprintLog: New page: Compile BP_Lazer
[2017.04.25-22.27.17:788][963]Cmd: OBJ SAVEPACKAGE PACKAGE="/Game/Blueprints/BP_Lazer" FILE="../../../../../../Users/JMcNulty99/Documents/LazerPuzzle_Game/GameFiles/Content/Blueprints/BP_Lazer.uasset" SILENT=true
[2017.04.25-22.27.17:881][963]LogSavePackage: Save=83.30ms
[2017.04.25-22.27.17:881][963]LogSavePackage: Moving '../../../../../../Users/JMcNulty99/Documents/LazerPuzzle_Game/GameFiles/Saved/BP_Lazer87FC030C4AB8FAF895B4718EAE034961.tmp' to '../../../../../../Users/JMcNulty99/Documents/LazerPuzzle_Game/GameFiles/Content/Blueprints/BP_Lazer.uasset'
[2017.04.25-22.27.17:885][963]LogSavePackage:Display: Finished SavePackage ../../../../../../Users/JMcNulty99/Documents/LazerPuzzle_Game/GameFiles/Content/Blueprints/BP_Lazer.uasset
[2017.04.25-22.27.22:493][285]LogTemp: Repeting last play command: Simulate
[2017.04.25-22.27.22:522][285]LogBlueprintUserMessages: Early PlayInEditor Detection: Level '/Game/StarterContent/Maps/Minimal_Default.Minimal_Default:PersistentLevel' has LevelScriptBlueprint '/Game/StarterContent/Maps/Minimal_Default.Minimal_Default:PersistentLevel.Minimal_Default' with GeneratedClass '/Game/StarterContent/Maps/Minimal_Default.Minimal_Default_C' with ClassGeneratedBy '/Game/StarterContent/Maps/Minimal_Default.Minimal_Default:PersistentLevel.Minimal_Default'
[2017.04.25-22.27.22:522][285]BlueprintLog: New page: Pre-Play auto-recompile
[2017.04.25-22.27.22:522][285]LogPlayLevel: [PlayLevel] Compiling StandardMacros before play...
[2017.04.25-22.27.22:823][285]LogPlayLevel: PlayLevel: Blueprint regeneration took 301 ms (1 blueprints)
[2017.04.25-22.27.22:825][285]PIE: New page: SIE session: Minimal_Default (Apr 25, 2017, 2:27:22 PM)
[2017.04.25-22.27.22:826][285]LogPlayLevel: Creating play world package: /Game/StarterContent/Maps/UEDPIE_0_Minimal_Default
[2017.04.25-22.27.22:836][285]LogPlayLevel: PIE: StaticDuplicateObject took: (0.010159s)
[2017.04.25-22.27.22:837][285]LogAIModule: Creating AISystem for world Minimal_Default
[2017.04.25-22.27.22:837][285]LogPlayLevel: PIE: World Init took: (0.000986s)
[2017.04.25-22.27.22:837][285]LogPlayLevel: PIE: Created PIE world by copying editor world from /Game/StarterContent/Maps/Minimal_Default.Minimal_Default to /Game/StarterContent/Maps/UEDPIE_0_Minimal_Default.Minimal_Default (0.011623s)
[2017.04.25-22.27.22:867][285]LogInit: XAudio2 using 'Speakers (High Definition Audio Device)' : 2 channels at 44.1 kHz using 16 bits per sample (channel mask 0x3)
[2017.04.25-22.27.22:876][285]LogInit: FAudioDevice initialized.
[2017.04.25-22.27.22:926][285]LogLoad: Game class is 'GameModeBase'
[2017.04.25-22.27.22:932][285]LogWorld: Bringing World /Game/StarterContent/Maps/UEDPIE_0_Minimal_Default.Minimal_Default up for play (max tick rate 0) at 2017.04.25-18.27.22
[2017.04.25-22.27.22:933][285]LogWorld: Bringing up level for play took: 0.003775
[2017.04.25-22.27.22:934][285]LogGameMode: FindPlayerStart: PATHS NOT DEFINED or NO PLAYERSTART with positive rating
[2017.04.25-22.27.22:995][285]LogContentBrowser: Native class hierarchy updated for 'MovieSceneCapture' in 0.0008 seconds. Added 11 classes and 0 folders.
[2017.04.25-22.27.22:996][285]PIE: Info Play in editor start time for /Game/StarterContent/Maps/UEDPIE_0_Minimal_Default 1.33
[2017.04.25-22.27.23:005][285]LogBlueprintUserMessages: Late PlayInEditor Detection: Level '/Game/StarterContent/Maps/Minimal_Default.Minimal_Default:PersistentLevel' has LevelScriptBlueprint '/Game/StarterContent/Maps/Minimal_Default.Minimal_Default:PersistentLevel.Minimal_Default' with GeneratedClass '/Game/StarterContent/Maps/Minimal_Default.Minimal_Default_C' with ClassGeneratedBy '/Game/StarterContent/Maps/Minimal_Default.Minimal_Default:PersistentLevel.Minimal_Default'
[2017.04.25-22.27.49:964][ 44]LogRenderer: Reallocating scene render targets to support 668x380 NumSamples 1 (Frame:9721).
[2017.04.25-22.27.50:029][ 45]LogRenderer: Reallocating scene render targets to support 692x380 NumSamples 1 (Frame:9723).
[2017.04.25-22.27.50:104][ 46]LogRenderer: Reallocating scene render targets to support 720x380 NumSamples 1 (Frame:9725).
[2017.04.25-22.27.50:172][ 47]LogRenderer: Reallocating scene render targets to support 744x380 NumSamples 1 (Frame:9727).
[2017.04.25-22.27.50:242][ 48]LogRenderer: Reallocating scene render targets to support 772x380 NumSamples 1 (Frame:9729).
[2017.04.25-22.27.50:308][ 49]LogRenderer: Reallocating scene render targets to support 800x380 NumSamples 1 (Frame:9731).
[2017.04.25-22.27.50:376][ 50]LogRenderer: Reallocating scene render targets to support 824x380 NumSamples 1 (Frame:9733).
[2017.04.25-22.27.50:441][ 51]LogRenderer: Reallocating scene render targets to support 832x380 NumSamples 1 (Frame:9735).
[2017.04.25-22.27.50:514][ 52]LogRenderer: Reallocating scene render targets to support 836x380 NumSamples 1 (Frame:9737).
[2017.04.25-22.27.50:579][ 53]LogRenderer: Reallocating scene render targets to support 840x380 NumSamples 1 (Frame:9739).
[2017.04.25-22.27.51:796][120]LogRenderer: Reallocating scene render targets to support 840x392 NumSamples 1 (Frame:9810).
[2017.04.25-22.27.51:872][121]LogRenderer: Reallocating scene render targets to support 840x404 NumSamples 1 (Frame:9812).
[2017.04.25-22.27.51:937][122]LogRenderer: Reallocating scene render targets to support 840x416 NumSamples 1 (Frame:9814).
[2017.04.25-22.27.52:014][123]LogRenderer: Reallocating scene render targets to support 840x428 NumSamples 1 (Frame:9816).
[2017.04.25-22.27.52:078][124]LogRenderer: Reallocating scene render targets to support 840x448 NumSamples 1 (Frame:9818).
[2017.04.25-22.27.52:151][125]LogRenderer: Reallocating scene render targets to support 840x460 NumSamples 1 (Frame:9820).
[2017.04.25-22.27.52:221][126]LogRenderer: Reallocating scene render targets to support 840x472 NumSamples 1 (Frame:9822).
[2017.04.25-22.27.52:297][127]LogRenderer: Reallocating scene render targets to support 840x500 NumSamples 1 (Frame:9824).
[2017.04.25-22.27.52:369][128]LogRenderer: Reallocating scene render targets to support 840x516 NumSamples 1 (Frame:9826).
[2017.04.25-22.27.55:630][308]LogRenderer: Reallocating scene render targets to support 856x516 NumSamples 1 (Frame:9984).
[2017.04.25-22.27.55:703][309]LogRenderer: Reallocating scene render targets to support 896x516 NumSamples 1 (Frame:9986).
[2017.04.25-22.27.55:783][309]LogRenderer: Reallocating scene render targets to support 944x516 NumSamples 1 (Frame:9988).
[2017.04.25-22.27.55:872][311]LogRenderer: Reallocating scene render targets to support 1000x516 NumSamples 1 (Frame:9990).
[2017.04.25-22.27.55:955][312]LogRenderer: Reallocating scene render targets to support 1012x516 NumSamples 1 (Frame:9992).
[2017.04.25-22.27.56:033][312]LogRenderer: Reallocating scene render targets to support 1036x516 NumSamples 1 (Frame:9994).
[2017.04.25-22.27.56:133][314]LogRenderer: Reallocating scene render targets to support 1052x516 NumSamples 1 (Frame:9996).
[2017.04.25-22.28.07:655][803]LogEditorViewport: Clicking on Actor (LMB): BP_Lazer_C (BP_FixLazer)
[2017.04.25-22.28.30:574][743]LogBlueprintUserMessages: Early EndPlayMap Detection: Level '/Game/StarterContent/Maps/Minimal_Default.Minimal_Default:PersistentLevel' has LevelScriptBlueprint '/Game/StarterContent/Maps/Minimal_Default.Minimal_Default:PersistentLevel.Minimal_Default' with GeneratedClass '/Game/StarterContent/Maps/Minimal_Default.Minimal_Default_C' with ClassGeneratedBy '/Game/StarterContent/Maps/Minimal_Default.Minimal_Default:PersistentLevel.Minimal_Default'
[2017.04.25-22.28.30:644][743]LogBlueprintUserMessages: Late EndPlayMap Detection: Level '/Game/StarterContent/Maps/Minimal_Default.Minimal_Default:PersistentLevel' has LevelScriptBlueprint '/Game/StarterContent/Maps/Minimal_Default.Minimal_Default:PersistentLevel.Minimal_Default' with GeneratedClass '/Game/StarterContent/Maps/Minimal_Default.Minimal_Default_C' with ClassGeneratedBy '/Game/StarterContent/Maps/Minimal_Default.Minimal_Default:PersistentLevel.Minimal_Default'
[2017.04.25-22.29.24:888][306]BlueprintLog: New page: Compile BP_Lazer
[2017.04.25-22.29.35:796][824]BlueprintLog: New page: Compile BP_Lazer
[2017.04.25-22.29.36:793][858]Cmd: OBJ SAVEPACKAGE PACKAGE="/Game/Blueprints/BP_Lazer" FILE="../../../../../../Users/JMcNulty99/Documents/LazerPuzzle_Game/GameFiles/Content/Blueprints/BP_Lazer.uasset" SILENT=true
[2017.04.25-22.29.36:889][858]LogSavePackage: Save=79.14ms
[2017.04.25-22.29.36:889][858]LogSavePackage: Moving '../../../../../../Users/JMcNulty99/Documents/LazerPuzzle_Game/GameFiles/Saved/BP_Lazer69CFD8954B2D4FFB0A128F9A48837E88.tmp' to '../../../../../../Users/JMcNulty99/Documents/LazerPuzzle_Game/GameFiles/Content/Blueprints/BP_Lazer.uasset'
[2017.04.25-22.29.36:894][858]LogSavePackage:Display: Finished SavePackage ../../../../../../Users/JMcNulty99/Documents/LazerPuzzle_Game/GameFiles/Content/Blueprints/BP_Lazer.uasset
[2017.04.25-22.29.41:835][105]Cmd: OBJ SAVEPACKAGE PACKAGE="/Game/Blueprints/BP_BrokeLaser" FILE="../../../../../../Users/JMcNulty99/Documents/LazerPuzzle_Game/GameFiles/Content/Blueprints/BP_BrokeLaser.uasset" SILENT=true
[2017.04.25-22.29.41:992][105]LogSavePackage: Save=142.02ms
[2017.04.25-22.29.41:992][105]LogSavePackage: Moving '../../../../../../Users/JMcNulty99/Documents/LazerPuzzle_Game/GameFiles/Saved/BP_BrokeLaserE2A799E84ADB2292685AE58F4A64A197.tmp' to '../../../../../../Users/JMcNulty99/Documents/LazerPuzzle_Game/GameFiles/Content/Blueprints/BP_BrokeLaser.uasset'
[2017.04.25-22.29.41:994][105]LogSavePackage:Display: Finished SavePackage ../../../../../../Users/JMcNulty99/Documents/LazerPuzzle_Game/GameFiles/Content/Blueprints/BP_BrokeLaser.uasset
[2017.04.25-22.29.43:057][149]LogActorComponent: UnregisterComponent: (/Engine/Transient.EditorFloorComp) Not registered. Aborting.
[2017.04.25-22.29.45:888][284]LogSavePackage: Save=189.53ms
[2017.04.25-22.29.45:888][284]LogSavePackage: Moving '../../../../../../Users/JMcNulty99/Documents/LazerPuzzle_Game/GameFiles/Saved/Minimal_Default9B4AFD2B4A71E9BA927EAB9DED835229.tmp' to '../../../../../../Users/JMcNulty99/Documents/LazerPuzzle_Game/GameFiles/Content/StarterContent/Maps/Minimal_Default.umap'
[2017.04.25-22.29.45:893][284]LogSavePackage:Display: Finished SavePackage ../../../../../../Users/JMcNulty99/Documents/LazerPuzzle_Game/GameFiles/Content/StarterContent/Maps/Minimal_Default.umap
[2017.04.25-22.29.45:981][284]LogSavePackage: Save=22.60ms
[2017.04.25-22.29.45:981][284]LogSavePackage: Moving '../../../../../../Users/JMcNulty99/Documents/LazerPuzzle_Game/GameFiles/Saved/Minimal_Default_BuiltDataCA3461B34C7024802FFC3AAC060248DE.tmp' to '../../../../../../Users/JMcNulty99/Documents/LazerPuzzle_Game/GameFiles/Content/StarterContent/Maps/Minimal_Default_BuiltData.uasset'
[2017.04.25-22.29.45:983][284]LogSavePackage:Display: Finished SavePackage ../../../../../../Users/JMcNulty99/Documents/LazerPuzzle_Game/GameFiles/Content/StarterContent/Maps/Minimal_Default_BuiltData.uasset
[2017.04.25-22.29.57:304][855]Cmd: OBJ SAVEPACKAGE PACKAGE="/Engine/EditorBlueprintResources/StandardMacros" FILE="../../../Engine/Content/EditorBlueprintResources/StandardMacros.uasset" SILENT=true
[2017.04.25-22.29.57:459][855]LogSavePackage: Save=133.30ms
[2017.04.25-22.29.57:459][855]LogSavePackage: Moving '../../../../../../Users/JMcNulty99/Documents/LazerPuzzle_Game/GameFiles/Saved/StandardMacrosC649DFCC4E00491C8938A18CECB9EC75.tmp' to '../../../Engine/Content/EditorBlueprintResources/StandardMacros.uasset'
[2017.04.25-22.29.57:463][855]LogSavePackage:Display: Finished SavePackage ../../../Engine/Content/EditorBlueprintResources/StandardMacros.uasset
[2017.04.25-22.34.07:475][944]LogWindowsTextInputMethodSystem:Display: IME system now deactivated.
[2017.04.25-22.34.07:669][945]Cmd: QUIT_EDITOR
[2017.04.25-22.34.08:119][945]LogExit: Preparing to exit.
[2017.04.25-22.34.09:315][945]LogDirectoryWatcher: A directory notification for 'C:/Users/JMcNulty99/Documents/LazerPuzzle_Game/GameFiles/Content/' was aborted.
[2017.04.25-22.34.09:351][945]LogExit: Editor shut down
[2017.04.25-22.34.09:352][945]LogExit: Transaction tracking system shut down
[2017.04.25-22.34.09:459][945]LogObj: Freed 0b from 0 cluster array pools.
[2017.04.25-22.34.09:459][945]LogExit: Object subsystem successfully closed.
[2017.04.25-22.34.09:474][945]LogD3D11RHI: Shutdown
[2017.04.25-22.34.09:474][945]LogD3D11RHI: CleanupD3DDevice
[2017.04.25-22.34.09:550][945]LogD3D11RHI: ~FD3D11DynamicRHI
[2017.04.25-22.34.09:571][945]LogModuleManager: Shutting down and abandoning module MovieSceneCapture (506)
[2017.04.25-22.34.09:571][945]LogModuleManager: Shutting down and abandoning module BlueprintGraph (504)
[2017.04.25-22.34.09:571][945]LogModuleManager: Shutting down and abandoning module BlueprintProfiler (502)
[2017.04.25-22.34.09:572][945]LogModuleManager: Shutting down and abandoning module HierarchicalLODOutliner (500)
[2017.04.25-22.34.09:572][945]LogModuleManager: Shutting down and abandoning module CrashTracker (498)
[2017.04.25-22.34.09:572][945]LogModuleManager: Shutting down and abandoning module WorldBrowser (496)
[2017.04.25-22.34.09:572][945]LogModuleManager: Shutting down and abandoning module SceneOutliner (494)
[2017.04.25-22.34.09:572][945]LogModuleManager: Shutting down and abandoning module AddContentDialog (492)
[2017.04.25-22.34.09:572][945]LogDirectoryWatcher: A directory notification for 'C:/Program Files/Epic Games/UE_4.15/FeaturePacks/' was aborted.
[2017.04.25-22.34.09:573][945]LogModuleManager: Shutting down and abandoning module WidgetCarousel (491)
[2017.04.25-22.34.09:573][945]LogModuleManager: Shutting down and abandoning module EditorWidgets (488)
[2017.04.25-22.34.09:573][945]LogModuleManager: Shutting down and abandoning module CollectionManager (486)
[2017.04.25-22.34.09:573][945]LogDirectoryWatcher: A directory notification for 'C:/Users/JMcNulty99/Documents/LazerPuzzle_Game/GameFiles/Content/Collections/' was aborted.
[2017.04.25-22.34.09:573][945]LogDirectoryWatcher: A directory notification for 'C:/Users/JMcNulty99/Documents/LazerPuzzle_Game/GameFiles/Content/Developers/JMcNulty99/Collections/' was aborted.
[2017.04.25-22.34.09:573][945]LogDirectoryWatcher: A directory notification for 'C:/Users/JMcNulty99/Documents/LazerPuzzle_Game/GameFiles/Saved/Collections/' was aborted.
[2017.04.25-22.34.09:573][945]LogModuleManager: Shutting down and abandoning module StatsViewer (484)
[2017.04.25-22.34.09:573][945]LogModuleManager: Shutting down and abandoning module FoliageEdit (482)
[2017.04.25-22.34.09:573][945]LogModuleManager: Shutting down and abandoning module LandscapeEditor (480)
[2017.04.25-22.34.09:573][945]LogModuleManager: Shutting down and abandoning module SceneDepthPickerMode (478)
[2017.04.25-22.34.09:573][945]LogModuleManager: Shutting down and abandoning module ActorPickerMode (476)
[2017.04.25-22.34.09:573][945]LogModuleManager: Shutting down and abandoning module GeometryMode (474)
[2017.04.25-22.34.09:573][945]LogModuleManager: Shutting down and abandoning module TextureAlignMode (472)
[2017.04.25-22.34.09:573][945]LogModuleManager: Shutting down and abandoning module BspMode (470)
[2017.04.25-22.34.09:573][945]LogModuleManager: Shutting down and abandoning module HardwareSurvey (468)
[2017.04.25-22.34.09:573][945]LogModuleManager: Shutting down and abandoning module SequenceRecorderSections (466)
[2017.04.25-22.34.09:573][945]LogModuleManager: Shutting down and abandoning module AutomationWorker (464)
[2017.04.25-22.34.09:573][945]LogModuleManager: Shutting down and abandoning module MatineeToLevelSequence (462)
[2017.04.25-22.34.09:573][945]LogModuleManager: Shutting down and abandoning module LevelSequenceEditor (460)
[2017.04.25-22.34.09:574][945]LogModuleManager: Shutting down and abandoning module PlacementMode (459)
[2017.04.25-22.34.09:574][945]LogModuleManager: Shutting down and abandoning module WmfMediaFactory (456)
[2017.04.25-22.34.09:574][945]LogModuleManager: Shutting down and abandoning module WmfMediaEditor (454)
[2017.04.25-22.34.09:574][945]LogModuleManager: Shutting down and abandoning module MfMediaFactory (452)
[2017.04.25-22.34.09:574][945]LogModuleManager: Shutting down and abandoning module MfMediaEditor (450)
[2017.04.25-22.34.09:574][945]LogModuleManager: Shutting down and abandoning module AvfMediaFactory (448)
[2017.04.25-22.34.09:574][945]LogModuleManager: Shutting down and abandoning module AvfMediaEditor (446)
[2017.04.25-22.34.09:574][945]LogModuleManager: Shutting down and abandoning module AndroidMediaFactory (444)
[2017.04.25-22.34.09:574][945]LogModuleManager: Shutting down and abandoning module Media (443)
[2017.04.25-22.34.09:574][945]LogModuleManager: Shutting down and abandoning module AndroidMediaEditor (440)
[2017.04.25-22.34.09:574][945]LogModuleManager: Shutting down and abandoning module CharacterAI (438)
[2017.04.25-22.34.09:574][945]LogModuleManager: Shutting down and abandoning module AudioCapture (436)
[2017.04.25-22.34.09:574][945]LogModuleManager: Shutting down and abandoning module SequenceRecorder (435)
[2017.04.25-22.34.09:574][945]LogModuleManager: Shutting down and abandoning module SmartSnapping (432)
[2017.04.25-22.34.09:574][945]LogModuleManager: Shutting down and abandoning module SessionServices (430)
[2017.04.25-22.34.09:574][945]LogModuleManager: Shutting down and abandoning module ViewportSnapping (428)
[2017.04.25-22.34.09:574][945]LogModuleManager: Shutting down and abandoning module ViewportInteraction (426)
[2017.04.25-22.34.09:574][945]LogModuleManager: Shutting down and abandoning module LogVisualizer (424)
[2017.04.25-22.34.09:574][945]LogModuleManager: Shutting down and abandoning module IntroTutorials (422)
[2017.04.25-22.34.09:575][945]LogModuleManager: Shutting down and abandoning module GameProjectGeneration (421)
[2017.04.25-22.34.09:576][945]LogModuleManager: Shutting down and abandoning module EditorLiveStreaming (418)
[2017.04.25-22.34.09:576][945]LogModuleManager: Shutting down and abandoning module IOSPlatformEditor (416)
[2017.04.25-22.34.09:576][945]LogModuleManager: Shutting down and abandoning module HTML5PlatformEditor (414)
[2017.04.25-22.34.09:576][945]LogModuleManager: Shutting down and abandoning module AndroidPlatformEditor (412)
[2017.04.25-22.34.09:576][945]LogModuleManager: Shutting down and abandoning module AndroidDeviceDetection (411)
[2017.04.25-22.34.10:332][945]LogModuleManager: Shutting down and abandoning module IOSRuntimeSettings (408)
[2017.04.25-22.34.10:332][945]LogModuleManager: Shutting down and abandoning module AndroidRuntimeSettings (406)
[2017.04.25-22.34.10:332][945]LogModuleManager: Shutting down and abandoning module InputBindingEditor (404)
[2017.04.25-22.34.10:332][945]LogModuleManager: Shutting down and abandoning module NiagaraEditor (402)
[2017.04.25-22.34.10:333][945]LogModuleManager: Shutting down and abandoning module MergeActors (400)
[2017.04.25-22.34.10:334][945]LogModuleManager: Shutting down and abandoning module SizeMap (398)
[2017.04.25-22.34.10:334][945]LogModuleManager: Shutting down and abandoning module TreeMap (396)
[2017.04.25-22.34.10:334][945]LogModuleManager: Shutting down and abandoning module ReferenceViewer (394)
[2017.04.25-22.34.10:334][945]LogModuleManager: Shutting down and abandoning module LocalizationDashboard (392)
[2017.04.25-22.34.10:334][945]LogModuleManager: Shutting down and abandoning module LocalizationService (391)
[2017.04.25-22.34.10:335][945]LogModuleManager: Shutting down and abandoning module HardwareTargeting (388)
[2017.04.25-22.34.10:335][945]LogModuleManager: Shutting down and abandoning module DeviceProfileEditor (386)
[2017.04.25-22.34.10:335][945]LogModuleManager: Shutting down and abandoning module UndoHistory (384)
[2017.04.25-22.34.10:335][945]LogModuleManager: Shutting down and abandoning module UserFeedback (382)
[2017.04.25-22.34.10:335][945]LogModuleManager: Shutting down and abandoning module XmlParser (380)
[2017.04.25-22.34.10:335][945]LogModuleManager: Shutting down and abandoning module Blutility (378)
[2017.04.25-22.34.10:335][945]LogModuleManager: Shutting down and abandoning module ProjectSettingsViewer (376)
[2017.04.25-22.34.10:335][945]LogModuleManager: Shutting down and abandoning module ProjectTargetPlatformEditor (375)
[2017.04.25-22.34.10:335][945]LogModuleManager: Shutting down and abandoning module EditorSettingsViewer (372)
[2017.04.25-22.34.10:335][945]LogModuleManager: Shutting down and abandoning module SettingsEditor (370)
[2017.04.25-22.34.10:335][945]LogModuleManager: Shutting down and abandoning module ProjectLauncher (368)
[2017.04.25-22.34.10:336][945]LogModuleManager: Shutting down and abandoning module SessionFrontend (366)
[2017.04.25-22.34.10:336][945]LogModuleManager: Shutting down and abandoning module ProfilerClient (364)
[2017.04.25-22.34.10:337][945]LogModuleManager: Shutting down and abandoning module DeviceManager (362)
[2017.04.25-22.34.10:338][945]LogModuleManager: Shutting down and abandoning module TargetDeviceServices (361)
[2017.04.25-22.34.10:379][945]LogModuleManager: Shutting down and abandoning module AutomationController (358)
[2017.04.25-22.34.10:379][945]LogModuleManager: Shutting down and abandoning module AutomationWindow (356)
[2017.04.25-22.34.10:379][945]LogModuleManager: Shutting down and abandoning module Layers (354)
[2017.04.25-22.34.10:380][945]LogModuleManager: Shutting down and abandoning module ComponentVisualizers (352)
[2017.04.25-22.34.10:380][945]LogModuleManager: Shutting down and abandoning module DetailCustomizations (350)
[2017.04.25-22.34.10:380][945]LogModuleManager: Shutting down and abandoning module PackagesDialog (348)
[2017.04.25-22.34.10:381][945]LogModuleManager: Shutting down and abandoning module Persona (346)
[2017.04.25-22.34.10:381][945]LogModuleManager: Shutting down and abandoning module AnimGraph (345)
[2017.04.25-22.34.10:381][945]LogModuleManager: Shutting down and abandoning module Kismet (342)
[2017.04.25-22.34.10:388][945]LogModuleManager: Shutting down and abandoning module GraphEditor (340)
[2017.04.25-22.34.10:388][945]LogModuleManager: Shutting down and abandoning module ClassViewer (338)
[2017.04.25-22.34.10:388][945]LogModuleManager: Shutting down and abandoning module Toolbox (336)
[2017.04.25-22.34.10:388][945]LogModuleManager: Shutting down and abandoning module ModuleUI (334)
[2017.04.25-22.34.10:389][945]LogModuleManager: Shutting down and abandoning module MovieSceneTools (332)
[2017.04.25-22.34.10:390][945]LogModuleManager: Shutting down and abandoning module OutputLog (330)
[2017.04.25-22.34.10:390][945]LogModuleManager: Shutting down and abandoning module GammaUI (328)
[2017.04.25-22.34.10:390][945]LogModuleManager: Shutting down and abandoning module Documentation (326)
[2017.04.25-22.34.10:390][945]LogModuleManager: Shutting down and abandoning module Niagara (324)
[2017.04.25-22.34.10:390][945]LogModuleManager: Shutting down and abandoning module StreamingPauseRendering (322)
[2017.04.25-22.34.10:390][945]LogModuleManager: Shutting down and abandoning module AnalyticsET (320)
[2017.04.25-22.34.10:390][945]LogModuleManager: Shutting down and abandoning module PortalServices (318)
[2017.04.25-22.34.10:390][945]LogModuleManager: Shutting down and abandoning module PortalRpc (316)
[2017.04.25-22.34.10:390][945]LogModuleManager: Shutting down and abandoning module MessagingRpc (314)
[2017.04.25-22.34.10:390][945]LogModuleManager: Shutting down and abandoning module AIModule (312)
[2017.04.25-22.34.10:390][945]LogModuleManager: Shutting down and abandoning module GameplayDebugger (311)
[2017.04.25-22.34.10:390][945]LogModuleManager: Shutting down and abandoning module AITestSuite (309)
[2017.04.25-22.34.10:390][945]LogModuleManager: Shutting down and abandoning module ProfilerService (306)
[2017.04.25-22.34.10:615][945]LogModuleManager: Shutting down and abandoning module TaskGraph (304)
[2017.04.25-22.34.10:616][945]LogModuleManager: Shutting down and abandoning module SteamVRController (302)
[2017.04.25-22.34.10:616][945]LogModuleManager: Shutting down and abandoning module SteamVR (300)
[2017.04.25-22.34.10:616][945]LogModuleManager: Shutting down and abandoning module ProceduralMeshComponentEditor (298)
[2017.04.25-22.34.10:616][945]LogModuleManager: Shutting down and abandoning module ProceduralMeshComponent (296)
[2017.04.25-22.34.10:616][945]LogModuleManager: Shutting down and abandoning module OculusLibrary (294)
[2017.04.25-22.34.10:616][945]LogModuleManager: Shutting down and abandoning module OculusInput (292)
[2017.04.25-22.34.10:616][945]LogModuleManager: Shutting down and abandoning module MobilePatchingUtils (290)
[2017.04.25-22.34.10:616][945]LogModuleManager: Shutting down and abandoning module CustomMeshComponent (288)
[2017.04.25-22.34.10:616][945]LogModuleManager: Shutting down and abandoning module CableComponent (286)
[2017.04.25-22.34.10:616][945]LogModuleManager: Shutting down and abandoning module ArchVisCharacter (284)
[2017.04.25-22.34.10:616][945]LogModuleManager: Shutting down and abandoning module MediaPlayerEditor (280)
[2017.04.25-22.34.10:616][945]LogModuleManager: Shutting down and abandoning module HTML5Networking (278)
[2017.04.25-22.34.10:616][945]LogModuleManager: Shutting down and abandoning module AlembicImporter (276)
[2017.04.25-22.34.10:617][945]LogModuleManager: Shutting down and abandoning module AlembicLibrary (275)
[2017.04.25-22.34.10:617][945]LogModuleManager: Shutting down and abandoning module GeometryCache (274)
[2017.04.25-22.34.10:617][945]LogModuleManager: Shutting down and abandoning module GeometryCacheEd (273)
[2017.04.25-22.34.10:617][945]LogModuleManager: Shutting down and abandoning module SuperSearchEditor (268)
[2017.04.25-22.34.10:617][945]LogModuleManager: Shutting down and abandoning module SuperSearch (267)
[2017.04.25-22.34.10:617][945]LogModuleManager: Shutting down and abandoning module SpeedTreeImporter (264)
[2017.04.25-22.34.10:617][945]LogModuleManager: Shutting down and abandoning module PluginBrowser (262)
[2017.04.25-22.34.10:617][945]LogModuleManager: Shutting down and abandoning module MobileLauncherProfileWizard (260)
[2017.04.25-22.34.10:617][945]LogModuleManager: Shutting down and abandoning module EpicSurvey (258)
[2017.04.25-22.34.10:617][945]LogModuleManager: Shutting down and abandoning module VisualStudioSourceCodeAccess (256)
[2017.04.25-22.34.10:617][945]LogModuleManager: Shutting down and abandoning module DesktopPlatform (255)
[2017.04.25-22.34.10:617][945]LogModuleManager: Shutting down and abandoning module UObjectPlugin (252)
[2017.04.25-22.34.10:617][945]LogModuleManager: Shutting down and abandoning module SubversionSourceControl (250)
[2017.04.25-22.34.10:617][945]LogModuleManager: Shutting down and abandoning module PerforceSourceControl (248)
[2017.04.25-22.34.10:617][945]LogModuleManager: Shutting down and abandoning module GitSourceControl (246)
[2017.04.25-22.34.10:618][945]LogModuleManager: Shutting down and abandoning module SourceControl (245)
[2017.04.25-22.34.10:618][945]LogModuleManager: Shutting down and abandoning module LightPropagationVolumeEditor (242)
[2017.04.25-22.34.10:618][945]LogModuleManager: Shutting down and abandoning module PaperTiledImporter (240)
[2017.04.25-22.34.10:618][945]LogModuleManager: Shutting down and abandoning module PaperSpriteSheetImporter (238)
[2017.04.25-22.34.10:618][945]LogModuleManager: Shutting down and abandoning module Paper2DEditor (236)
[2017.04.25-22.34.10:618][945]LogModuleManager: Shutting down and abandoning module MeshPaint (235)
[2017.04.25-22.34.10:618][945]LogModuleManager: Shutting down and abandoning module LevelEditor (233)
[2017.04.25-22.34.10:619][945]LogModuleManager: Shutting down and abandoning module PixelInspectorModule (232)
[2017.04.25-22.34.10:619][945]LogModuleManager: Shutting down and abandoning module MainFrame (230)
[2017.04.25-22.34.10:619][945]LogModuleManager: Shutting down and abandoning module HotReload (229)
[2017.04.25-22.34.10:619][945]LogModuleManager: Shutting down and abandoning module ContentBrowser (225)
[2017.04.25-22.34.10:620][945]LogModuleManager: Shutting down and abandoning module PhysXVehiclesEditor (222)
[2017.04.25-22.34.10:620][945]LogModuleManager: Shutting down and abandoning module PhysXVehicles (220)
[2017.04.25-22.34.10:620][945]LogModuleManager: Shutting down and abandoning module LocationServicesBPLibrary (218)
[2017.04.25-22.34.10:620][945]LogModuleManager: Shutting down and abandoning module UdpMessaging (216)
[2017.04.25-22.34.10:721][945]LogModuleManager: Shutting down and abandoning module TcpMessaging (214)
[2017.04.25-22.34.10:822][945]LogModuleManager: Shutting down and abandoning module GameplayTagsEditor (212)
[2017.04.25-22.34.10:822][945]LogModuleManager: Shutting down and abandoning module FacialAnimationEditor (210)
[2017.04.25-22.34.10:822][945]LogModuleManager: Shutting down and abandoning module FacialAnimation (208)
[2017.04.25-22.34.10:822][945]LogModuleManager: Shutting down and abandoning module LightPropagationVolumeRuntime (206)
[2017.04.25-22.34.10:822][945]LogModuleManager: Shutting down and abandoning module Paper2D (204)
[2017.04.25-22.34.10:822][945]LogModuleManager: Shutting down and abandoning module WindowsMoviePlayer (202)
[2017.04.25-22.34.10:822][945]LogModuleManager: Shutting down and abandoning module WmfMedia (200)
[2017.04.25-22.34.10:823][945]LogModuleManager: Shutting down and abandoning module MfMedia (198)
[2017.04.25-22.34.10:823][945]LogModuleManager: Shutting down and abandoning module MediaAssets (196)
[2017.04.25-22.34.10:823][945]LogModuleManager: Shutting down and abandoning module GameLiveStreaming (194)
[2017.04.25-22.34.10:823][945]LogModuleManager: Shutting down and abandoning module VREditor (192)
[2017.04.25-22.34.10:823][945]LogModuleManager: Shutting down and abandoning module GameplayTasksEditor (190)
[2017.04.25-22.34.10:823][945]LogModuleManager: Shutting down and abandoning module BehaviorTreeEditor (188)
[2017.04.25-22.34.10:824][945]LogModuleManager: Shutting down and abandoning module FunctionalTesting (186)
[2017.04.25-22.34.10:824][945]LogModuleManager: Shutting down and abandoning module CollisionAnalyzer (184)
[2017.04.25-22.34.10:824][945]LogModuleManager: Shutting down and abandoning module UMG (182)
[2017.04.25-22.34.10:824][945]LogModuleManager: Shutting down and abandoning module UMGEditor (181)
[2017.04.25-22.34.10:825][945]LogModuleManager: Shutting down and abandoning module Sequencer (180)
[2017.04.25-22.34.10:825][945]LogModuleManager: Shutting down and abandoning module AssetTools (178)
[2017.04.25-22.34.10:826][945]LogModuleManager: Shutting down and abandoning module MessageLog (177)
[2017.04.25-22.34.10:826][945]LogModuleManager: Shutting down and abandoning module WorkspaceMenuStructure (176)
[2017.04.25-22.34.10:826][945]LogModuleManager: Shutting down and abandoning module SlateReflector (170)
[2017.04.25-22.34.10:828][945]LogModuleManager: Shutting down and abandoning module Slate (168)
[2017.04.25-22.34.10:828][945]LogModuleManager: Shutting down and abandoning module EditorStyle (166)
[2017.04.25-22.34.10:830][945]LogModuleManager: Shutting down and abandoning module SourceCodeAccess (164)
[2017.04.25-22.34.10:830][945]LogModuleManager: Shutting down and abandoning module HeadMountedDisplay (162)
[2017.04.25-22.34.10:830][945]LogModuleManager: Shutting down and abandoning module XAudio2 (160)
[2017.04.25-22.34.10:830][945]LogModuleManager: Shutting down and abandoning module Networking (158)
[2017.04.25-22.34.10:830][945]LogModuleManager: Shutting down and abandoning module Core (154)
[2017.04.25-22.34.10:830][945]LogModuleManager: Shutting down and abandoning module AssetRegistry (152)
[2017.04.25-22.34.11:000][945]LogDirectoryWatcher: A directory notification for '../../../Engine/Content/' was aborted.
[2017.04.25-22.34.11:000][945]LogDirectoryWatcher: A directory notification for '../../../../../../Users/JMcNulty99/Documents/LazerPuzzle_Game/GameFiles/Content/' was aborted.
[2017.04.25-22.34.11:000][945]LogDirectoryWatcher: A directory notification for '../../../Engine/Plugins/2D/Paper2D/Content/' was aborted.
[2017.04.25-22.34.11:000][945]LogModuleManager: Shutting down and abandoning module DirectoryWatcher (151)
[2017.04.25-22.34.11:001][945]LogModuleManager: Shutting down and abandoning module KismetCompiler (148)
[2017.04.25-22.34.11:001][945]LogModuleManager: Shutting down and abandoning module PhysXFormats (146)
[2017.04.25-22.34.11:001][945]LogModuleManager: Shutting down and abandoning module MeshUtilities (144)
[2017.04.25-22.34.11:001][945]LogModuleManager: Shutting down and abandoning module SimplygonSwarm (143)
[2017.04.25-22.34.11:001][945]LogModuleManager: Shutting down and abandoning module SimplygonMeshReduction (141)
[2017.04.25-22.34.11:001][945]LogModuleManager: Shutting down and abandoning module QuadricMeshReduction (139)
[2017.04.25-22.34.11:001][945]LogModuleManager: Shutting down and abandoning module PropertyEditor (137)
[2017.04.25-22.34.11:001][945]LogModuleManager: Shutting down and abandoning module DerivedDataCache (134)
[2017.04.25-22.34.11:048][945]LogDerivedDataCache: Shutdown
[2017.04.25-22.34.11:048][945]LogModuleManager: Shutting down and abandoning module TargetPlatform (132)
[2017.04.25-22.34.11:048][945]LogModuleManager: Shutting down and abandoning module VulkanShaderFormat (131)
[2017.04.25-22.34.11:048][945]LogModuleManager: Shutting down and abandoning module ShaderFormatOpenGL (129)
[2017.04.25-22.34.11:049][945]LogModuleManager: Shutting down and abandoning module ShaderFormatD3D (127)
[2017.04.25-22.34.11:049][945]LogModuleManager: Shutting down and abandoning module MetalShaderFormat (125)
[2017.04.25-22.34.11:050][945]LogModuleManager: Shutting down and abandoning module TextureFormatUncompressed (123)
[2017.04.25-22.34.11:050][945]LogModuleManager: Shutting down and abandoning module TextureFormatPVR (121)
[2017.04.25-22.34.11:050][945]LogModuleManager: Shutting down and abandoning module TextureFormatDXT (119)
[2017.04.25-22.34.11:050][945]LogModuleManager: Shutting down and abandoning module TextureFormatIntelISPCTexComp (117)
[2017.04.25-22.34.11:050][945]LogModuleManager: Shutting down and abandoning module TextureFormatASTC (115)
[2017.04.25-22.34.11:050][945]LogModuleManager: Shutting down and abandoning module ImageWrapper (114)
[2017.04.25-22.34.11:050][945]LogModuleManager: Shutting down and abandoning module TextureFormatAndroid (111)
[2017.04.25-22.34.11:050][945]LogModuleManager: Shutting down and abandoning module AudioFormatOpus (109)
[2017.04.25-22.34.11:050][945]LogModuleManager: Shutting down and abandoning module AudioFormatOgg (107)
[2017.04.25-22.34.11:050][945]LogModuleManager: Shutting down and abandoning module AudioFormatADPCM (105)
[2017.04.25-22.34.11:050][945]LogModuleManager: Shutting down and abandoning module LinuxTargetPlatform (103)
[2017.04.25-22.34.11:050][945]LogModuleManager: Shutting down and abandoning module LinuxServerTargetPlatform (101)
[2017.04.25-22.34.11:050][945]LogModuleManager: Shutting down and abandoning module LinuxNoEditorTargetPlatform (99)
[2017.04.25-22.34.11:050][945]LogModuleManager: Shutting down and abandoning module LinuxClientTargetPlatform (97)
[2017.04.25-22.34.11:050][945]LogModuleManager: Shutting down and abandoning module TVOSTargetPlatform (95)
[2017.04.25-22.34.11:050][945]LogModuleManager: Shutting down and abandoning module Messaging (93)
[2017.04.25-22.34.11:050][945]LogModuleManager: Shutting down and abandoning module IOSTargetPlatform (91)
[2017.04.25-22.34.11:050][945]LogModuleManager: Shutting down and abandoning module HTML5TargetPlatform (89)
[2017.04.25-22.34.11:050][945]LogModuleManager: Shutting down and abandoning module Android_PVRTCTargetPlatform (87)
[2017.04.25-22.34.11:050][945]LogModuleManager: Shutting down and abandoning module Android_MultiTargetPlatform (85)
[2017.04.25-22.34.11:050][945]LogModuleManager: Shutting down and abandoning module Android_ETC2TargetPlatform (83)
[2017.04.25-22.34.11:050][945]LogModuleManager: Shutting down and abandoning module Android_ETC1TargetPlatform (81)
[2017.04.25-22.34.11:050][945]LogModuleManager: Shutting down and abandoning module Android_DXTTargetPlatform (79)
[2017.04.25-22.34.11:050][945]LogModuleManager: Shutting down and abandoning module Android_ATCTargetPlatform (77)
[2017.04.25-22.34.11:050][945]LogModuleManager: Shutting down and abandoning module Android_ASTCTargetPlatform (75)
[2017.04.25-22.34.11:050][945]LogModuleManager: Shutting down and abandoning module AndroidTargetPlatform (73)
[2017.04.25-22.34.11:050][945]LogModuleManager: Shutting down and abandoning module WindowsTargetPlatform (71)
[2017.04.25-22.34.11:050][945]LogModuleManager: Shutting down and abandoning module WindowsServerTargetPlatform (69)
[2017.04.25-22.34.11:050][945]LogModuleManager: Shutting down and abandoning module WindowsNoEditorTargetPlatform (67)
[2017.04.25-22.34.11:050][945]LogModuleManager: Shutting down and abandoning module WindowsClientTargetPlatform (65)
[2017.04.25-22.34.11:050][945]LogModuleManager: Shutting down and abandoning module MacTargetPlatform (63)
[2017.04.25-22.34.11:050][945]LogModuleManager: Shutting down and abandoning module MacServerTargetPlatform (61)
[2017.04.25-22.34.11:050][945]LogModuleManager: Shutting down and abandoning module MacNoEditorTargetPlatform (59)
[2017.04.25-22.34.11:050][945]LogModuleManager: Shutting down and abandoning module MacClientTargetPlatform (57)
[2017.04.25-22.34.11:050][945]LogModuleManager: Shutting down and abandoning module AllDesktopTargetPlatform (55)
[2017.04.25-22.34.11:050][945]LogModuleManager: Shutting down and abandoning module InputCore (52)
[2017.04.25-22.34.11:050][945]LogModuleManager: Shutting down and abandoning module Settings (50)
[2017.04.25-22.34.11:050][945]LogModuleManager: Shutting down and abandoning module OculusRift (48)
[2017.04.25-22.34.11:050][945]LogModuleManager: Shutting down and abandoning module GearVR (46)
[2017.04.25-22.34.11:051][945]LogModuleManager: Shutting down and abandoning module ExampleDeviceProfileSelector (44)
[2017.04.25-22.34.11:051][945]LogModuleManager: Shutting down and abandoning module OnlineBlueprintSupport (42)
[2017.04.25-22.34.11:051][945]LogModuleManager: Shutting down and abandoning module OnlineSubsystem (38)
[2017.04.25-22.34.11:051][945]LogOnline:Display: Unloading online subsystem: NULL
[2017.04.25-22.34.11:051][945]LogModuleManager: Shutting down and abandoning module XMPP (37)
[2017.04.25-22.34.11:052][945]LogModuleManager: Shutting down and abandoning module HTTP (35)
[2017.04.25-22.34.11:052][945]LogHttp:Display: Http module shutting down, but needs to wait on 1 outstanding Http requests:
[2017.04.25-22.34.11:052][945]LogHttp:Display: 	verb=[POST] url=[https://datarouter.ol.epicgames.com/datarouter/api/v1/public/data?SessionID=%7B37C9A484-4FB1-38EA-714E-2EAE773808E4%7D&AppID=UEEditor.Rocket.Release&AppVersion=4.15.1-3348071%2B%2B%2BUE4%2BRelease-4.15&UserID=a4f9471c4f02ca30f60307b3605be589%7C3c81349b64114c04ae0be1cab1184ba2%7Cc3ace0ad-9b7d-476f-a478-ad0f83a94e9b&AppEnvironment=datacollector-binary&UploadType=eteventstream] status=Processing
[2017.04.25-22.34.11:083][945]LogModuleManager: Shutting down and abandoning module SSL (34)
[2017.04.25-22.34.11:084][945]LogModuleManager: Shutting down and abandoning module AudioEditor (30)
[2017.04.25-22.34.11:085][945]LogModuleManager: Shutting down and abandoning module TextureCompressor (28)
[2017.04.25-22.34.11:085][945]LogModuleManager: Shutting down and abandoning module ShaderCore (26)
[2017.04.25-22.34.11:085][945]LogModuleManager: Shutting down and abandoning module Landscape (24)
[2017.04.25-22.34.11:085][945]LogModuleManager: Shutting down and abandoning module SlateRHIRenderer (22)
[2017.04.25-22.34.11:088][945]LogModuleManager: Shutting down and abandoning module OpenGLDrv (20)
[2017.04.25-22.34.11:089][945]LogModuleManager: Shutting down and abandoning module D3D11RHI (18)
[2017.04.25-22.34.11:089][945]LogModuleManager: Shutting down and abandoning module AnimGraphRuntime (16)
[2017.04.25-22.34.11:089][945]LogModuleManager: Shutting down and abandoning module Renderer (14)
[2017.04.25-22.34.11:089][945]LogModuleManager: Shutting down and abandoning module Engine (12)
[2017.04.25-22.34.11:089][945]LogModuleManager: Shutting down and abandoning module CoreUObject (10)
[2017.04.25-22.34.11:089][945]LogModuleManager: Shutting down and abandoning module NetworkFile (8)
[2017.04.25-22.34.11:089][945]LogModuleManager: Shutting down and abandoning module StreamingFile (6)
[2017.04.25-22.34.11:089][945]LogModuleManager: Shutting down and abandoning module SandboxFile (4)
[2017.04.25-22.34.11:089][945]LogModuleManager: Shutting down and abandoning module PakFile (2)
[2017.04.25-22.34.11:091][945]LogExit: Exiting.
[2017.04.25-22.34.11:107][945]Log file closed, 04/25/17 18:34:11
