Log file open, 04/25/17 13:59:15
LogInit:Display: Running engine for game: LaserPuzzle
LogPlatformFile: Not using cached read wrapper
LogInit:Display: RandInit(585493376) SRandInit(585493376).
LogTaskGraph: Started task graph with 5 named threads and 10 total threads with 1 sets of task threads.
LogStats: Stats thread started at 0.093399
LogInit: Using libcurl 7.47.1
LogInit:  - built for x86_64-pc-win32
LogInit:  - supports SSL with OpenSSL/1.0.2g
LogInit:  - supports HTTP deflate (compression) using libz 1.2.8
LogInit:  - other features:
LogInit:      CURL_VERSION_SSL
LogInit:      CURL_VERSION_LIBZ
LogInit:      CURL_VERSION_IPV6
LogInit:      CURL_VERSION_ASYNCHDNS
LogInit:      CURL_VERSION_LARGEFILE
LogInit:      CURL_VERSION_IDN
LogInit:  CurlRequestOptions (configurable via config and command line):
LogInit:  - bVerifyPeer = false  - Libcurl will NOT verify peer certificate
LogInit:  - bUseHttpProxy = false  - Libcurl will NOT use HTTP proxy
LogInit:  - bDontReuseConnections = false  - Libcurl will reuse connections
LogInit:  - CertBundlePath = nullptr  - Libcurl will use whatever was configured at build time.
LogInit: Build: ++UE4+Release-4.15-CL-3348071
LogInit: Engine Version: 4.15.1-3348071+++UE4+Release-4.15
LogInit: Compatible Engine Version: 4.15.0-3299760+++UE4+Release-4.15
LogInit: Net CL: 3299760
LogDevObjectVersion: Number of dev versions registered: 14
LogDevObjectVersion:   Dev-Blueprints (B0D832E4-1F89-4F0D-ACCF-7EB736FD4AA2): 8
LogDevObjectVersion:   Dev-Build (E1C64328-A22C-4D53-A36C-8E866417BD8C): 0
LogDevObjectVersion:   Dev-Core (375EC13C-06E4-48FB-B500-84F0262A717E): 2
LogDevObjectVersion:   Dev-Editor (E4B068ED-F494-42E9-A231-DA0B2E46BB41): 14
LogDevObjectVersion:   Dev-Framework (CFFC743F-43B0-4480-9391-14DF171D2073): 22
LogDevObjectVersion:   Dev-Mobile (B02B49B5-BB20-44E9-A304-32B752E40360): 0
LogDevObjectVersion:   Dev-Networking (A4E4105C-59A1-49B5-A7C5-40C4547EDFEE): 0
LogDevObjectVersion:   Dev-Online (39C831C9-5AE6-47DC-9A44-9C173E1C8E7C): 0
LogDevObjectVersion:   Dev-Physics (78F01B33-EBEA-4F98-B9B4-84EACCB95AA2): 0
LogDevObjectVersion:   Dev-Platform (6631380F-2D4D-43E0-8009-CF276956A95A): 0
LogDevObjectVersion:   Dev-Rendering (12F88B9F-8875-4AFC-A67C-D90C383ABD29): 12
LogDevObjectVersion:   Dev-Sequencer (7B5AE74C-D270-4C10-A958-57980B212A5A): 3
LogDevObjectVersion:   Dev-VR (D7296918-1DD6-4BDD-9DE2-64A83CC13884): 0
LogDevObjectVersion:   Dev-LoadTimes (C2A15278-BFE7-4AFE-6C17-90FF531DF755): 1
LogInit: Compiled (64-bit): Mar 15 2017 16:52:47
LogInit: Compiled with Visual C++: 19.00.23026.00
LogInit: Build Configuration: Development
LogInit: Branch Name: ++UE4+Release-4.15
LogInit: Command line:  
LogInit: Base directory: D:/Program Files/Epic Games/UE_4.15/Engine/Binaries/Win64/
LogInit: Installed Engine Build: 1
LogInit: Presizing for max 8388607 objects, including 0 objects not considered by GC, pre-allocating 0 bytes for permanent pool.
LogInit: Object subsystem initialized
[2017.04.25-17.59.16:474][  0]LogInit: Selected Device Profile: [Windows]
[2017.04.25-17.59.16:474][  0]LogInit: Applying CVar settings loaded from the selected device profile: [Windows]
[2017.04.25-17.59.16:484][  0]LogInit: Computer: SEAGULLDESKTOP
[2017.04.25-17.59.16:484][  0]LogInit: User: Seagull
[2017.04.25-17.59.16:484][  0]LogInit: CPU Page size=65536, Cores=6
[2017.04.25-17.59.16:484][  0]LogInit: High frequency timer resolution =3.319349 MHz
[2017.04.25-17.59.16:485][  0]LogMemory: Memory total: Physical=31.9GB (32GB approx)
[2017.04.25-17.59.16:485][  0]LogMemory: Platform Memory Stats for Windows
[2017.04.25-17.59.16:485][  0]LogMemory: Process Physical Memory: 263.80 MB used, 263.80 MB peak
[2017.04.25-17.59.16:485][  0]LogMemory: Process Virtual Memory: 270.16 MB used, 270.16 MB peak
[2017.04.25-17.59.16:485][  0]LogMemory: Physical Memory: 6538.25 MB used,  26150.16 MB free, 32688.41 MB total
[2017.04.25-17.59.16:485][  0]LogMemory: Virtual Memory: 654.55 MB used,  26150.16 MB free, 134217728.00 MB total
[2017.04.25-17.59.16:548][  0]LogTextLocalizationManager: No specific translations for ('en-US') exist, so ('en') translations will be used.
[2017.04.25-17.59.17:187][  0]LogD3D11RHI: D3D11 adapters:
[2017.04.25-17.59.17:824][  0]LogD3D11RHI:    0. 'NVIDIA GeForce GTX 1080' (Feature Level 11_0)
[2017.04.25-17.59.17:824][  0]LogD3D11RHI:       8144/0/16344 MB DedicatedVideo/DedicatedSystem/SharedSystem, Outputs:1, VendorId:0x10de
[2017.04.25-17.59.17:825][  0]LogD3D11RHI:    1. 'Microsoft Basic Render Driver' (Feature Level 11_0)
[2017.04.25-17.59.17:825][  0]LogD3D11RHI:       0/0/16344 MB DedicatedVideo/DedicatedSystem/SharedSystem, Outputs:0, VendorId:0x1414
[2017.04.25-17.59.17:826][  0]LogD3D11RHI: Chosen D3D11 Adapter: 0
[2017.04.25-17.59.17:830][  0]LogD3D11RHI: Creating new Direct3DDevice
[2017.04.25-17.59.17:830][  0]LogD3D11RHI:     GPU DeviceId: 0x1b80 (for the marketing name, search the web for "GPU Device Id")
[2017.04.25-17.59.17:830][  0]LogWindows: EnumDisplayDevices:
[2017.04.25-17.59.17:830][  0]LogWindows:    0. 'NVIDIA GeForce GTX 1080' (P:1 D:1)
[2017.04.25-17.59.17:830][  0]LogWindows:    1. 'NVIDIA GeForce GTX 1080' (P:0 D:0)
[2017.04.25-17.59.17:830][  0]LogWindows:    2. 'NVIDIA GeForce GTX 1080' (P:0 D:0)
[2017.04.25-17.59.17:830][  0]LogWindows:    3. 'NVIDIA GeForce GTX 1080' (P:0 D:0)
[2017.04.25-17.59.17:831][  0]LogWindows: DebugString: FoundDriverCount:4 
[2017.04.25-17.59.17:831][  0]LogD3D11RHI:     Adapter Name: NVIDIA GeForce GTX 1080
[2017.04.25-17.59.17:831][  0]LogD3D11RHI:   Driver Version: 376.53 (internal:21.21.13.7653, unified:376.53)
[2017.04.25-17.59.17:831][  0]LogD3D11RHI:      Driver Date: 12-29-2016
[2017.04.25-17.59.17:831][  0]LogRHI: Texture pool is 1361 MB (70% of 1945 MB)
[2017.04.25-17.59.18:449][  0]LogD3D11RHI: Async texture creation enabled
[2017.04.25-17.59.18:482][  0]LogD3D11RHI: GPU Timing Frequency: 1000.000000 (Debug: 2 1)
[2017.04.25-17.59.18:526][  0]LogShaderCompilers: Guid format shader working directory is 3 characters bigger than the processId version (../../../../../../LazerPuzzle_Game/GameFiles/Intermediate/Shaders/WorkingDirectory/13880/).
[2017.04.25-17.59.18:526][  0]LogShaderCompilers: Cleaned the shader compiler working directory 'C:/Users/Seagull/AppData/Local/Temp/UnrealShaderWorkingDir/976EAE6E4E556533D5A39085FB7E074C/'.
[2017.04.25-17.59.18:526][  0]LogShaderCompilers:Display: Using Local Shader Compiler.
[2017.04.25-17.59.19:547][  0]LogTemp:Display: Loaded TP AllDesktopTargetPlatform
[2017.04.25-17.59.19:593][  0]LogTemp:Display: Loaded TP MacClientTargetPlatform
[2017.04.25-17.59.19:639][  0]LogTemp:Display: Loaded TP MacNoEditorTargetPlatform
[2017.04.25-17.59.19:685][  0]LogTemp:Display: Loaded TP MacServerTargetPlatform
[2017.04.25-17.59.19:731][  0]LogTemp:Display: Loaded TP MacTargetPlatform
[2017.04.25-17.59.19:778][  0]LogTemp:Display: Loaded TP WindowsClientTargetPlatform
[2017.04.25-17.59.19:824][  0]LogTemp:Display: Loaded TP WindowsNoEditorTargetPlatform
[2017.04.25-17.59.19:870][  0]LogTemp:Display: Loaded TP WindowsServerTargetPlatform
[2017.04.25-17.59.19:907][  0]LogTemp:Display: Loaded TP WindowsTargetPlatform
[2017.04.25-17.59.19:952][  0]LogTemp:Display: Loaded TP AndroidTargetPlatform
[2017.04.25-17.59.19:996][  0]LogTemp:Display: Loaded TP Android_ASTCTargetPlatform
[2017.04.25-17.59.20:042][  0]LogTemp:Display: Loaded TP Android_ATCTargetPlatform
[2017.04.25-17.59.20:088][  0]LogTemp:Display: Loaded TP Android_DXTTargetPlatform
[2017.04.25-17.59.20:132][  0]LogTemp:Display: Loaded TP Android_ETC1TargetPlatform
[2017.04.25-17.59.20:179][  0]LogTemp:Display: Loaded TP Android_ETC2TargetPlatform
[2017.04.25-17.59.20:269][  0]LogTemp:Display: Loaded TP Android_MultiTargetPlatform
[2017.04.25-17.59.20:269][  0]LogTemp:Display: Loaded TP Android_PVRTCTargetPlatform
[2017.04.25-17.59.20:299][  0]LogTemp:Display: Loaded TP HTML5TargetPlatform
[2017.04.25-17.59.20:379][  0]LogTemp:Display: Loaded TP IOSTargetPlatform
[2017.04.25-17.59.20:407][  0]LogTemp:Display: Loaded TP TVOSTargetPlatform
[2017.04.25-17.59.20:451][  0]LogTemp:Display: Loaded TP LinuxClientTargetPlatform
[2017.04.25-17.59.20:497][  0]LogTemp:Display: Loaded TP LinuxNoEditorTargetPlatform
[2017.04.25-17.59.20:542][  0]LogTemp:Display: Loaded TP LinuxServerTargetPlatform
[2017.04.25-17.59.20:589][  0]LogTemp:Display: Loaded TP LinuxTargetPlatform
[2017.04.25-17.59.20:589][  0]LogTargetPlatformManager:Display: Building Assets For Windows
[2017.04.25-17.59.20:909][  0]LogDerivedDataCache:Display: Max Cache Size: 512 MB
[2017.04.25-17.59.20:964][  0]LogDerivedDataCache: Loaded boot cache 0.05s 50MB C:/Users/Seagull/AppData/Local/UnrealEngine/4.15/DerivedDataCache/Boot.ddc.
[2017.04.25-17.59.20:964][  0]LogDerivedDataCache:Display: Loaded Boot cache: C:/Users/Seagull/AppData/Local/UnrealEngine/4.15/DerivedDataCache/Boot.ddc
[2017.04.25-17.59.20:964][  0]LogDerivedDataCache: FDerivedDataBackendGraph:  Pak pak cache file ../../../../../../LazerPuzzle_Game/GameFiles/DerivedDataCache/DDC.ddp not found, will not use a pak cache.
[2017.04.25-17.59.20:964][  0]LogDerivedDataCache: Unable to find inner node Pak for hierarchical cache Hierarchy.
[2017.04.25-17.59.20:964][  0]LogDerivedDataCache: FDerivedDataBackendGraph:  CompressedPak pak cache file ../../../../../../LazerPuzzle_Game/GameFiles/DerivedDataCache/Compressed.ddp not found, will not use a pak cache.
[2017.04.25-17.59.20:964][  0]LogDerivedDataCache: Unable to find inner node CompressedPak for hierarchical cache Hierarchy.
[2017.04.25-17.59.20:982][  0]LogDerivedDataCache:Display: Pak cache opened for reading ../../../Engine/DerivedDataCache/Compressed.ddp.
[2017.04.25-17.59.20:994][  0]LogDerivedDataCache: Using Local data cache path C:/Users/Seagull/AppData/Local/UnrealEngine/Common/DerivedDataCache: Writable
[2017.04.25-17.59.21:003][  0]LogSlate: Using Freetype 2.6.0
[2017.04.25-17.59.21:004][  0]LogSlate: SlateFontCache - WITH_FREETYPE: 1, WITH_HARFBUZZ: 1
[2017.04.25-17.59.21:004][  0]LogSlate: SlateFontCache - WITH_FREETYPE: 1, WITH_HARFBUZZ: 1
[2017.04.25-17.59.21:260][  0]LogInit: Selected Device Profile: [Windows]
[2017.04.25-17.59.21:262][  0]LogContentStreaming: Texture pool size is 0.00 MB
[2017.04.25-17.59.21:442][  0]LogMeshUtilities: Using QuadricMeshReduction for automatic static mesh reduction
[2017.04.25-17.59.21:475][  0]LogSimplygon: Simplygon DLL not present - disabling.
[2017.04.25-17.59.21:514][  0]LogMeshUtilities: Using SimplygonSwarm for distributed automatic mesh merging
[2017.04.25-17.59.21:514][  0]LogMeshUtilities: No automatic skeletal mesh reduction module available
[2017.04.25-17.59.21:514][  0]LogMeshUtilities: No automatic mesh merging module available
[2017.04.25-17.59.21:996][  0]LogNetVersion: GetLocalNetworkVersion: CL: 3299760, ProjectName: laserpuzzle, ProjectVersion: , EngineNetworkVersion: 2, GameNetworkVersion: 0, NetworkChecksum: 640879885
[2017.04.25-17.59.22:037][  0]LogAssetRegistry: FAssetRegistry took 0.0217 seconds to start up
[2017.04.25-17.59.22:088][  0]LogPackageLocalizationCache: Processed 3 localized package path(s) for 2 prioritized culture(s) in 0.027237 seconds
[2017.04.25-17.59.22:093][  0]LogUObjectArray: 32493 objects as part of root set at end of initial load.
[2017.04.25-17.59.22:093][  0]LogUObjectAllocator: 7077024 out of 0 bytes used by permanent object pool.
[2017.04.25-17.59.22:093][  0]LogUObjectArray: CloseDisregardForGC: 0/0 objects in disregard for GC pool
[2017.04.25-17.59.22:138][  0]LogInit: WinSock: version 1.1 (2.2), MaxSocks=32767, MaxUdp=65467
[2017.04.25-17.59.23:606][  0]LogTcpMessaging: Initializing TcpMessaging bridge
[2017.04.25-17.59.23:640][  0]LogUdpMessaging: Initializing bridge on interface 0.0.0.0:0 to multicast group 230.0.0.1:6666.
[2017.04.25-17.59.24:016][  0]LogMaterial: Uniform references updated for custom material expression Custom.
[2017.04.25-17.59.24:333][  0]SourceControl: Info Source control is disabled
[2017.04.25-17.59.24:363][  0]SourceControl: Info Source control is disabled
[2017.04.25-17.59.24:402][  0]SourceControl: Info Source control is disabled
[2017.04.25-17.59.24:440][  0]SourceControl: Info Source control is disabled
[2017.04.25-17.59.25:447][  0]LogEngine: Initializing Engine...
[2017.04.25-17.59.25:472][  0]LogHMD: SteamVR initialized.  Driver: lighthouse  Display: LHR-C9D57CBE
[2017.04.25-17.59.25:726][  0]LogAIModule: Creating AISystem for world Untitled
[2017.04.25-17.59.25:759][  0]LogInit: XAudio2 using 'Headphones (High Definition Audio Device)' : 2 channels at 48 kHz using 16 bits per sample (channel mask 0x3)
[2017.04.25-17.59.25:771][  0]LogInit: FAudioDevice initialized.
[2017.04.25-17.59.25:797][  0]LogDerivedDataCache: Saved boot cache 0.03s 50MB C:/Users/Seagull/AppData/Local/UnrealEngine/4.15/DerivedDataCache/Boot.ddc.
[2017.04.25-17.59.25:807][  0]LogInit: Texture streaming: Enabled
[2017.04.25-17.59.25:870][  0]LogEngineSessionManager: EngineSessionManager initialized
[2017.04.25-17.59.25:890][  0]LogEngineSessionManager: EngineSessionManager sent abnormal shutdown report. Type=Crashed, SessionId={C6A89B54-440A-1E1A-7939-969F260D4860}
[2017.04.25-17.59.25:958][  0]LogInit: Transaction tracking system initialized
[2017.04.25-17.59.26:221][  0]BlueprintLog: New page: Editor Load
[2017.04.25-17.59.26:867][  0]LocalizationService: Info Localization service is disabled
[2017.04.25-17.59.27:376][  0]LogConsoleResponse:Display: 
[2017.04.25-17.59.27:479][  0]LogCook:Display: Max memory allowance for cook 16384mb min free memory 0mb
[2017.04.25-17.59.27:479][  0]LogCook:Display: Mobile HDR setting 1
[2017.04.25-17.59.27:520][  0]LogFileCache: Scanning file cache for directory 'D:/LazerPuzzle_Game/GameFiles/Content/' took 0.01s
[2017.04.25-17.59.28:279][  0]SourceControl: Info Source control is disabled
[2017.04.25-17.59.28:279][  0]Cmd: MAP LOAD FILE="../../../../../../LazerPuzzle_Game/GameFiles/Content/StarterContent/Maps/Minimal_Default.umap" TEMPLATE=0 SHOWPROGRESS=1 FEATURELEVEL=3
[2017.04.25-17.59.28:280][  0]LightingResults: New page: Lighting Build
[2017.04.25-17.59.28:310][  0]MapCheck: New page: Map Check
[2017.04.25-17.59.28:310][  0]LightingResults: New page: Lighting Build
[2017.04.25-17.59.28:720][  0]LogAIModule: Creating AISystem for world Minimal_Default
[2017.04.25-17.59.28:744][  0]LogEditorServer: Finished looking for orphan Actors (0.000 secs)
[2017.04.25-17.59.28:744][  0]Cmd: MAP CHECKDEP NOCLEARLOG
[2017.04.25-17.59.28:793][  0]MapCheck: Info Map check complete: 0 Error(s), 0 Warning(s), took 48.566ms to complete.
[2017.04.25-17.59.28:793][  0]LogFileHelpers: Loading map 'Minimal_Default' took 0.514
[2017.04.25-17.59.28:845][  0]LogWindowsTextInputMethodSystem:Display: IME system now deactivated.
[2017.04.25-17.59.28:945][  0]LogCollectionManager: Loaded 0 collections in 0.000928 seconds
[2017.04.25-17.59.29:014][  0]LogFileCache: Scanning file cache for directory 'D:/LazerPuzzle_Game/GameFiles/Saved/Collections/' took 0.01s
[2017.04.25-17.59.29:014][  0]LogFileCache: Scanning file cache for directory 'D:/LazerPuzzle_Game/GameFiles/Content/Developers/Seagull/Collections/' took 0.01s
[2017.04.25-17.59.29:014][  0]LogFileCache: Scanning file cache for directory 'D:/LazerPuzzle_Game/GameFiles/Content/Collections/' took 0.01s
[2017.04.25-17.59.29:014][  0]LogCollectionManager: Rebuilt the GUID cache for 0 collections in 0.000002 seconds
[2017.04.25-17.59.29:024][  0]LogContentBrowser: Native class hierarchy populated in 0.0097 seconds. Added 2245 classes and 453 folders.
[2017.04.25-17.59.29:027][  0]LogStats: UGameplayTagsManager::ConstructGameplayTagTree: Construct from data asset -  0.000 s
[2017.04.25-17.59.29:027][  0]LogStats: UGameplayTagsManager::ConstructGameplayTagTree: GameplayTagTreeChangedEvent.Broadcast -  0.000 s
[2017.04.25-17.59.29:070][  0]LogContentBrowser: Native class hierarchy updated for 'WidgetCarousel' in 0.0007 seconds. Added 0 classes and 0 folders.
[2017.04.25-17.59.29:124][  0]LogContentBrowser: Native class hierarchy updated for 'AddContentDialog' in 0.0006 seconds. Added 0 classes and 0 folders.
[2017.04.25-17.59.29:157][  0]LogContentBrowser: Native class hierarchy updated for 'SceneOutliner' in 0.0006 seconds. Added 1 classes and 2 folders.
[2017.04.25-17.59.29:264][  0]LogContentBrowser: Native class hierarchy updated for 'WorldBrowser' in 0.0008 seconds. Added 1 classes and 3 folders.
[2017.04.25-17.59.29:284][  0]LogCrashTracker: Crashtracker disabled due to settings.
[2017.04.25-17.59.29:291][  0]LogUObjectGlobals:Warning: Failed to find object 'Class None.'
[2017.04.25-17.59.29:346][  0]LogContentBrowser: Native class hierarchy updated for 'HierarchicalLODOutliner' in 0.0007 seconds. Added 1 classes and 2 folders.
[2017.04.25-17.59.29:346][  0]LogLoad: (Engine Initialization) Total time: 14.71 seconds
[2017.04.25-17.59.29:346][  0]LogLoad: (Engine Initialization) Total Blueprint compile time: 0.14 seconds
[2017.04.25-17.59.29:346][  0]LogExternalProfiler: Found external profiler: VSPerf
[2017.04.25-17.59.29:346][  0]LogExternalProfiler: Using external profiler: VSPerf
[2017.04.25-17.59.29:355][  0]LogOcInput: OculusInput pre-init called
[2017.04.25-17.59.29:376][  0]LogContentStreaming: Texture pool size now 1000 MB
[2017.04.25-17.59.29:378][  0]LogSlate: Took 0.000307 seconds to synchronously load lazily loaded font '../../../Engine/Content/Slate/Fonts/Roboto-Regular.ttf' (155K)
[2017.04.25-17.59.29:381][  0]LogSlate: Took 0.000211 seconds to synchronously load lazily loaded font '../../../Engine/Content/Slate/Fonts/Roboto-Bold.ttf' (160K)
[2017.04.25-17.59.29:386][  0]LogSlate: Took 0.000248 seconds to synchronously load lazily loaded font '../../../Engine/Content/Editor/Slate/Fonts/FontAwesome.ttf' (139K)
[2017.04.25-17.59.29:530][  0]LogRenderer: Reallocating scene render targets to support 1616x816 NumSamples 1 (Frame:2).
[2017.04.25-17.59.29:592][  1]LogAssetRegistry: Asset discovery search completed in 7.5771 seconds
[2017.04.25-17.59.29:592][  1]LogCollectionManager: Rebuilt the object cache for 0 collections in 0.000005 seconds (found 0 objects)
[2017.04.25-17.59.29:592][  1]LogCollectionManager: Fixed up redirectors for 0 collections in 0.000017 seconds (updated 0 objects)
[2017.04.25-17.59.30:383][ 89]LogSlate: Took 0.000292 seconds to synchronously load lazily loaded font '../../../Engine/Content/Slate/Fonts/Roboto-Light.ttf' (159K)
[2017.04.25-17.59.36:182][783]LogTemp: Repeting last play command: Simulate
[2017.04.25-17.59.36:193][783]LogBlueprintUserMessages: Early PlayInEditor Detection: Level '/Game/StarterContent/Maps/Minimal_Default.Minimal_Default:PersistentLevel' has LevelScriptBlueprint '/Game/StarterContent/Maps/Minimal_Default.Minimal_Default:PersistentLevel.Minimal_Default' with GeneratedClass '/Game/StarterContent/Maps/Minimal_Default.Minimal_Default_C' with ClassGeneratedBy '/Game/StarterContent/Maps/Minimal_Default.Minimal_Default:PersistentLevel.Minimal_Default'
[2017.04.25-17.59.36:193][783]LogPlayLevel: PlayLevel: No blueprints needed recompiling
[2017.04.25-17.59.36:194][783]PIE: New page: SIE session: Minimal_Default (Apr 25, 2017, 9:59:36 AM)
[2017.04.25-17.59.36:194][783]LogPlayLevel: Creating play world package: /Game/StarterContent/Maps/UEDPIE_0_Minimal_Default
[2017.04.25-17.59.36:199][783]LogPlayLevel: PIE: StaticDuplicateObject took: (0.005019s)
[2017.04.25-17.59.36:199][783]LogAIModule: Creating AISystem for world Minimal_Default
[2017.04.25-17.59.36:200][783]LogPlayLevel: PIE: World Init took: (0.000788s)
[2017.04.25-17.59.36:200][783]LogPlayLevel: PIE: Created PIE world by copying editor world from /Game/StarterContent/Maps/Minimal_Default.Minimal_Default to /Game/StarterContent/Maps/UEDPIE_0_Minimal_Default.Minimal_Default (0.006035s)
[2017.04.25-17.59.36:240][783]LogInit: XAudio2 using 'Headphones (High Definition Audio Device)' : 2 channels at 48 kHz using 16 bits per sample (channel mask 0x3)
[2017.04.25-17.59.36:249][783]LogInit: FAudioDevice initialized.
[2017.04.25-17.59.36:294][783]LogLoad: Game class is 'GameModeBase'
[2017.04.25-17.59.36:296][783]LogWorld: Bringing World /Game/StarterContent/Maps/UEDPIE_0_Minimal_Default.Minimal_Default up for play (max tick rate 0) at 2017.04.25-13.59.36
[2017.04.25-17.59.36:297][783]LogWorld: Bringing up level for play took: 0.001179
[2017.04.25-17.59.36:329][783]LogContentBrowser: Native class hierarchy updated for 'MovieSceneCapture' in 0.0007 seconds. Added 11 classes and 0 folders.
[2017.04.25-17.59.36:329][783]PIE: Info Play in editor start time for /Game/StarterContent/Maps/UEDPIE_0_Minimal_Default 0.199
[2017.04.25-17.59.36:334][783]LogBlueprintUserMessages: Late PlayInEditor Detection: Level '/Game/StarterContent/Maps/Minimal_Default.Minimal_Default:PersistentLevel' has LevelScriptBlueprint '/Game/StarterContent/Maps/Minimal_Default.Minimal_Default:PersistentLevel.Minimal_Default' with GeneratedClass '/Game/StarterContent/Maps/Minimal_Default.Minimal_Default_C' with ClassGeneratedBy '/Game/StarterContent/Maps/Minimal_Default.Minimal_Default:PersistentLevel.Minimal_Default'
[2017.04.25-17.59.43:433][318]LogBlueprintUserMessages: Early EndPlayMap Detection: Level '/Game/StarterContent/Maps/Minimal_Default.Minimal_Default:PersistentLevel' has LevelScriptBlueprint '/Game/StarterContent/Maps/Minimal_Default.Minimal_Default:PersistentLevel.Minimal_Default' with GeneratedClass '/Game/StarterContent/Maps/Minimal_Default.Minimal_Default_C' with ClassGeneratedBy '/Game/StarterContent/Maps/Minimal_Default.Minimal_Default:PersistentLevel.Minimal_Default'
[2017.04.25-17.59.43:472][318]LogBlueprintUserMessages: Late EndPlayMap Detection: Level '/Game/StarterContent/Maps/Minimal_Default.Minimal_Default:PersistentLevel' has LevelScriptBlueprint '/Game/StarterContent/Maps/Minimal_Default.Minimal_Default:PersistentLevel.Minimal_Default' with GeneratedClass '/Game/StarterContent/Maps/Minimal_Default.Minimal_Default_C' with ClassGeneratedBy '/Game/StarterContent/Maps/Minimal_Default.Minimal_Default:PersistentLevel.Minimal_Default'
[2017.04.25-17.59.47:203][736]LogEditorViewport: Clicking on Actor (LMB): PlayerStart (Player Start)
[2017.04.25-17.59.51:064][181]Cmd: DELETE
[2017.04.25-17.59.51:064][181]Cmd: ACTOR DELETE
[2017.04.25-17.59.51:066][181]LogEditorActor: Deleted Actor: PlayerStart
[2017.04.25-17.59.51:074][181]LogEditorActor: Deleted 1 Actors (0.010 secs)
[2017.04.25-17.59.52:302][328]LogTemp: Repeting last play command: Simulate
[2017.04.25-17.59.52:313][328]LogBlueprintUserMessages: Early PlayInEditor Detection: Level '/Game/StarterContent/Maps/Minimal_Default.Minimal_Default:PersistentLevel' has LevelScriptBlueprint '/Game/StarterContent/Maps/Minimal_Default.Minimal_Default:PersistentLevel.Minimal_Default' with GeneratedClass '/Game/StarterContent/Maps/Minimal_Default.Minimal_Default_C' with ClassGeneratedBy '/Game/StarterContent/Maps/Minimal_Default.Minimal_Default:PersistentLevel.Minimal_Default'
[2017.04.25-17.59.52:313][328]LogPlayLevel: PlayLevel: No blueprints needed recompiling
[2017.04.25-17.59.52:313][328]PIE: New page: SIE session: Minimal_Default (Apr 25, 2017, 9:59:52 AM)
[2017.04.25-17.59.52:314][328]LogPlayLevel: Creating play world package: /Game/StarterContent/Maps/UEDPIE_0_Minimal_Default
[2017.04.25-17.59.52:319][328]LogPlayLevel: PIE: StaticDuplicateObject took: (0.005186s)
[2017.04.25-17.59.52:319][328]LogAIModule: Creating AISystem for world Minimal_Default
[2017.04.25-17.59.52:320][328]LogPlayLevel: PIE: World Init took: (0.000840s)
[2017.04.25-17.59.52:320][328]LogPlayLevel: PIE: Created PIE world by copying editor world from /Game/StarterContent/Maps/Minimal_Default.Minimal_Default to /Game/StarterContent/Maps/UEDPIE_0_Minimal_Default.Minimal_Default (0.006236s)
[2017.04.25-17.59.52:353][328]LogInit: XAudio2 using 'Headphones (High Definition Audio Device)' : 2 channels at 48 kHz using 16 bits per sample (channel mask 0x3)
[2017.04.25-17.59.52:361][328]LogInit: FAudioDevice initialized.
[2017.04.25-17.59.52:392][328]LogLoad: Game class is 'GameModeBase'
[2017.04.25-17.59.52:394][328]LogWorld: Bringing World /Game/StarterContent/Maps/UEDPIE_0_Minimal_Default.Minimal_Default up for play (max tick rate 0) at 2017.04.25-13.59.52
[2017.04.25-17.59.52:394][328]LogWorld: Bringing up level for play took: 0.001192
[2017.04.25-17.59.52:394][328]LogGameMode: FindPlayerStart: PATHS NOT DEFINED or NO PLAYERSTART with positive rating
[2017.04.25-17.59.52:416][328]PIE: Info Play in editor start time for /Game/StarterContent/Maps/UEDPIE_0_Minimal_Default 0.285
[2017.04.25-17.59.52:419][328]LogBlueprintUserMessages: Late PlayInEditor Detection: Level '/Game/StarterContent/Maps/Minimal_Default.Minimal_Default:PersistentLevel' has LevelScriptBlueprint '/Game/StarterContent/Maps/Minimal_Default.Minimal_Default:PersistentLevel.Minimal_Default' with GeneratedClass '/Game/StarterContent/Maps/Minimal_Default.Minimal_Default_C' with ClassGeneratedBy '/Game/StarterContent/Maps/Minimal_Default.Minimal_Default:PersistentLevel.Minimal_Default'
[2017.04.25-17.59.57:698][807]LogEditorViewport: Clicking on Actor (LMB): BP_Lazer_C (BP_FixLazer)
[2017.04.25-18.00.18:915][300]LogBlueprintUserMessages: Early EndPlayMap Detection: Level '/Game/StarterContent/Maps/Minimal_Default.Minimal_Default:PersistentLevel' has LevelScriptBlueprint '/Game/StarterContent/Maps/Minimal_Default.Minimal_Default:PersistentLevel.Minimal_Default' with GeneratedClass '/Game/StarterContent/Maps/Minimal_Default.Minimal_Default_C' with ClassGeneratedBy '/Game/StarterContent/Maps/Minimal_Default.Minimal_Default:PersistentLevel.Minimal_Default'
[2017.04.25-18.00.18:960][300]LogBlueprintUserMessages: Late EndPlayMap Detection: Level '/Game/StarterContent/Maps/Minimal_Default.Minimal_Default:PersistentLevel' has LevelScriptBlueprint '/Game/StarterContent/Maps/Minimal_Default.Minimal_Default:PersistentLevel.Minimal_Default' with GeneratedClass '/Game/StarterContent/Maps/Minimal_Default.Minimal_Default_C' with ClassGeneratedBy '/Game/StarterContent/Maps/Minimal_Default.Minimal_Default:PersistentLevel.Minimal_Default'
[2017.04.25-18.00.25:098][822]LogSlate: Took 0.000246 seconds to synchronously load lazily loaded font '../../../Engine/Content/Slate/Fonts/Roboto-Light.ttf' (159K)
[2017.04.25-18.00.25:245][822]LogSavePackage: Save=71.60ms
[2017.04.25-18.00.25:245][822]LogSavePackage: Moving '../../../../../../LazerPuzzle_Game/GameFiles/Saved/Minimal_Default0FF2197146B31B3409EAB3A24D3F7B94.tmp' to '../../../../../../LazerPuzzle_Game/GameFiles/Content/StarterContent/Maps/Minimal_Default.umap'
[2017.04.25-18.00.25:248][822]LogSavePackage:Display: Finished SavePackage ../../../../../../LazerPuzzle_Game/GameFiles/Content/StarterContent/Maps/Minimal_Default.umap
[2017.04.25-18.00.25:269][822]LogFileHelpers: Saving map 'Minimal_Default' took 0.162
[2017.04.25-18.00.50:759][795]LogEditorViewport: Clicking on Actor (LMB): BP_Prism_C (BP_Prism)
[2017.04.25-18.00.51:437][872]Cmd: DELETE
[2017.04.25-18.00.51:437][872]Cmd: ACTOR DELETE
[2017.04.25-18.00.51:437][872]LogEditorActor: Deleted Actor: BP_Prism_C
[2017.04.25-18.00.51:445][872]LogEditorActor: Deleted 1 Actors (0.008 secs)
[2017.04.25-18.00.52:736][ 15]LogEditorViewport: Clicking on Actor (LMB): StaticMeshActor (Floor_400x403)
[2017.04.25-18.00.53:570][ 90]Cmd: EDIT COPY
[2017.04.25-18.00.53:843][115]Cmd: EDIT PASTE
[2017.04.25-18.01.01:224][908]LogEditorViewport: Clicking on Actor (LMB): StaticMeshActor (Floor_400x401)
[2017.04.25-18.01.07:657][607]LogEditorViewport: Clicking on Actor (LMB): StaticMeshActor (Floor_400x403)
[2017.04.25-18.01.08:522][695]Cmd: EDIT COPY
[2017.04.25-18.01.08:824][731]Cmd: EDIT PASTE
[2017.04.25-18.01.14:186][338]LogEditorViewport: Clicking on Actor (CTRL LMB): StaticMeshActor (Floor_400x403)
[2017.04.25-18.01.15:089][411]LogEditorViewport: Clicking on Actor (CTRL LMB): StaticMeshActor (Floor_400x401)
[2017.04.25-18.01.16:432][556]Cmd: EDIT COPY
[2017.04.25-18.01.16:812][595]Cmd: EDIT PASTE
[2017.04.25-18.01.34:888][624]LogEditorViewport: Clicking on Actor (CTRL LMB): StaticMeshActor (Floor_400x405)
[2017.04.25-18.01.35:351][653]LogEditorViewport: Clicking on Actor (CTRL LMB): StaticMeshActor (Floor_400x403)
[2017.04.25-18.01.36:153][740]LogEditorViewport: Clicking on Actor (CTRL LMB): StaticMeshActor (Floor_400x401)
[2017.04.25-18.01.40:269][206]Cmd: EDIT COPY
[2017.04.25-18.01.40:648][251]Cmd: EDIT PASTE
[2017.04.25-18.02.35:930][689]LogEditorViewport: Clicking on Actor (CTRL LMB): StaticMeshActor (Floor_400x400)
[2017.04.25-18.02.39:923][137]Cmd: EDIT COPY
[2017.04.25-18.02.40:371][190]Cmd: EDIT PASTE
[2017.04.25-18.02.41:773][345]Cmd: MODE ROTGRID=1
[2017.04.25-18.02.49:444][219]Cmd: MODE GRID=1
[2017.04.25-18.03.17:009][362]Cmd: MODE GRID=0
[2017.04.25-18.03.22:745][ 26]LogTemp: Repeting last play command: Simulate
[2017.04.25-18.03.22:757][ 26]LogBlueprintUserMessages: Early PlayInEditor Detection: Level '/Game/StarterContent/Maps/Minimal_Default.Minimal_Default:PersistentLevel' has LevelScriptBlueprint '/Game/StarterContent/Maps/Minimal_Default.Minimal_Default:PersistentLevel.Minimal_Default' with GeneratedClass '/Game/StarterContent/Maps/Minimal_Default.Minimal_Default_C' with ClassGeneratedBy '/Game/StarterContent/Maps/Minimal_Default.Minimal_Default:PersistentLevel.Minimal_Default'
[2017.04.25-18.03.22:757][ 26]LogPlayLevel: PlayLevel: No blueprints needed recompiling
[2017.04.25-18.03.22:757][ 26]PIE: New page: SIE session: Minimal_Default (Apr 25, 2017, 10:03:22 AM)
[2017.04.25-18.03.22:757][ 26]LogPlayLevel: Creating play world package: /Game/StarterContent/Maps/UEDPIE_0_Minimal_Default
[2017.04.25-18.03.22:763][ 26]LogPlayLevel: PIE: StaticDuplicateObject took: (0.005761s)
[2017.04.25-18.03.22:764][ 26]LogAIModule: Creating AISystem for world Minimal_Default
[2017.04.25-18.03.22:764][ 26]LogPlayLevel: PIE: World Init took: (0.000944s)
[2017.04.25-18.03.22:764][ 26]LogPlayLevel: PIE: Created PIE world by copying editor world from /Game/StarterContent/Maps/Minimal_Default.Minimal_Default to /Game/StarterContent/Maps/UEDPIE_0_Minimal_Default.Minimal_Default (0.006993s)
[2017.04.25-18.03.22:798][ 26]LogInit: XAudio2 using 'Headphones (High Definition Audio Device)' : 2 channels at 48 kHz using 16 bits per sample (channel mask 0x3)
[2017.04.25-18.03.22:807][ 26]LogInit: FAudioDevice initialized.
[2017.04.25-18.03.22:837][ 26]LogLoad: Game class is 'GameModeBase'
[2017.04.25-18.03.22:839][ 26]LogWorld: Bringing World /Game/StarterContent/Maps/UEDPIE_0_Minimal_Default.Minimal_Default up for play (max tick rate 0) at 2017.04.25-14.03.22
[2017.04.25-18.03.22:840][ 26]LogWorld: Bringing up level for play took: 0.001499
[2017.04.25-18.03.22:840][ 26]LogGameMode: FindPlayerStart: PATHS NOT DEFINED or NO PLAYERSTART with positive rating
[2017.04.25-18.03.22:840][ 26]PIE: Info Play in editor start time for /Game/StarterContent/Maps/UEDPIE_0_Minimal_Default 0.71
[2017.04.25-18.03.22:873][ 26]LogBlueprintUserMessages: Late PlayInEditor Detection: Level '/Game/StarterContent/Maps/Minimal_Default.Minimal_Default:PersistentLevel' has LevelScriptBlueprint '/Game/StarterContent/Maps/Minimal_Default.Minimal_Default:PersistentLevel.Minimal_Default' with GeneratedClass '/Game/StarterContent/Maps/Minimal_Default.Minimal_Default_C' with ClassGeneratedBy '/Game/StarterContent/Maps/Minimal_Default.Minimal_Default:PersistentLevel.Minimal_Default'
[2017.04.25-18.03.30:421][554]LogEditorViewport: Clicking on Actor (LMB): BP_Lazer_C (BP_FixLazer)
[2017.04.25-18.03.35:184][937]Cmd: MODE ROTGRID=0
[2017.04.25-18.04.07:449][159]LogBlueprintUserMessages: Early EndPlayMap Detection: Level '/Game/StarterContent/Maps/Minimal_Default.Minimal_Default:PersistentLevel' has LevelScriptBlueprint '/Game/StarterContent/Maps/Minimal_Default.Minimal_Default:PersistentLevel.Minimal_Default' with GeneratedClass '/Game/StarterContent/Maps/Minimal_Default.Minimal_Default_C' with ClassGeneratedBy '/Game/StarterContent/Maps/Minimal_Default.Minimal_Default:PersistentLevel.Minimal_Default'
[2017.04.25-18.04.07:494][159]LogBlueprintUserMessages: Late EndPlayMap Detection: Level '/Game/StarterContent/Maps/Minimal_Default.Minimal_Default:PersistentLevel' has LevelScriptBlueprint '/Game/StarterContent/Maps/Minimal_Default.Minimal_Default:PersistentLevel.Minimal_Default' with GeneratedClass '/Game/StarterContent/Maps/Minimal_Default.Minimal_Default_C' with ClassGeneratedBy '/Game/StarterContent/Maps/Minimal_Default.Minimal_Default:PersistentLevel.Minimal_Default'
[2017.04.25-18.04.08:290][238]LogEditorViewport: Clicking on Actor (LMB): StaticMeshActor (Floor_400x401)
[2017.04.25-18.04.09:921][415]Cmd: EDIT COPY
[2017.04.25-18.04.10:227][451]Cmd: EDIT PASTE
[2017.04.25-18.04.13:176][794]Cmd: DELETE
[2017.04.25-18.04.13:176][794]Cmd: ACTOR DELETE
[2017.04.25-18.04.13:176][794]LogEditorActor: Deleted Actor: StaticMeshActor
[2017.04.25-18.04.13:184][794]LogEditorActor: Deleted 1 Actors (0.008 secs)
[2017.04.25-18.04.15:751][ 89]LogEditorViewport: Clicking on Actor (LMB): StaticMeshActor (Floor_400x400)
[2017.04.25-18.04.16:961][218]Cmd: EDIT COPY
[2017.04.25-18.04.17:337][263]Cmd: EDIT PASTE
[2017.04.25-18.04.25:789][203]LogEditorViewport: Clicking on Actor (LMB): StaticMeshActor (Floor_400x419)
[2017.04.25-18.04.26:645][297]Cmd: EDIT COPY
[2017.04.25-18.04.26:967][335]Cmd: EDIT PASTE
[2017.04.25-18.04.35:569][329]LogEditorViewport: Clicking on Actor (LMB): StaticMeshActor (Floor_400x424)
[2017.04.25-18.04.37:276][499]Cmd: EDIT COPY
[2017.04.25-18.04.37:574][534]Cmd: EDIT PASTE
[2017.04.25-18.04.49:137][866]LogEditorViewport: Clicking on Actor (LMB): StaticMeshActor (Floor_400x428)
[2017.04.25-18.04.50:466][  1]Cmd: EDIT COPY
[2017.04.25-18.04.50:776][ 38]Cmd: EDIT PASTE
[2017.04.25-18.05.01:417][264]LogEditorViewport: Clicking on Actor (LMB): StaticMeshActor (Floor_400x437)
[2017.04.25-18.05.11:180][384]Cmd: EDIT COPY
[2017.04.25-18.05.11:525][421]Cmd: EDIT PASTE
[2017.04.25-18.05.23:141][781]LogEditorViewport: Clicking on Actor (LMB): StaticMeshActor (Floor_400x436)
[2017.04.25-18.05.24:009][871]Cmd: EDIT COPY
[2017.04.25-18.05.24:315][907]Cmd: EDIT PASTE
[2017.04.25-18.05.28:174][300]LogEditorViewport: Clicking on Actor (LMB): StaticMeshActor (Floor_400x419)
[2017.04.25-18.05.31:835][671]LogEditorViewport: Clicking on Actor (LMB): StaticMeshActor (Floor_400x428)
[2017.04.25-18.05.35:395][  6]LogEditorViewport: Clicking on Actor (LMB): StaticMeshActor (Floor_400x440)
[2017.04.25-18.05.36:231][ 97]Cmd: EDIT COPY
[2017.04.25-18.05.36:509][130]Cmd: EDIT PASTE
[2017.04.25-18.05.52:893][ 63]LogEditorViewport: Clicking on Actor (LMB): StaticMeshActor (Floor_400x433)
[2017.04.25-18.05.54:041][184]Cmd: EDIT COPY
[2017.04.25-18.05.54:341][216]Cmd: EDIT PASTE
[2017.04.25-18.06.03:457][277]Cmd: EDIT COPY
[2017.04.25-18.06.03:742][311]Cmd: EDIT PASTE
[2017.04.25-18.06.15:749][732]Cmd: EDIT COPY
[2017.04.25-18.06.16:029][762]Cmd: EDIT PASTE
[2017.04.25-18.06.32:398][667]LogTemp: Repeting last play command: Simulate
[2017.04.25-18.06.32:410][667]LogBlueprintUserMessages: Early PlayInEditor Detection: Level '/Game/StarterContent/Maps/Minimal_Default.Minimal_Default:PersistentLevel' has LevelScriptBlueprint '/Game/StarterContent/Maps/Minimal_Default.Minimal_Default:PersistentLevel.Minimal_Default' with GeneratedClass '/Game/StarterContent/Maps/Minimal_Default.Minimal_Default_C' with ClassGeneratedBy '/Game/StarterContent/Maps/Minimal_Default.Minimal_Default:PersistentLevel.Minimal_Default'
[2017.04.25-18.06.32:410][667]LogPlayLevel: PlayLevel: No blueprints needed recompiling
[2017.04.25-18.06.32:410][667]PIE: New page: SIE session: Minimal_Default (Apr 25, 2017, 10:06:32 AM)
[2017.04.25-18.06.32:410][667]LogPlayLevel: Creating play world package: /Game/StarterContent/Maps/UEDPIE_0_Minimal_Default
[2017.04.25-18.06.32:416][667]LogPlayLevel: PIE: StaticDuplicateObject took: (0.006103s)
[2017.04.25-18.06.32:417][667]LogAIModule: Creating AISystem for world Minimal_Default
[2017.04.25-18.06.32:417][667]LogPlayLevel: PIE: World Init took: (0.000813s)
[2017.04.25-18.06.32:417][667]LogPlayLevel: PIE: Created PIE world by copying editor world from /Game/StarterContent/Maps/Minimal_Default.Minimal_Default to /Game/StarterContent/Maps/UEDPIE_0_Minimal_Default.Minimal_Default (0.007258s)
[2017.04.25-18.06.32:451][667]LogInit: XAudio2 using 'Headphones (High Definition Audio Device)' : 2 channels at 48 kHz using 16 bits per sample (channel mask 0x3)
[2017.04.25-18.06.32:460][667]LogInit: FAudioDevice initialized.
[2017.04.25-18.06.32:493][667]LogLoad: Game class is 'GameModeBase'
[2017.04.25-18.06.32:496][667]LogWorld: Bringing World /Game/StarterContent/Maps/UEDPIE_0_Minimal_Default.Minimal_Default up for play (max tick rate 0) at 2017.04.25-14.06.32
[2017.04.25-18.06.32:496][667]LogWorld: Bringing up level for play took: 0.001746
[2017.04.25-18.06.32:496][667]LogGameMode: FindPlayerStart: PATHS NOT DEFINED or NO PLAYERSTART with positive rating
[2017.04.25-18.06.32:497][667]PIE: Info Play in editor start time for /Game/StarterContent/Maps/UEDPIE_0_Minimal_Default 0.367
[2017.04.25-18.06.32:531][667]LogBlueprintUserMessages: Late PlayInEditor Detection: Level '/Game/StarterContent/Maps/Minimal_Default.Minimal_Default:PersistentLevel' has LevelScriptBlueprint '/Game/StarterContent/Maps/Minimal_Default.Minimal_Default:PersistentLevel.Minimal_Default' with GeneratedClass '/Game/StarterContent/Maps/Minimal_Default.Minimal_Default_C' with ClassGeneratedBy '/Game/StarterContent/Maps/Minimal_Default.Minimal_Default:PersistentLevel.Minimal_Default'
[2017.04.25-18.06.39:453][ 60]LogEditorViewport: Clicking on Actor (LMB): BP_Lazer_C (BP_FixLazer)
[2017.04.25-18.06.45:316][516]LogEditorViewport: Clicking on Actor (LMB): BP_Lazer_C (BP_FixLazer)
[2017.04.25-18.08.10:117][855]LogBlueprintUserMessages: Early EndPlayMap Detection: Level '/Game/StarterContent/Maps/Minimal_Default.Minimal_Default:PersistentLevel' has LevelScriptBlueprint '/Game/StarterContent/Maps/Minimal_Default.Minimal_Default:PersistentLevel.Minimal_Default' with GeneratedClass '/Game/StarterContent/Maps/Minimal_Default.Minimal_Default_C' with ClassGeneratedBy '/Game/StarterContent/Maps/Minimal_Default.Minimal_Default:PersistentLevel.Minimal_Default'
[2017.04.25-18.08.10:171][855]LogBlueprintUserMessages: Late EndPlayMap Detection: Level '/Game/StarterContent/Maps/Minimal_Default.Minimal_Default:PersistentLevel' has LevelScriptBlueprint '/Game/StarterContent/Maps/Minimal_Default.Minimal_Default:PersistentLevel.Minimal_Default' with GeneratedClass '/Game/StarterContent/Maps/Minimal_Default.Minimal_Default_C' with ClassGeneratedBy '/Game/StarterContent/Maps/Minimal_Default.Minimal_Default:PersistentLevel.Minimal_Default'
[2017.04.25-18.08.12:796][113]LogContentBrowser: Native class hierarchy updated for 'BlueprintGraph' in 0.0011 seconds. Added 112 classes and 0 folders.
[2017.04.25-18.08.13:338][113]LogSlate: Took 0.000213 seconds to synchronously load lazily loaded font '../../../Engine/Content/Slate/Fonts/Roboto-Regular.ttf' (155K)
[2017.04.25-18.08.13:423][113]LogSlate: Took 0.000288 seconds to synchronously load lazily loaded font '../../../Engine/Content/Editor/Slate/Fonts/Roboto-BoldCondensed.ttf' (158K)
[2017.04.25-18.08.22:310][473]BlueprintLog: New page: Compile BP_Lazer
[2017.04.25-18.08.22:814][492]Cmd: OBJ SAVEPACKAGE PACKAGE="/Game/Blueprints/BP_Lazer" FILE="../../../../../../LazerPuzzle_Game/GameFiles/Content/Blueprints/BP_Lazer.uasset" SILENT=true
[2017.04.25-18.08.22:867][492]LogSavePackage: Save=44.44ms
[2017.04.25-18.08.22:867][492]LogSavePackage: Moving '../../../../../../LazerPuzzle_Game/GameFiles/Saved/BP_Lazer17B71CB549C5AE8197459EBFC7E1ECF5.tmp' to '../../../../../../LazerPuzzle_Game/GameFiles/Content/Blueprints/BP_Lazer.uasset'
[2017.04.25-18.08.22:870][492]LogSavePackage:Display: Finished SavePackage ../../../../../../LazerPuzzle_Game/GameFiles/Content/Blueprints/BP_Lazer.uasset
[2017.04.25-18.08.29:104][926]BlueprintLog: New page: Compile BP_Lazer
[2017.04.25-18.08.31:348][121]LogTemp: Repeting last play command: Simulate
[2017.04.25-18.08.31:361][121]LogBlueprintUserMessages: Early PlayInEditor Detection: Level '/Game/StarterContent/Maps/Minimal_Default.Minimal_Default:PersistentLevel' has LevelScriptBlueprint '/Game/StarterContent/Maps/Minimal_Default.Minimal_Default:PersistentLevel.Minimal_Default' with GeneratedClass '/Game/StarterContent/Maps/Minimal_Default.Minimal_Default_C' with ClassGeneratedBy '/Game/StarterContent/Maps/Minimal_Default.Minimal_Default:PersistentLevel.Minimal_Default'
[2017.04.25-18.08.31:361][121]LogPlayLevel: PlayLevel: No blueprints needed recompiling
[2017.04.25-18.08.31:361][121]PIE: New page: SIE session: Minimal_Default (Apr 25, 2017, 10:08:31 AM)
[2017.04.25-18.08.31:361][121]LogPlayLevel: Creating play world package: /Game/StarterContent/Maps/UEDPIE_0_Minimal_Default
[2017.04.25-18.08.31:367][121]LogPlayLevel: PIE: StaticDuplicateObject took: (0.005713s)
[2017.04.25-18.08.31:368][121]LogAIModule: Creating AISystem for world Minimal_Default
[2017.04.25-18.08.31:368][121]LogPlayLevel: PIE: World Init took: (0.001026s)
[2017.04.25-18.08.31:368][121]LogPlayLevel: PIE: Created PIE world by copying editor world from /Game/StarterContent/Maps/Minimal_Default.Minimal_Default to /Game/StarterContent/Maps/UEDPIE_0_Minimal_Default.Minimal_Default (0.006979s)
[2017.04.25-18.08.31:409][121]LogInit: XAudio2 using 'Headphones (High Definition Audio Device)' : 2 channels at 48 kHz using 16 bits per sample (channel mask 0x3)
[2017.04.25-18.08.31:417][121]LogInit: FAudioDevice initialized.
[2017.04.25-18.08.31:448][121]LogLoad: Game class is 'GameModeBase'
[2017.04.25-18.08.31:450][121]LogWorld: Bringing World /Game/StarterContent/Maps/UEDPIE_0_Minimal_Default.Minimal_Default up for play (max tick rate 0) at 2017.04.25-14.08.31
[2017.04.25-18.08.31:450][121]LogWorld: Bringing up level for play took: 0.001655
[2017.04.25-18.08.31:451][121]LogGameMode: FindPlayerStart: PATHS NOT DEFINED or NO PLAYERSTART with positive rating
[2017.04.25-18.08.31:451][121]PIE: Info Play in editor start time for /Game/StarterContent/Maps/UEDPIE_0_Minimal_Default -0.679
[2017.04.25-18.08.31:464][121]LogBlueprintUserMessages: Late PlayInEditor Detection: Level '/Game/StarterContent/Maps/Minimal_Default.Minimal_Default:PersistentLevel' has LevelScriptBlueprint '/Game/StarterContent/Maps/Minimal_Default.Minimal_Default:PersistentLevel.Minimal_Default' with GeneratedClass '/Game/StarterContent/Maps/Minimal_Default.Minimal_Default_C' with ClassGeneratedBy '/Game/StarterContent/Maps/Minimal_Default.Minimal_Default:PersistentLevel.Minimal_Default'
[2017.04.25-18.08.32:935][251]LogEditorViewport: Clicking on Actor (LMB): BP_Lazer_C (BP_FixLazer)
[2017.04.25-18.08.55:373][840]LogSavePackage: Save=122.36ms
[2017.04.25-18.08.55:373][840]LogSavePackage: Moving '../../../../../../LazerPuzzle_Game/GameFiles/Saved/Minimal_Default9BAFB41944E12D3B6C7F74A54B4FABE1.tmp' to '../../../../../../LazerPuzzle_Game/GameFiles/Content/StarterContent/Maps/Minimal_Default.umap'
[2017.04.25-18.08.55:377][840]LogSavePackage:Display: Finished SavePackage ../../../../../../LazerPuzzle_Game/GameFiles/Content/StarterContent/Maps/Minimal_Default.umap
[2017.04.25-18.08.55:423][840]LogSavePackage: Save=12.69ms
[2017.04.25-18.08.55:423][840]LogSavePackage: Moving '../../../../../../LazerPuzzle_Game/GameFiles/Saved/Minimal_Default_BuiltData5C22C92E4004C1220F8282A95EAD64B8.tmp' to '../../../../../../LazerPuzzle_Game/GameFiles/Content/StarterContent/Maps/Minimal_Default_BuiltData.uasset'
[2017.04.25-18.08.55:424][840]LogSavePackage:Display: Finished SavePackage ../../../../../../LazerPuzzle_Game/GameFiles/Content/StarterContent/Maps/Minimal_Default_BuiltData.uasset
[2017.04.25-18.08.58:679][ 97]LogBlueprintUserMessages: Early EndPlayMap Detection: Level '/Game/StarterContent/Maps/Minimal_Default.Minimal_Default:PersistentLevel' has LevelScriptBlueprint '/Game/StarterContent/Maps/Minimal_Default.Minimal_Default:PersistentLevel.Minimal_Default' with GeneratedClass '/Game/StarterContent/Maps/Minimal_Default.Minimal_Default_C' with ClassGeneratedBy '/Game/StarterContent/Maps/Minimal_Default.Minimal_Default:PersistentLevel.Minimal_Default'
[2017.04.25-18.08.58:863][ 97]LogStats: FPlatformStackWalk::StackWalkAndDump -  0.177 s
[2017.04.25-18.08.58:863][ 97]LogOutputDevice:Error: === Handled ensure: ===
[2017.04.25-18.08.58:863][ 97]LogOutputDevice:Error: 
[2017.04.25-18.08.58:863][ 97]LogOutputDevice:Error: Ensure condition failed: NewObject->IsA(this->GeneratedClass) [File:D:\Build\++UE4+Release-4.15+Compile\Sync\Engine\Source\Runtime\Engine\Private\Blueprint.cpp] [Line: 755]
[2017.04.25-18.08.58:863][ 97]LogOutputDevice:Error: Type mismatch: Expected Minimal_Default_C, Found REINST_Minimal_Default_C_51
[2017.04.25-18.08.58:863][ 97]LogOutputDevice:Error: Stack: 
[2017.04.25-18.08.58:863][ 97]LogOutputDevice:Error: UE4Editor-Core.dll!0x00000000DEE495E6
[2017.04.25-18.08.58:863][ 97]LogOutputDevice:Error: UE4Editor-Core.dll!0x00000000DEBF9B82
[2017.04.25-18.08.58:863][ 97]LogOutputDevice:Error: UE4Editor-Core.dll!0x00000000DEC0B666
[2017.04.25-18.08.58:863][ 97]LogOutputDevice:Error: UE4Editor-Engine.dll!0x00000000DB51F281
[2017.04.25-18.08.58:863][ 97]LogOutputDevice:Error: UE4Editor-Engine.dll!0x00000000DC2F8E91
[2017.04.25-18.08.58:863][ 97]LogOutputDevice:Error: UE4Editor-UnrealEd.dll!0x00000000D7B22CCD
[2017.04.25-18.08.58:863][ 97]LogOutputDevice:Error: UE4Editor-UnrealEd.dll!0x00000000D7ADE8CE
[2017.04.25-18.08.58:863][ 97]LogOutputDevice:Error: UE4Editor-UnrealEd.dll!0x00000000D7607A9F
[2017.04.25-18.08.58:863][ 97]LogOutputDevice:Error: UE4Editor-UnrealEd.dll!0x00000000D7E12086
[2017.04.25-18.08.58:863][ 97]LogOutputDevice:Error: UE4Editor.exe!0x000000002093DEE3
[2017.04.25-18.08.58:863][ 97]LogOutputDevice:Error: UE4Editor.exe!0x000000002092EB40
[2017.04.25-18.08.58:863][ 97]LogOutputDevice:Error: UE4Editor.exe!0x000000002092EBBA
[2017.04.25-18.08.58:863][ 97]LogOutputDevice:Error: UE4Editor.exe!0x0000000020940A29
[2017.04.25-18.08.58:863][ 97]LogOutputDevice:Error: UE4Editor.exe!0x00000000209422B6
[2017.04.25-18.08.58:863][ 97]LogOutputDevice:Error: KERNEL32.DLL!0x0000000019728364
[2017.04.25-18.08.58:863][ 97]LogOutputDevice:Error: ntdll.dll!0x00000000198970D1
[2017.04.25-18.08.58:863][ 97]LogOutputDevice:Error: 
[2017.04.25-18.08.58:874][ 97]LogStats:                SubmitErrorReport -  0.000 s
[2017.04.25-18.08.59:109][ 97]LogStats:                    SendNewReport -  0.235 s
[2017.04.25-18.08.59:109][ 97]LogStats:             FDebug::EnsureFailed -  0.423 s
[2017.04.25-18.08.59:153][ 97]LogBlueprintUserMessages: Late EndPlayMap Detection: Level '/Game/StarterContent/Maps/Minimal_Default.Minimal_Default:PersistentLevel' has LevelScriptBlueprint '/Game/StarterContent/Maps/Minimal_Default.Minimal_Default:PersistentLevel.Minimal_Default' with GeneratedClass '/Game/StarterContent/Maps/Minimal_Default.Minimal_Default_C' with ClassGeneratedBy '/Game/StarterContent/Maps/Minimal_Default.Minimal_Default:PersistentLevel.Minimal_Default'
[2017.04.25-18.09.02:270][303]BlueprintLog: New page: Compile BP_Lazer
[2017.04.25-18.09.02:789][324]Cmd: OBJ SAVEPACKAGE PACKAGE="/Game/Blueprints/BP_Lazer" FILE="../../../../../../LazerPuzzle_Game/GameFiles/Content/Blueprints/BP_Lazer.uasset" SILENT=true
[2017.04.25-18.09.02:837][324]LogSavePackage: Save=44.67ms
[2017.04.25-18.09.02:837][324]LogSavePackage: Moving '../../../../../../LazerPuzzle_Game/GameFiles/Saved/BP_LazerDA716D45405960177119FC95A5058997.tmp' to '../../../../../../LazerPuzzle_Game/GameFiles/Content/Blueprints/BP_Lazer.uasset'
[2017.04.25-18.09.02:840][324]LogSavePackage:Display: Finished SavePackage ../../../../../../LazerPuzzle_Game/GameFiles/Content/Blueprints/BP_Lazer.uasset
[2017.04.25-18.09.10:471][640]BlueprintLog: New page: Compile BP_Lazer
[2017.04.25-18.09.11:018][663]Cmd: OBJ SAVEPACKAGE PACKAGE="/Game/Blueprints/BP_Lazer" FILE="../../../../../../LazerPuzzle_Game/GameFiles/Content/Blueprints/BP_Lazer.uasset" SILENT=true
[2017.04.25-18.09.11:068][663]LogSavePackage: Save=44.50ms
[2017.04.25-18.09.11:068][663]LogSavePackage: Moving '../../../../../../LazerPuzzle_Game/GameFiles/Saved/BP_Lazer8BCC167F4A91AF0EA0E95CAC82D6775A.tmp' to '../../../../../../LazerPuzzle_Game/GameFiles/Content/Blueprints/BP_Lazer.uasset'
[2017.04.25-18.09.11:071][663]LogSavePackage:Display: Finished SavePackage ../../../../../../LazerPuzzle_Game/GameFiles/Content/Blueprints/BP_Lazer.uasset
[2017.04.25-18.09.13:307][874]LogTemp: Repeting last play command: Simulate
[2017.04.25-18.09.13:318][874]LogBlueprintUserMessages: Early PlayInEditor Detection: Level '/Game/StarterContent/Maps/Minimal_Default.Minimal_Default:PersistentLevel' has LevelScriptBlueprint '/Game/StarterContent/Maps/Minimal_Default.Minimal_Default:PersistentLevel.Minimal_Default' with GeneratedClass '/Game/StarterContent/Maps/Minimal_Default.Minimal_Default_C' with ClassGeneratedBy '/Game/StarterContent/Maps/Minimal_Default.Minimal_Default:PersistentLevel.Minimal_Default'
[2017.04.25-18.09.13:318][874]LogPlayLevel: PlayLevel: No blueprints needed recompiling
[2017.04.25-18.09.13:318][874]PIE: New page: SIE session: Minimal_Default (Apr 25, 2017, 10:09:13 AM)
[2017.04.25-18.09.13:318][874]LogPlayLevel: Creating play world package: /Game/StarterContent/Maps/UEDPIE_0_Minimal_Default
[2017.04.25-18.09.13:324][874]LogPlayLevel: PIE: StaticDuplicateObject took: (0.005939s)
[2017.04.25-18.09.13:324][874]LogAIModule: Creating AISystem for world Minimal_Default
[2017.04.25-18.09.13:325][874]LogPlayLevel: PIE: World Init took: (0.000891s)
[2017.04.25-18.09.13:325][874]LogPlayLevel: PIE: Created PIE world by copying editor world from /Game/StarterContent/Maps/Minimal_Default.Minimal_Default to /Game/StarterContent/Maps/UEDPIE_0_Minimal_Default.Minimal_Default (0.007101s)
[2017.04.25-18.09.13:365][874]LogInit: XAudio2 using 'Headphones (High Definition Audio Device)' : 2 channels at 48 kHz using 16 bits per sample (channel mask 0x3)
[2017.04.25-18.09.13:373][874]LogInit: FAudioDevice initialized.
[2017.04.25-18.09.13:406][874]LogLoad: Game class is 'GameModeBase'
[2017.04.25-18.09.13:408][874]LogWorld: Bringing World /Game/StarterContent/Maps/UEDPIE_0_Minimal_Default.Minimal_Default up for play (max tick rate 0) at 2017.04.25-14.09.13
[2017.04.25-18.09.13:408][874]LogWorld: Bringing up level for play took: 0.001676
[2017.04.25-18.09.13:409][874]LogGameMode: FindPlayerStart: PATHS NOT DEFINED or NO PLAYERSTART with positive rating
[2017.04.25-18.09.13:409][874]PIE: Info Play in editor start time for /Game/StarterContent/Maps/UEDPIE_0_Minimal_Default -0.721
[2017.04.25-18.09.13:423][874]LogBlueprintUserMessages: Late PlayInEditor Detection: Level '/Game/StarterContent/Maps/Minimal_Default.Minimal_Default:PersistentLevel' has LevelScriptBlueprint '/Game/StarterContent/Maps/Minimal_Default.Minimal_Default:PersistentLevel.Minimal_Default' with GeneratedClass '/Game/StarterContent/Maps/Minimal_Default.Minimal_Default_C' with ClassGeneratedBy '/Game/StarterContent/Maps/Minimal_Default.Minimal_Default:PersistentLevel.Minimal_Default'
[2017.04.25-18.09.15:614][ 89]LogBlueprintUserMessages: Early EndPlayMap Detection: Level '/Game/StarterContent/Maps/Minimal_Default.Minimal_Default:PersistentLevel' has LevelScriptBlueprint '/Game/StarterContent/Maps/Minimal_Default.Minimal_Default:PersistentLevel.Minimal_Default' with GeneratedClass '/Game/StarterContent/Maps/Minimal_Default.Minimal_Default_C' with ClassGeneratedBy '/Game/StarterContent/Maps/Minimal_Default.Minimal_Default:PersistentLevel.Minimal_Default'
[2017.04.25-18.09.15:665][ 89]LogBlueprintUserMessages: Late EndPlayMap Detection: Level '/Game/StarterContent/Maps/Minimal_Default.Minimal_Default:PersistentLevel' has LevelScriptBlueprint '/Game/StarterContent/Maps/Minimal_Default.Minimal_Default:PersistentLevel.Minimal_Default' with GeneratedClass '/Game/StarterContent/Maps/Minimal_Default.Minimal_Default_C' with ClassGeneratedBy '/Game/StarterContent/Maps/Minimal_Default.Minimal_Default:PersistentLevel.Minimal_Default'
[2017.04.25-18.09.20:337][471]BlueprintLog: New page: Compile BP_Lazer
[2017.04.25-18.09.20:731][483]Cmd: OBJ SAVEPACKAGE PACKAGE="/Game/Blueprints/BP_Lazer" FILE="../../../../../../LazerPuzzle_Game/GameFiles/Content/Blueprints/BP_Lazer.uasset" SILENT=true
[2017.04.25-18.09.20:780][483]LogSavePackage: Save=45.50ms
[2017.04.25-18.09.20:780][483]LogSavePackage: Moving '../../../../../../LazerPuzzle_Game/GameFiles/Saved/BP_Lazer03ADD41E431BEF195B450DA271C5C8E0.tmp' to '../../../../../../LazerPuzzle_Game/GameFiles/Content/Blueprints/BP_Lazer.uasset'
[2017.04.25-18.09.20:782][483]LogSavePackage:Display: Finished SavePackage ../../../../../../LazerPuzzle_Game/GameFiles/Content/Blueprints/BP_Lazer.uasset
[2017.04.25-18.09.22:761][674]LogTemp: Repeting last play command: Simulate
[2017.04.25-18.09.22:772][674]LogBlueprintUserMessages: Early PlayInEditor Detection: Level '/Game/StarterContent/Maps/Minimal_Default.Minimal_Default:PersistentLevel' has LevelScriptBlueprint '/Game/StarterContent/Maps/Minimal_Default.Minimal_Default:PersistentLevel.Minimal_Default' with GeneratedClass '/Game/StarterContent/Maps/Minimal_Default.Minimal_Default_C' with ClassGeneratedBy '/Game/StarterContent/Maps/Minimal_Default.Minimal_Default:PersistentLevel.Minimal_Default'
[2017.04.25-18.09.22:772][674]LogPlayLevel: PlayLevel: No blueprints needed recompiling
[2017.04.25-18.09.22:772][674]PIE: New page: SIE session: Minimal_Default (Apr 25, 2017, 10:09:22 AM)
[2017.04.25-18.09.22:772][674]LogPlayLevel: Creating play world package: /Game/StarterContent/Maps/UEDPIE_0_Minimal_Default
[2017.04.25-18.09.22:779][674]LogPlayLevel: PIE: StaticDuplicateObject took: (0.006549s)
[2017.04.25-18.09.22:780][674]LogAIModule: Creating AISystem for world Minimal_Default
[2017.04.25-18.09.22:780][674]LogPlayLevel: PIE: World Init took: (0.000899s)
[2017.04.25-18.09.22:780][674]LogPlayLevel: PIE: Created PIE world by copying editor world from /Game/StarterContent/Maps/Minimal_Default.Minimal_Default to /Game/StarterContent/Maps/UEDPIE_0_Minimal_Default.Minimal_Default (0.007729s)
[2017.04.25-18.09.22:820][674]LogInit: XAudio2 using 'Headphones (High Definition Audio Device)' : 2 channels at 48 kHz using 16 bits per sample (channel mask 0x3)
[2017.04.25-18.09.22:828][674]LogInit: FAudioDevice initialized.
[2017.04.25-18.09.22:859][674]LogLoad: Game class is 'GameModeBase'
[2017.04.25-18.09.22:861][674]LogWorld: Bringing World /Game/StarterContent/Maps/UEDPIE_0_Minimal_Default.Minimal_Default up for play (max tick rate 0) at 2017.04.25-14.09.22
[2017.04.25-18.09.22:861][674]LogWorld: Bringing up level for play took: 0.001713
[2017.04.25-18.09.22:861][674]LogGameMode: FindPlayerStart: PATHS NOT DEFINED or NO PLAYERSTART with positive rating
[2017.04.25-18.09.22:862][674]PIE: Info Play in editor start time for /Game/StarterContent/Maps/UEDPIE_0_Minimal_Default 0.731
[2017.04.25-18.09.22:875][674]LogBlueprintUserMessages: Late PlayInEditor Detection: Level '/Game/StarterContent/Maps/Minimal_Default.Minimal_Default:PersistentLevel' has LevelScriptBlueprint '/Game/StarterContent/Maps/Minimal_Default.Minimal_Default:PersistentLevel.Minimal_Default' with GeneratedClass '/Game/StarterContent/Maps/Minimal_Default.Minimal_Default_C' with ClassGeneratedBy '/Game/StarterContent/Maps/Minimal_Default.Minimal_Default:PersistentLevel.Minimal_Default'
[2017.04.25-18.09.23:811][754]LogEditorViewport: Clicking on Actor (LMB): BP_Lazer_C (BP_FixLazer)
[2017.04.25-18.10.04:460][441]LogBlueprintUserMessages: Early EndPlayMap Detection: Level '/Game/StarterContent/Maps/Minimal_Default.Minimal_Default:PersistentLevel' has LevelScriptBlueprint '/Game/StarterContent/Maps/Minimal_Default.Minimal_Default:PersistentLevel.Minimal_Default' with GeneratedClass '/Game/StarterContent/Maps/Minimal_Default.Minimal_Default_C' with ClassGeneratedBy '/Game/StarterContent/Maps/Minimal_Default.Minimal_Default:PersistentLevel.Minimal_Default'
[2017.04.25-18.10.04:509][441]LogBlueprintUserMessages: Late EndPlayMap Detection: Level '/Game/StarterContent/Maps/Minimal_Default.Minimal_Default:PersistentLevel' has LevelScriptBlueprint '/Game/StarterContent/Maps/Minimal_Default.Minimal_Default:PersistentLevel.Minimal_Default' with GeneratedClass '/Game/StarterContent/Maps/Minimal_Default.Minimal_Default_C' with ClassGeneratedBy '/Game/StarterContent/Maps/Minimal_Default.Minimal_Default:PersistentLevel.Minimal_Default'
[2017.04.25-18.10.09:581][843]BlueprintLog: New page: Compile BP_Lazer
[2017.04.25-18.10.09:997][857]Cmd: OBJ SAVEPACKAGE PACKAGE="/Game/Blueprints/BP_Lazer" FILE="../../../../../../LazerPuzzle_Game/GameFiles/Content/Blueprints/BP_Lazer.uasset" SILENT=true
[2017.04.25-18.10.10:046][857]LogSavePackage: Save=44.82ms
[2017.04.25-18.10.10:046][857]LogSavePackage: Moving '../../../../../../LazerPuzzle_Game/GameFiles/Saved/BP_LazerB9D1772042671516C2FC5C97EB8DE973.tmp' to '../../../../../../LazerPuzzle_Game/GameFiles/Content/Blueprints/BP_Lazer.uasset'
[2017.04.25-18.10.10:048][857]LogSavePackage:Display: Finished SavePackage ../../../../../../LazerPuzzle_Game/GameFiles/Content/Blueprints/BP_Lazer.uasset
[2017.04.25-18.10.12:151][ 58]LogTemp: Repeting last play command: Simulate
[2017.04.25-18.10.12:162][ 58]LogBlueprintUserMessages: Early PlayInEditor Detection: Level '/Game/StarterContent/Maps/Minimal_Default.Minimal_Default:PersistentLevel' has LevelScriptBlueprint '/Game/StarterContent/Maps/Minimal_Default.Minimal_Default:PersistentLevel.Minimal_Default' with GeneratedClass '/Game/StarterContent/Maps/Minimal_Default.Minimal_Default_C' with ClassGeneratedBy '/Game/StarterContent/Maps/Minimal_Default.Minimal_Default:PersistentLevel.Minimal_Default'
[2017.04.25-18.10.12:162][ 58]LogPlayLevel: PlayLevel: No blueprints needed recompiling
[2017.04.25-18.10.12:162][ 58]PIE: New page: SIE session: Minimal_Default (Apr 25, 2017, 10:10:12 AM)
[2017.04.25-18.10.12:162][ 58]LogPlayLevel: Creating play world package: /Game/StarterContent/Maps/UEDPIE_0_Minimal_Default
[2017.04.25-18.10.12:168][ 58]LogPlayLevel: PIE: StaticDuplicateObject took: (0.005851s)
[2017.04.25-18.10.12:168][ 58]LogAIModule: Creating AISystem for world Minimal_Default
[2017.04.25-18.10.12:169][ 58]LogPlayLevel: PIE: World Init took: (0.000947s)
[2017.04.25-18.10.12:169][ 58]LogPlayLevel: PIE: Created PIE world by copying editor world from /Game/StarterContent/Maps/Minimal_Default.Minimal_Default to /Game/StarterContent/Maps/UEDPIE_0_Minimal_Default.Minimal_Default (0.007028s)
[2017.04.25-18.10.12:212][ 58]LogInit: XAudio2 using 'Headphones (High Definition Audio Device)' : 2 channels at 48 kHz using 16 bits per sample (channel mask 0x3)
[2017.04.25-18.10.12:220][ 58]LogInit: FAudioDevice initialized.
[2017.04.25-18.10.12:252][ 58]LogLoad: Game class is 'GameModeBase'
[2017.04.25-18.10.12:255][ 58]LogWorld: Bringing World /Game/StarterContent/Maps/UEDPIE_0_Minimal_Default.Minimal_Default up for play (max tick rate 0) at 2017.04.25-14.10.12
[2017.04.25-18.10.12:255][ 58]LogWorld: Bringing up level for play took: 0.001743
[2017.04.25-18.10.12:255][ 58]LogGameMode: FindPlayerStart: PATHS NOT DEFINED or NO PLAYERSTART with positive rating
[2017.04.25-18.10.12:256][ 58]PIE: Info Play in editor start time for /Game/StarterContent/Maps/UEDPIE_0_Minimal_Default 0.125
[2017.04.25-18.10.12:270][ 58]LogBlueprintUserMessages: Late PlayInEditor Detection: Level '/Game/StarterContent/Maps/Minimal_Default.Minimal_Default:PersistentLevel' has LevelScriptBlueprint '/Game/StarterContent/Maps/Minimal_Default.Minimal_Default:PersistentLevel.Minimal_Default' with GeneratedClass '/Game/StarterContent/Maps/Minimal_Default.Minimal_Default_C' with ClassGeneratedBy '/Game/StarterContent/Maps/Minimal_Default.Minimal_Default:PersistentLevel.Minimal_Default'
[2017.04.25-18.10.13:248][150]LogEditorViewport: Clicking on Actor (LMB): BP_Lazer_C (BP_FixLazer)
[2017.04.25-18.10.57:735][308]LogSavePackage: Save=122.68ms
[2017.04.25-18.10.57:735][308]LogSavePackage: Moving '../../../../../../LazerPuzzle_Game/GameFiles/Saved/Minimal_Default5DF9E11B4C249CDBF2C674A334412CA0.tmp' to '../../../../../../LazerPuzzle_Game/GameFiles/Content/StarterContent/Maps/Minimal_Default.umap'
[2017.04.25-18.10.57:738][308]LogSavePackage:Display: Finished SavePackage ../../../../../../LazerPuzzle_Game/GameFiles/Content/StarterContent/Maps/Minimal_Default.umap
[2017.04.25-18.10.57:777][308]LogSavePackage: Save=10.89ms
[2017.04.25-18.10.57:777][308]LogSavePackage: Moving '../../../../../../LazerPuzzle_Game/GameFiles/Saved/Minimal_Default_BuiltData20439BFA49563BDD62786CAF2779578E.tmp' to '../../../../../../LazerPuzzle_Game/GameFiles/Content/StarterContent/Maps/Minimal_Default_BuiltData.uasset'
[2017.04.25-18.10.57:778][308]LogSavePackage:Display: Finished SavePackage ../../../../../../LazerPuzzle_Game/GameFiles/Content/StarterContent/Maps/Minimal_Default_BuiltData.uasset
[2017.04.25-18.10.59:421][480]LogBlueprintUserMessages: Early EndPlayMap Detection: Level '/Game/StarterContent/Maps/Minimal_Default.Minimal_Default:PersistentLevel' has LevelScriptBlueprint '/Game/StarterContent/Maps/Minimal_Default.Minimal_Default:PersistentLevel.Minimal_Default' with GeneratedClass '/Game/StarterContent/Maps/Minimal_Default.Minimal_Default_C' with ClassGeneratedBy '/Game/StarterContent/Maps/Minimal_Default.Minimal_Default:PersistentLevel.Minimal_Default'
[2017.04.25-18.10.59:454][480]LogBlueprintUserMessages: Late EndPlayMap Detection: Level '/Game/StarterContent/Maps/Minimal_Default.Minimal_Default:PersistentLevel' has LevelScriptBlueprint '/Game/StarterContent/Maps/Minimal_Default.Minimal_Default:PersistentLevel.Minimal_Default' with GeneratedClass '/Game/StarterContent/Maps/Minimal_Default.Minimal_Default_C' with ClassGeneratedBy '/Game/StarterContent/Maps/Minimal_Default.Minimal_Default:PersistentLevel.Minimal_Default'
[2017.04.25-18.10.59:592][481]Cmd: QUIT_EDITOR
[2017.04.25-18.10.59:682][481]LogWindowsTextInputMethodSystem:Display: IME system now deactivated.
[2017.04.25-18.10.59:707][481]LogExit: Preparing to exit.
[2017.04.25-18.11.00:043][481]LogDirectoryWatcher: A directory notification for 'D:/LazerPuzzle_Game/GameFiles/Content/' was aborted.
[2017.04.25-18.11.00:078][481]LogExit: Editor shut down
[2017.04.25-18.11.00:078][481]LogExit: Transaction tracking system shut down
[2017.04.25-18.11.00:165][481]LogObj: Freed 0b from 0 cluster array pools.
[2017.04.25-18.11.00:165][481]LogExit: Object subsystem successfully closed.
[2017.04.25-18.11.00:181][481]LogD3D11RHI: Shutdown
[2017.04.25-18.11.00:181][481]LogD3D11RHI: CleanupD3DDevice
[2017.04.25-18.11.00:262][481]LogD3D11RHI: ~FD3D11DynamicRHI
[2017.04.25-18.11.00:269][481]LogModuleManager: Shutting down and abandoning module BlueprintGraph (506)
[2017.04.25-18.11.00:269][481]LogModuleManager: Shutting down and abandoning module BlueprintProfiler (504)
[2017.04.25-18.11.00:269][481]LogModuleManager: Shutting down and abandoning module MovieSceneCapture (502)
[2017.04.25-18.11.00:269][481]LogModuleManager: Shutting down and abandoning module HierarchicalLODOutliner (500)
[2017.04.25-18.11.00:269][481]LogModuleManager: Shutting down and abandoning module CrashTracker (498)
[2017.04.25-18.11.00:269][481]LogModuleManager: Shutting down and abandoning module WorldBrowser (496)
[2017.04.25-18.11.00:269][481]LogModuleManager: Shutting down and abandoning module SceneOutliner (494)
[2017.04.25-18.11.00:269][481]LogModuleManager: Shutting down and abandoning module AddContentDialog (492)
[2017.04.25-18.11.00:270][481]LogDirectoryWatcher: A directory notification for 'D:/Program Files/Epic Games/UE_4.15/FeaturePacks/' was aborted.
[2017.04.25-18.11.00:271][481]LogModuleManager: Shutting down and abandoning module WidgetCarousel (491)
[2017.04.25-18.11.00:271][481]LogModuleManager: Shutting down and abandoning module EditorWidgets (488)
[2017.04.25-18.11.00:271][481]LogModuleManager: Shutting down and abandoning module CollectionManager (486)
[2017.04.25-18.11.00:271][481]LogDirectoryWatcher: A directory notification for 'D:/LazerPuzzle_Game/GameFiles/Content/Collections/' was aborted.
[2017.04.25-18.11.00:271][481]LogDirectoryWatcher: A directory notification for 'D:/LazerPuzzle_Game/GameFiles/Content/Developers/Seagull/Collections/' was aborted.
[2017.04.25-18.11.00:271][481]LogDirectoryWatcher: A directory notification for 'D:/LazerPuzzle_Game/GameFiles/Saved/Collections/' was aborted.
[2017.04.25-18.11.00:271][481]LogModuleManager: Shutting down and abandoning module StatsViewer (484)
[2017.04.25-18.11.00:271][481]LogModuleManager: Shutting down and abandoning module FoliageEdit (482)
[2017.04.25-18.11.00:271][481]LogModuleManager: Shutting down and abandoning module LandscapeEditor (480)
[2017.04.25-18.11.00:271][481]LogModuleManager: Shutting down and abandoning module SceneDepthPickerMode (478)
[2017.04.25-18.11.00:271][481]LogModuleManager: Shutting down and abandoning module ActorPickerMode (476)
[2017.04.25-18.11.00:271][481]LogModuleManager: Shutting down and abandoning module GeometryMode (474)
[2017.04.25-18.11.00:271][481]LogModuleManager: Shutting down and abandoning module TextureAlignMode (472)
[2017.04.25-18.11.00:271][481]LogModuleManager: Shutting down and abandoning module BspMode (470)
[2017.04.25-18.11.00:271][481]LogModuleManager: Shutting down and abandoning module HardwareSurvey (468)
[2017.04.25-18.11.00:271][481]LogModuleManager: Shutting down and abandoning module SequenceRecorderSections (466)
[2017.04.25-18.11.00:271][481]LogModuleManager: Shutting down and abandoning module AutomationWorker (464)
[2017.04.25-18.11.00:271][481]LogModuleManager: Shutting down and abandoning module MatineeToLevelSequence (462)
[2017.04.25-18.11.00:271][481]LogModuleManager: Shutting down and abandoning module LevelSequenceEditor (460)
[2017.04.25-18.11.00:271][481]LogModuleManager: Shutting down and abandoning module PlacementMode (459)
[2017.04.25-18.11.00:271][481]LogModuleManager: Shutting down and abandoning module WmfMediaFactory (456)
[2017.04.25-18.11.00:271][481]LogModuleManager: Shutting down and abandoning module WmfMediaEditor (454)
[2017.04.25-18.11.00:271][481]LogModuleManager: Shutting down and abandoning module MfMediaFactory (452)
[2017.04.25-18.11.00:271][481]LogModuleManager: Shutting down and abandoning module MfMediaEditor (450)
[2017.04.25-18.11.00:271][481]LogModuleManager: Shutting down and abandoning module AvfMediaFactory (448)
[2017.04.25-18.11.00:271][481]LogModuleManager: Shutting down and abandoning module AvfMediaEditor (446)
[2017.04.25-18.11.00:271][481]LogModuleManager: Shutting down and abandoning module AndroidMediaFactory (444)
[2017.04.25-18.11.00:271][481]LogModuleManager: Shutting down and abandoning module Media (443)
[2017.04.25-18.11.00:271][481]LogModuleManager: Shutting down and abandoning module AndroidMediaEditor (440)
[2017.04.25-18.11.00:271][481]LogModuleManager: Shutting down and abandoning module CharacterAI (438)
[2017.04.25-18.11.00:271][481]LogModuleManager: Shutting down and abandoning module AudioCapture (436)
[2017.04.25-18.11.00:271][481]LogModuleManager: Shutting down and abandoning module SequenceRecorder (435)
[2017.04.25-18.11.00:271][481]LogModuleManager: Shutting down and abandoning module SmartSnapping (432)
[2017.04.25-18.11.00:271][481]LogModuleManager: Shutting down and abandoning module SessionServices (430)
[2017.04.25-18.11.00:271][481]LogModuleManager: Shutting down and abandoning module ViewportSnapping (428)
[2017.04.25-18.11.00:271][481]LogModuleManager: Shutting down and abandoning module ViewportInteraction (426)
[2017.04.25-18.11.00:271][481]LogModuleManager: Shutting down and abandoning module LogVisualizer (424)
[2017.04.25-18.11.00:271][481]LogModuleManager: Shutting down and abandoning module IntroTutorials (422)
[2017.04.25-18.11.00:271][481]LogModuleManager: Shutting down and abandoning module GameProjectGeneration (421)
[2017.04.25-18.11.00:271][481]LogModuleManager: Shutting down and abandoning module EditorLiveStreaming (418)
[2017.04.25-18.11.00:271][481]LogModuleManager: Shutting down and abandoning module IOSPlatformEditor (416)
[2017.04.25-18.11.00:271][481]LogModuleManager: Shutting down and abandoning module HTML5PlatformEditor (414)
[2017.04.25-18.11.00:271][481]LogModuleManager: Shutting down and abandoning module AndroidPlatformEditor (412)
[2017.04.25-18.11.00:271][481]LogModuleManager: Shutting down and abandoning module AndroidDeviceDetection (411)
[2017.04.25-18.11.00:423][481]LogModuleManager: Shutting down and abandoning module IOSRuntimeSettings (408)
[2017.04.25-18.11.00:423][481]LogModuleManager: Shutting down and abandoning module AndroidRuntimeSettings (406)
[2017.04.25-18.11.00:423][481]LogModuleManager: Shutting down and abandoning module InputBindingEditor (404)
[2017.04.25-18.11.00:423][481]LogModuleManager: Shutting down and abandoning module NiagaraEditor (402)
[2017.04.25-18.11.00:423][481]LogModuleManager: Shutting down and abandoning module MergeActors (400)
[2017.04.25-18.11.00:423][481]LogModuleManager: Shutting down and abandoning module SizeMap (398)
[2017.04.25-18.11.00:423][481]LogModuleManager: Shutting down and abandoning module TreeMap (396)
[2017.04.25-18.11.00:423][481]LogModuleManager: Shutting down and abandoning module ReferenceViewer (394)
[2017.04.25-18.11.00:423][481]LogModuleManager: Shutting down and abandoning module LocalizationDashboard (392)
[2017.04.25-18.11.00:423][481]LogModuleManager: Shutting down and abandoning module LocalizationService (391)
[2017.04.25-18.11.00:423][481]LogModuleManager: Shutting down and abandoning module HardwareTargeting (388)
[2017.04.25-18.11.00:423][481]LogModuleManager: Shutting down and abandoning module DeviceProfileEditor (386)
[2017.04.25-18.11.00:423][481]LogModuleManager: Shutting down and abandoning module UndoHistory (384)
[2017.04.25-18.11.00:423][481]LogModuleManager: Shutting down and abandoning module UserFeedback (382)
[2017.04.25-18.11.00:423][481]LogModuleManager: Shutting down and abandoning module XmlParser (380)
[2017.04.25-18.11.00:423][481]LogModuleManager: Shutting down and abandoning module Blutility (378)
[2017.04.25-18.11.00:423][481]LogModuleManager: Shutting down and abandoning module ProjectSettingsViewer (376)
[2017.04.25-18.11.00:423][481]LogModuleManager: Shutting down and abandoning module ProjectTargetPlatformEditor (375)
[2017.04.25-18.11.00:423][481]LogModuleManager: Shutting down and abandoning module EditorSettingsViewer (372)
[2017.04.25-18.11.00:423][481]LogModuleManager: Shutting down and abandoning module SettingsEditor (370)
[2017.04.25-18.11.00:423][481]LogModuleManager: Shutting down and abandoning module ProjectLauncher (368)
[2017.04.25-18.11.00:423][481]LogModuleManager: Shutting down and abandoning module SessionFrontend (366)
[2017.04.25-18.11.00:423][481]LogModuleManager: Shutting down and abandoning module ProfilerClient (364)
[2017.04.25-18.11.00:423][481]LogModuleManager: Shutting down and abandoning module DeviceManager (362)
[2017.04.25-18.11.00:423][481]LogModuleManager: Shutting down and abandoning module TargetDeviceServices (361)
[2017.04.25-18.11.00:476][481]LogModuleManager: Shutting down and abandoning module AutomationController (358)
[2017.04.25-18.11.00:476][481]LogModuleManager: Shutting down and abandoning module AutomationWindow (356)
[2017.04.25-18.11.00:476][481]LogModuleManager: Shutting down and abandoning module Layers (354)
[2017.04.25-18.11.00:476][481]LogModuleManager: Shutting down and abandoning module ComponentVisualizers (352)
[2017.04.25-18.11.00:476][481]LogModuleManager: Shutting down and abandoning module DetailCustomizations (350)
[2017.04.25-18.11.00:476][481]LogModuleManager: Shutting down and abandoning module PackagesDialog (348)
[2017.04.25-18.11.00:476][481]LogModuleManager: Shutting down and abandoning module Persona (346)
[2017.04.25-18.11.00:476][481]LogModuleManager: Shutting down and abandoning module AnimGraph (345)
[2017.04.25-18.11.00:476][481]LogModuleManager: Shutting down and abandoning module Kismet (342)
[2017.04.25-18.11.00:482][481]LogModuleManager: Shutting down and abandoning module GraphEditor (340)
[2017.04.25-18.11.00:482][481]LogModuleManager: Shutting down and abandoning module ClassViewer (338)
[2017.04.25-18.11.00:482][481]LogModuleManager: Shutting down and abandoning module Toolbox (336)
[2017.04.25-18.11.00:482][481]LogModuleManager: Shutting down and abandoning module ModuleUI (334)
[2017.04.25-18.11.00:482][481]LogModuleManager: Shutting down and abandoning module MovieSceneTools (332)
[2017.04.25-18.11.00:482][481]LogModuleManager: Shutting down and abandoning module OutputLog (330)
[2017.04.25-18.11.00:482][481]LogModuleManager: Shutting down and abandoning module GammaUI (328)
[2017.04.25-18.11.00:482][481]LogModuleManager: Shutting down and abandoning module Documentation (326)
[2017.04.25-18.11.00:482][481]LogModuleManager: Shutting down and abandoning module Niagara (324)
[2017.04.25-18.11.00:482][481]LogModuleManager: Shutting down and abandoning module StreamingPauseRendering (322)
[2017.04.25-18.11.00:482][481]LogModuleManager: Shutting down and abandoning module AnalyticsET (320)
[2017.04.25-18.11.00:482][481]LogModuleManager: Shutting down and abandoning module PortalServices (318)
[2017.04.25-18.11.00:482][481]LogModuleManager: Shutting down and abandoning module PortalRpc (316)
[2017.04.25-18.11.00:482][481]LogModuleManager: Shutting down and abandoning module MessagingRpc (314)
[2017.04.25-18.11.00:482][481]LogModuleManager: Shutting down and abandoning module AIModule (312)
[2017.04.25-18.11.00:482][481]LogModuleManager: Shutting down and abandoning module GameplayDebugger (311)
[2017.04.25-18.11.00:482][481]LogModuleManager: Shutting down and abandoning module AITestSuite (309)
[2017.04.25-18.11.00:482][481]LogModuleManager: Shutting down and abandoning module ProfilerService (306)
[2017.04.25-18.11.00:558][481]LogModuleManager: Shutting down and abandoning module TaskGraph (304)
[2017.04.25-18.11.00:558][481]LogModuleManager: Shutting down and abandoning module SteamVRController (302)
[2017.04.25-18.11.00:558][481]LogModuleManager: Shutting down and abandoning module SteamVR (300)
[2017.04.25-18.11.00:558][481]LogModuleManager: Shutting down and abandoning module ProceduralMeshComponentEditor (298)
[2017.04.25-18.11.00:558][481]LogModuleManager: Shutting down and abandoning module ProceduralMeshComponent (296)
[2017.04.25-18.11.00:558][481]LogModuleManager: Shutting down and abandoning module OculusLibrary (294)
[2017.04.25-18.11.00:558][481]LogModuleManager: Shutting down and abandoning module OculusInput (292)
[2017.04.25-18.11.00:558][481]LogModuleManager: Shutting down and abandoning module MobilePatchingUtils (290)
[2017.04.25-18.11.00:558][481]LogModuleManager: Shutting down and abandoning module CustomMeshComponent (288)
[2017.04.25-18.11.00:558][481]LogModuleManager: Shutting down and abandoning module CableComponent (286)
[2017.04.25-18.11.00:558][481]LogModuleManager: Shutting down and abandoning module ArchVisCharacter (284)
[2017.04.25-18.11.00:558][481]LogModuleManager: Shutting down and abandoning module MediaPlayerEditor (280)
[2017.04.25-18.11.00:558][481]LogModuleManager: Shutting down and abandoning module HTML5Networking (278)
[2017.04.25-18.11.00:558][481]LogModuleManager: Shutting down and abandoning module AlembicImporter (276)
[2017.04.25-18.11.00:558][481]LogModuleManager: Shutting down and abandoning module AlembicLibrary (275)
[2017.04.25-18.11.00:558][481]LogModuleManager: Shutting down and abandoning module GeometryCache (274)
[2017.04.25-18.11.00:558][481]LogModuleManager: Shutting down and abandoning module GeometryCacheEd (273)
[2017.04.25-18.11.00:558][481]LogModuleManager: Shutting down and abandoning module SuperSearchEditor (268)
[2017.04.25-18.11.00:558][481]LogModuleManager: Shutting down and abandoning module SuperSearch (267)
[2017.04.25-18.11.00:558][481]LogModuleManager: Shutting down and abandoning module SpeedTreeImporter (264)
[2017.04.25-18.11.00:558][481]LogModuleManager: Shutting down and abandoning module PluginBrowser (262)
[2017.04.25-18.11.00:558][481]LogModuleManager: Shutting down and abandoning module MobileLauncherProfileWizard (260)
[2017.04.25-18.11.00:558][481]LogModuleManager: Shutting down and abandoning module EpicSurvey (258)
[2017.04.25-18.11.00:558][481]LogModuleManager: Shutting down and abandoning module VisualStudioSourceCodeAccess (256)
[2017.04.25-18.11.00:558][481]LogModuleManager: Shutting down and abandoning module DesktopPlatform (255)
[2017.04.25-18.11.00:558][481]LogModuleManager: Shutting down and abandoning module UObjectPlugin (252)
[2017.04.25-18.11.00:558][481]LogModuleManager: Shutting down and abandoning module SubversionSourceControl (250)
[2017.04.25-18.11.00:558][481]LogModuleManager: Shutting down and abandoning module PerforceSourceControl (248)
[2017.04.25-18.11.00:558][481]LogModuleManager: Shutting down and abandoning module GitSourceControl (246)
[2017.04.25-18.11.00:558][481]LogModuleManager: Shutting down and abandoning module SourceControl (245)
[2017.04.25-18.11.00:559][481]LogModuleManager: Shutting down and abandoning module LightPropagationVolumeEditor (242)
[2017.04.25-18.11.00:559][481]LogModuleManager: Shutting down and abandoning module PaperTiledImporter (240)
[2017.04.25-18.11.00:559][481]LogModuleManager: Shutting down and abandoning module PaperSpriteSheetImporter (238)
[2017.04.25-18.11.00:559][481]LogModuleManager: Shutting down and abandoning module Paper2DEditor (236)
[2017.04.25-18.11.00:559][481]LogModuleManager: Shutting down and abandoning module MeshPaint (235)
[2017.04.25-18.11.00:559][481]LogModuleManager: Shutting down and abandoning module LevelEditor (233)
[2017.04.25-18.11.00:559][481]LogModuleManager: Shutting down and abandoning module PixelInspectorModule (232)
[2017.04.25-18.11.00:559][481]LogModuleManager: Shutting down and abandoning module MainFrame (230)
[2017.04.25-18.11.00:559][481]LogModuleManager: Shutting down and abandoning module HotReload (229)
[2017.04.25-18.11.00:560][481]LogModuleManager: Shutting down and abandoning module ContentBrowser (225)
[2017.04.25-18.11.00:561][481]LogModuleManager: Shutting down and abandoning module PhysXVehiclesEditor (222)
[2017.04.25-18.11.00:561][481]LogModuleManager: Shutting down and abandoning module PhysXVehicles (220)
[2017.04.25-18.11.00:561][481]LogModuleManager: Shutting down and abandoning module LocationServicesBPLibrary (218)
[2017.04.25-18.11.00:561][481]LogModuleManager: Shutting down and abandoning module UdpMessaging (216)
[2017.04.25-18.11.00:662][481]LogModuleManager: Shutting down and abandoning module TcpMessaging (214)
[2017.04.25-18.11.00:886][481]LogModuleManager: Shutting down and abandoning module GameplayTagsEditor (212)
[2017.04.25-18.11.00:886][481]LogModuleManager: Shutting down and abandoning module FacialAnimationEditor (210)
[2017.04.25-18.11.00:886][481]LogModuleManager: Shutting down and abandoning module FacialAnimation (208)
[2017.04.25-18.11.00:886][481]LogModuleManager: Shutting down and abandoning module LightPropagationVolumeRuntime (206)
[2017.04.25-18.11.00:886][481]LogModuleManager: Shutting down and abandoning module Paper2D (204)
[2017.04.25-18.11.00:886][481]LogModuleManager: Shutting down and abandoning module WindowsMoviePlayer (202)
[2017.04.25-18.11.00:886][481]LogModuleManager: Shutting down and abandoning module WmfMedia (200)
[2017.04.25-18.11.00:886][481]LogModuleManager: Shutting down and abandoning module MfMedia (198)
[2017.04.25-18.11.00:886][481]LogModuleManager: Shutting down and abandoning module MediaAssets (196)
[2017.04.25-18.11.00:886][481]LogModuleManager: Shutting down and abandoning module GameLiveStreaming (194)
[2017.04.25-18.11.00:886][481]LogModuleManager: Shutting down and abandoning module VREditor (192)
[2017.04.25-18.11.00:886][481]LogModuleManager: Shutting down and abandoning module GameplayTasksEditor (190)
[2017.04.25-18.11.00:886][481]LogModuleManager: Shutting down and abandoning module BehaviorTreeEditor (188)
[2017.04.25-18.11.00:886][481]LogModuleManager: Shutting down and abandoning module FunctionalTesting (186)
[2017.04.25-18.11.00:886][481]LogModuleManager: Shutting down and abandoning module CollisionAnalyzer (184)
[2017.04.25-18.11.00:886][481]LogModuleManager: Shutting down and abandoning module UMG (182)
[2017.04.25-18.11.00:886][481]LogModuleManager: Shutting down and abandoning module UMGEditor (181)
[2017.04.25-18.11.00:886][481]LogModuleManager: Shutting down and abandoning module Sequencer (180)
[2017.04.25-18.11.00:886][481]LogModuleManager: Shutting down and abandoning module AssetTools (178)
[2017.04.25-18.11.00:886][481]LogModuleManager: Shutting down and abandoning module MessageLog (177)
[2017.04.25-18.11.00:886][481]LogModuleManager: Shutting down and abandoning module WorkspaceMenuStructure (176)
[2017.04.25-18.11.00:886][481]LogModuleManager: Shutting down and abandoning module SlateReflector (170)
[2017.04.25-18.11.00:886][481]LogModuleManager: Shutting down and abandoning module Slate (168)
[2017.04.25-18.11.00:886][481]LogModuleManager: Shutting down and abandoning module EditorStyle (166)
[2017.04.25-18.11.00:888][481]LogModuleManager: Shutting down and abandoning module SourceCodeAccess (164)
[2017.04.25-18.11.00:888][481]LogModuleManager: Shutting down and abandoning module HeadMountedDisplay (162)
[2017.04.25-18.11.00:888][481]LogModuleManager: Shutting down and abandoning module XAudio2 (160)
[2017.04.25-18.11.00:888][481]LogModuleManager: Shutting down and abandoning module Networking (158)
[2017.04.25-18.11.00:888][481]LogModuleManager: Shutting down and abandoning module Core (154)
[2017.04.25-18.11.00:888][481]LogModuleManager: Shutting down and abandoning module AssetRegistry (152)
[2017.04.25-18.11.01:022][481]LogDirectoryWatcher: A directory notification for '../../../Engine/Content/' was aborted.
[2017.04.25-18.11.01:022][481]LogDirectoryWatcher: A directory notification for '../../../../../../LazerPuzzle_Game/GameFiles/Content/' was aborted.
[2017.04.25-18.11.01:022][481]LogDirectoryWatcher: A directory notification for '../../../Engine/Plugins/2D/Paper2D/Content/' was aborted.
[2017.04.25-18.11.01:022][481]LogModuleManager: Shutting down and abandoning module DirectoryWatcher (151)
[2017.04.25-18.11.01:023][481]LogModuleManager: Shutting down and abandoning module KismetCompiler (148)
[2017.04.25-18.11.01:023][481]LogModuleManager: Shutting down and abandoning module PhysXFormats (146)
[2017.04.25-18.11.01:023][481]LogModuleManager: Shutting down and abandoning module MeshUtilities (144)
[2017.04.25-18.11.01:023][481]LogModuleManager: Shutting down and abandoning module SimplygonSwarm (143)
[2017.04.25-18.11.01:023][481]LogModuleManager: Shutting down and abandoning module SimplygonMeshReduction (141)
[2017.04.25-18.11.01:023][481]LogModuleManager: Shutting down and abandoning module QuadricMeshReduction (139)
[2017.04.25-18.11.01:023][481]LogModuleManager: Shutting down and abandoning module PropertyEditor (137)
[2017.04.25-18.11.01:023][481]LogModuleManager: Shutting down and abandoning module DerivedDataCache (134)
[2017.04.25-18.11.01:061][481]LogDerivedDataCache: Shutdown
[2017.04.25-18.11.01:061][481]LogModuleManager: Shutting down and abandoning module TargetPlatform (132)
[2017.04.25-18.11.01:061][481]LogModuleManager: Shutting down and abandoning module VulkanShaderFormat (131)
[2017.04.25-18.11.01:061][481]LogModuleManager: Shutting down and abandoning module ShaderFormatOpenGL (129)
[2017.04.25-18.11.01:061][481]LogModuleManager: Shutting down and abandoning module ShaderFormatD3D (127)
[2017.04.25-18.11.01:061][481]LogModuleManager: Shutting down and abandoning module MetalShaderFormat (125)
[2017.04.25-18.11.01:061][481]LogModuleManager: Shutting down and abandoning module TextureFormatUncompressed (123)
[2017.04.25-18.11.01:061][481]LogModuleManager: Shutting down and abandoning module TextureFormatPVR (121)
[2017.04.25-18.11.01:061][481]LogModuleManager: Shutting down and abandoning module TextureFormatDXT (119)
[2017.04.25-18.11.01:061][481]LogModuleManager: Shutting down and abandoning module TextureFormatIntelISPCTexComp (117)
[2017.04.25-18.11.01:061][481]LogModuleManager: Shutting down and abandoning module TextureFormatASTC (115)
[2017.04.25-18.11.01:061][481]LogModuleManager: Shutting down and abandoning module ImageWrapper (114)
[2017.04.25-18.11.01:061][481]LogModuleManager: Shutting down and abandoning module TextureFormatAndroid (111)
[2017.04.25-18.11.01:061][481]LogModuleManager: Shutting down and abandoning module AudioFormatOpus (109)
[2017.04.25-18.11.01:061][481]LogModuleManager: Shutting down and abandoning module AudioFormatOgg (107)
[2017.04.25-18.11.01:061][481]LogModuleManager: Shutting down and abandoning module AudioFormatADPCM (105)
[2017.04.25-18.11.01:061][481]LogModuleManager: Shutting down and abandoning module LinuxTargetPlatform (103)
[2017.04.25-18.11.01:061][481]LogModuleManager: Shutting down and abandoning module LinuxServerTargetPlatform (101)
[2017.04.25-18.11.01:061][481]LogModuleManager: Shutting down and abandoning module LinuxNoEditorTargetPlatform (99)
[2017.04.25-18.11.01:061][481]LogModuleManager: Shutting down and abandoning module LinuxClientTargetPlatform (97)
[2017.04.25-18.11.01:061][481]LogModuleManager: Shutting down and abandoning module TVOSTargetPlatform (95)
[2017.04.25-18.11.01:061][481]LogModuleManager: Shutting down and abandoning module Messaging (93)
[2017.04.25-18.11.01:061][481]LogModuleManager: Shutting down and abandoning module IOSTargetPlatform (91)
[2017.04.25-18.11.01:061][481]LogModuleManager: Shutting down and abandoning module HTML5TargetPlatform (89)
[2017.04.25-18.11.01:061][481]LogModuleManager: Shutting down and abandoning module Android_PVRTCTargetPlatform (87)
[2017.04.25-18.11.01:061][481]LogModuleManager: Shutting down and abandoning module Android_MultiTargetPlatform (85)
[2017.04.25-18.11.01:061][481]LogModuleManager: Shutting down and abandoning module Android_ETC2TargetPlatform (83)
[2017.04.25-18.11.01:061][481]LogModuleManager: Shutting down and abandoning module Android_ETC1TargetPlatform (81)
[2017.04.25-18.11.01:061][481]LogModuleManager: Shutting down and abandoning module Android_DXTTargetPlatform (79)
[2017.04.25-18.11.01:061][481]LogModuleManager: Shutting down and abandoning module Android_ATCTargetPlatform (77)
[2017.04.25-18.11.01:061][481]LogModuleManager: Shutting down and abandoning module Android_ASTCTargetPlatform (75)
[2017.04.25-18.11.01:061][481]LogModuleManager: Shutting down and abandoning module AndroidTargetPlatform (73)
[2017.04.25-18.11.01:061][481]LogModuleManager: Shutting down and abandoning module WindowsTargetPlatform (71)
[2017.04.25-18.11.01:061][481]LogModuleManager: Shutting down and abandoning module WindowsServerTargetPlatform (69)
[2017.04.25-18.11.01:061][481]LogModuleManager: Shutting down and abandoning module WindowsNoEditorTargetPlatform (67)
[2017.04.25-18.11.01:061][481]LogModuleManager: Shutting down and abandoning module WindowsClientTargetPlatform (65)
[2017.04.25-18.11.01:061][481]LogModuleManager: Shutting down and abandoning module MacTargetPlatform (63)
[2017.04.25-18.11.01:061][481]LogModuleManager: Shutting down and abandoning module MacServerTargetPlatform (61)
[2017.04.25-18.11.01:061][481]LogModuleManager: Shutting down and abandoning module MacNoEditorTargetPlatform (59)
[2017.04.25-18.11.01:061][481]LogModuleManager: Shutting down and abandoning module MacClientTargetPlatform (57)
[2017.04.25-18.11.01:061][481]LogModuleManager: Shutting down and abandoning module AllDesktopTargetPlatform (55)
[2017.04.25-18.11.01:061][481]LogModuleManager: Shutting down and abandoning module InputCore (52)
[2017.04.25-18.11.01:061][481]LogModuleManager: Shutting down and abandoning module Settings (50)
[2017.04.25-18.11.01:061][481]LogModuleManager: Shutting down and abandoning module OculusRift (48)
[2017.04.25-18.11.01:061][481]LogModuleManager: Shutting down and abandoning module GearVR (46)
[2017.04.25-18.11.01:061][481]LogModuleManager: Shutting down and abandoning module ExampleDeviceProfileSelector (44)
[2017.04.25-18.11.01:061][481]LogModuleManager: Shutting down and abandoning module OnlineBlueprintSupport (42)
[2017.04.25-18.11.01:061][481]LogModuleManager: Shutting down and abandoning module OnlineSubsystem (38)
[2017.04.25-18.11.01:061][481]LogOnline:Display: Unloading online subsystem: NULL
[2017.04.25-18.11.01:061][481]LogModuleManager: Shutting down and abandoning module XMPP (37)
[2017.04.25-18.11.01:061][481]LogModuleManager: Shutting down and abandoning module HTTP (35)
[2017.04.25-18.11.01:061][481]LogHttp:Display: Http module shutting down, but needs to wait on 1 outstanding Http requests:
[2017.04.25-18.11.01:061][481]LogHttp:Display: 	verb=[POST] url=[https://datarouter.ol.epicgames.com/datarouter/api/v1/public/data?SessionID=%7B50430B33-4D7E-5D4F-B1DA-E1BCE9D53AD3%7D&AppID=UEEditor.Rocket.Release&AppVersion=4.15.1-3348071%2B%2B%2BUE4%2BRelease-4.15&UserID=8b605f9c42795b9827358aadddc493db%7C3c81349b64114c04ae0be1cab1184ba2%7C49b3139a-08df-4afe-9635-ab4949690b77&AppEnvironment=datacollector-binary&UploadType=eteventstream] status=Processing
[2017.04.25-18.11.01:073][481]LogModuleManager: Shutting down and abandoning module SSL (34)
[2017.04.25-18.11.01:074][481]LogModuleManager: Shutting down and abandoning module AudioEditor (30)
[2017.04.25-18.11.01:074][481]LogModuleManager: Shutting down and abandoning module TextureCompressor (28)
[2017.04.25-18.11.01:074][481]LogModuleManager: Shutting down and abandoning module ShaderCore (26)
[2017.04.25-18.11.01:074][481]LogModuleManager: Shutting down and abandoning module Landscape (24)
[2017.04.25-18.11.01:074][481]LogModuleManager: Shutting down and abandoning module SlateRHIRenderer (22)
[2017.04.25-18.11.01:076][481]LogModuleManager: Shutting down and abandoning module OpenGLDrv (20)
[2017.04.25-18.11.01:076][481]LogModuleManager: Shutting down and abandoning module D3D11RHI (18)
[2017.04.25-18.11.01:076][481]LogModuleManager: Shutting down and abandoning module AnimGraphRuntime (16)
[2017.04.25-18.11.01:076][481]LogModuleManager: Shutting down and abandoning module Renderer (14)
[2017.04.25-18.11.01:076][481]LogModuleManager: Shutting down and abandoning module Engine (12)
[2017.04.25-18.11.01:076][481]LogModuleManager: Shutting down and abandoning module CoreUObject (10)
[2017.04.25-18.11.01:076][481]LogModuleManager: Shutting down and abandoning module NetworkFile (8)
[2017.04.25-18.11.01:076][481]LogModuleManager: Shutting down and abandoning module StreamingFile (6)
[2017.04.25-18.11.01:076][481]LogModuleManager: Shutting down and abandoning module SandboxFile (4)
[2017.04.25-18.11.01:076][481]LogModuleManager: Shutting down and abandoning module PakFile (2)
[2017.04.25-18.11.01:077][481]LogExit: Exiting.
[2017.04.25-18.11.01:082][481]Log file closed, 04/25/17 14:11:01
